============================================================
  Generated by:           Genus(TM) Synthesis Solution 21.19-s055_1
  Generated on:           Apr 07 2026  06:12:37 pm
  Module:                 pure_quat_conv2d_3x3_core
  Technology libraries:   fast_vdd1v0 1.0
                          fast_vdd1v2 1.0
                          slow_vdd1v0 1.0
                          slow_vdd1v2 1.0
  Operating conditions:   PVT_1P1V_0C (balanced_tree)
  Wireload mode:          enclosed
  Area mode:              timing library
============================================================

                                    
    Gate      Instances     Area        Library    
---------------------------------------------------
ADDFX1LVT          2376   12188.880    fast_vdd1v0 
ADDHX1LVT           823    3096.126    fast_vdd1v0 
AND2X1LVT             3       4.104    fast_vdd1v0 
AND2X2LVT             2       3.420    fast_vdd1v0 
AND2XLLVT             9      12.312    fast_vdd1v0 
AND3XLLVT             1       2.052    fast_vdd1v0 
AO21XLLVT             2       4.788    fast_vdd1v0 
AO22XLLVT           578    1581.408    fast_vdd1v0 
AOI211XLLVT           1       2.052    fast_vdd1v0 
AOI21X1LVT           29      49.590    fast_vdd1v0 
AOI21XLLVT            6      10.260    fast_vdd1v0 
AOI22X1LVT         1167    2394.684    fast_vdd1v0 
AOI22XLLVT         1085    2226.420    fast_vdd1v0 
AOI2BB1XLLVT          1       2.052    fast_vdd1v0 
AOI32X1LVT           81     193.914    fast_vdd1v0 
AOI33XLLVT            1       2.394    fast_vdd1v0 
CLKINVX4LVT           1       1.710    fast_vdd1v0 
CLKINVX6LVT           8      19.152    fast_vdd1v0 
CLKINVX8LVT          10      30.780    fast_vdd1v0 
CLKXOR2X1LVT         81     221.616    fast_vdd1v0 
DFFRHQX1LVT         591    3638.196    fast_vdd1v0 
DFFRX1LVT           563    3850.920    fast_vdd1v0 
INVX1LVT           1148     785.232    fast_vdd1v0 
INVX8LVT              1       3.078    fast_vdd1v0 
INVXLLVT            372     254.448    fast_vdd1v0 
MXI2XLLVT           196     469.224    fast_vdd1v0 
NAND2BX1LVT          96     131.328    fast_vdd1v0 
NAND2BXLLVT          14      19.152    fast_vdd1v0 
NAND2X1LVT          418     428.868    fast_vdd1v0 
NAND2XLLVT          475     487.350    fast_vdd1v0 
NAND3BXLLVT           4       6.840    fast_vdd1v0 
NAND3X1LVT           82     140.220    fast_vdd1v0 
NAND4BX1LVT           2       4.788    fast_vdd1v0 
NAND4XLLVT            4       6.840    fast_vdd1v0 
NOR2BX1LVT          279     381.672    fast_vdd1v0 
NOR2X1LVT           203     208.278    fast_vdd1v0 
NOR2XLLVT           331     339.606    fast_vdd1v0 
NOR3X1LVT            58      99.180    fast_vdd1v0 
NOR4X1LVT             1       1.710    fast_vdd1v0 
OA21X1LVT             4       8.208    fast_vdd1v0 
OAI211X1LVT         203     347.130    fast_vdd1v0 
OAI21X1LVT          536     916.560    fast_vdd1v0 
OAI21XLLVT           46      78.660    fast_vdd1v0 
OAI221X1LVT        1459    3492.846    fast_vdd1v0 
OAI222XLLVT        1053    2881.008    fast_vdd1v0 
OAI22X1LVT          145     297.540    fast_vdd1v0 
OAI22XLLVT           32      65.664    fast_vdd1v0 
OAI2BB1X1LVT        500     855.000    fast_vdd1v0 
OAI31X1LVT            4       8.208    fast_vdd1v0 
OAI32X1LVT          326     780.444    fast_vdd1v0 
OR2X1LVT             29      39.672    fast_vdd1v0 
OR2XLLVT            119     162.792    fast_vdd1v0 
OR3X1LVT             25      51.300    fast_vdd1v0 
OR3XLLVT              1       2.052    fast_vdd1v0 
OR4X1LVT              2       4.104    fast_vdd1v0 
SDFFRHQX1LVT       8991   73798.128    fast_vdd1v0 
XNOR2X1LVT         1364    3265.416    fast_vdd1v0 
XOR2XLLVT          1572    4300.992    fast_vdd1v0 
---------------------------------------------------
total             27514  124660.368                


                                           
     Type      Instances    Area    Area % 
-------------------------------------------
sequential         10145  81287.244   65.2 
inverter            1540   1094.400    0.9 
logic              15829  42278.724   33.9 
physical_cells         0      0.000    0.0 
-------------------------------------------
total              27514 124660.368  100.0 

