============================================================
  Generated by:           Genus(TM) Synthesis Solution 21.19-s055_1
  Generated on:           Apr 07 2026  06:12:31 pm
  Module:                 pure_quat_conv2d_3x3_core
  Technology libraries:   fast_vdd1v0 1.0
                          fast_vdd1v2 1.0
                          slow_vdd1v0 1.0
                          slow_vdd1v2 1.0
  Operating conditions:   PVT_1P1V_0C (balanced_tree)
  Wireload mode:          enclosed
  Area mode:              timing library
============================================================

Timing
--------

  Clock  Period 
----------------
core_clk 2000.0 


  Cost     Critical         Violating 
  Group   Path Slack  TNS     Paths   
--------------------------------------
core_clk      1178.6   0.0          0 
default     No paths   0.0            
--------------------------------------
Total                  0.0          0 

Instance Count
--------------
Leaf Instance Count             27514 
Physical Instance count             0 
Sequential Instance Count       10145 
Combinational Instance Count    17369 
Hierarchical Instance Count        30 

Area
----
Cell Area                          124660.368
Physical Cell Area                 0.000
Total Cell Area (Cell+Physical)    124660.368
Net Area                           0.000
Total Area (Cell+Physical+Net)     124660.368

Max Fanout                         10145 (i_clk)
Min Fanout                         0 (u_tap_3x3_4lane_u_tap_0_bs[2])
Average Fanout                     2.9
Terms to net ratio                 4.2452
Terms to instance ratio            4.8346
Runtime                            1707.0 seconds
Elapsed Runtime                    2520 seconds
Genus peak memory usage            2297.58 
Innovus peak memory usage          no_value 
Hostname                           pink
