============================================================
  Generated by:           Genus(TM) Synthesis Solution 21.19-s055_1
  Generated on:           Apr 07 2026  06:12:37 pm
  Module:                 pure_quat_conv2d_3x3_core
  Operating conditions:   PVT_1P1V_0C (balanced_tree)
  Wireload mode:          enclosed
  Area mode:              timing library
============================================================


Path 1: MET (1179 ps) Setup Check with Pin u_tap_3x3_4lane_u_tap_8_u_multiplier_booth_wallace_9core_u_core_rs_u_booth_shifted_product_o_pp0_reg[0]/CK->D
          Group: core_clk
     Startpoint: (R) u_controller_valid_pipe_reg[4]/CK
          Clock: (R) core_clk
       Endpoint: (R) u_tap_3x3_4lane_u_tap_8_u_multiplier_booth_wallace_9core_u_core_rs_u_booth_shifted_product_o_pp0_reg[0]/D
          Clock: (R) core_clk

                     Capture       Launch     
        Clock Edge:+    2000            0     
       Src Latency:+       0            0     
       Net Latency:+       0 (I)        0 (I) 
           Arrival:=    2000            0     
                                              
             Setup:-      16                  
       Uncertainty:-      50                  
     Required Time:=    1934                  
      Launch Clock:-       0                  
         Data Path:-     755                  
             Slack:=    1179                  

#--------------------------------------------------------------------------------------------------------------------------------------------------------------------------------------
#                                               Timing Point                                                Flags   Arc   Edge     Cell      Fanout  Load Trans Delay Arrival Instance 
#                                                                                                                                                    (fF)  (ps)  (ps)   (ps)  Location 
#--------------------------------------------------------------------------------------------------------------------------------------------------------------------------------------
  u_controller_valid_pipe_reg[4]/CK                                                                         -       -     R     (arrival)     10145     -     0     0       0    (-,-) 
  u_controller_valid_pipe_reg[4]/Q                                                                          -       CK->Q F     SDFFRHQX1LVT      3   1.3     8    42      42    (-,-) 
  g16288/Y                                                                                                  -       A->Y  F     OR3XLLVT          1   0.3     5    31      73    (-,-) 
  g16285/Y                                                                                                  -       D->Y  F     OR4X1LVT          3   1.3    15    41     114    (-,-) 
  g16282/Y                                                                                                  -       A1->Y R     AOI21X1LVT        1   0.3    12    13     127    (-,-) 
  g16281/Y                                                                                                  -       C->Y  R     OR3X1LVT         26  47.9   271   160     286    (-,-) 
  g16131/Y                                                                                                  -       A->Y  F     CLKINVX8LVT     351 265.6   226   177     464    (-,-) 
  u_tap_3x3_4lane_u_tap_8_g46798/Y                                                                          -       A->Y  R     CLKINVX6LVT     299 249.3   276   194     658    (-,-) 
  u_tap_3x3_4lane_u_tap_8_g46541/Y                                                                          -       B1->Y F     AOI32X1LVT        1   0.3    66    76     734    (-,-) 
  u_tap_3x3_4lane_u_tap_8_g46532/Y                                                                          -       A->Y  R     INVXLLVT          1   0.5    18    22     755    (-,-) 
  u_tap_3x3_4lane_u_tap_8_u_multiplier_booth_wallace_9core_u_core_rs_u_booth_shifted_product_o_pp0_reg[0]/D -       -     R     DFFRHQX1LVT       1     -     -     0     755    (-,-) 
#--------------------------------------------------------------------------------------------------------------------------------------------------------------------------------------



Path 2: MET (1179 ps) Setup Check with Pin u_tap_3x3_4lane_u_tap_8_u_multiplier_booth_wallace_9core_u_core_rq_u_booth_shifted_product_o_pp0_reg[0]/CK->D
          Group: core_clk
     Startpoint: (R) u_controller_valid_pipe_reg[4]/CK
          Clock: (R) core_clk
       Endpoint: (R) u_tap_3x3_4lane_u_tap_8_u_multiplier_booth_wallace_9core_u_core_rq_u_booth_shifted_product_o_pp0_reg[0]/D
          Clock: (R) core_clk

                     Capture       Launch     
        Clock Edge:+    2000            0     
       Src Latency:+       0            0     
       Net Latency:+       0 (I)        0 (I) 
           Arrival:=    2000            0     
                                              
             Setup:-      16                  
       Uncertainty:-      50                  
     Required Time:=    1934                  
      Launch Clock:-       0                  
         Data Path:-     755                  
             Slack:=    1179                  

#--------------------------------------------------------------------------------------------------------------------------------------------------------------------------------------
#                                               Timing Point                                                Flags   Arc   Edge     Cell      Fanout  Load Trans Delay Arrival Instance 
#                                                                                                                                                    (fF)  (ps)  (ps)   (ps)  Location 
#--------------------------------------------------------------------------------------------------------------------------------------------------------------------------------------
  u_controller_valid_pipe_reg[4]/CK                                                                         -       -     R     (arrival)     10145     -     0     0       0    (-,-) 
  u_controller_valid_pipe_reg[4]/Q                                                                          -       CK->Q F     SDFFRHQX1LVT      3   1.3     8    42      42    (-,-) 
  g16288/Y                                                                                                  -       A->Y  F     OR3XLLVT          1   0.3     5    31      73    (-,-) 
  g16285/Y                                                                                                  -       D->Y  F     OR4X1LVT          3   1.3    15    41     114    (-,-) 
  g16282/Y                                                                                                  -       A1->Y R     AOI21X1LVT        1   0.3    12    13     127    (-,-) 
  g16281/Y                                                                                                  -       C->Y  R     OR3X1LVT         26  47.9   271   160     286    (-,-) 
  g16131/Y                                                                                                  -       A->Y  F     CLKINVX8LVT     351 265.6   226   177     464    (-,-) 
  u_tap_3x3_4lane_u_tap_8_g46798/Y                                                                          -       A->Y  R     CLKINVX6LVT     299 249.3   276   194     658    (-,-) 
  u_tap_3x3_4lane_u_tap_8_g46546/Y                                                                          -       B1->Y F     AOI32X1LVT        1   0.3    66    76     734    (-,-) 
  u_tap_3x3_4lane_u_tap_8_g46537/Y                                                                          -       A->Y  R     INVXLLVT          1   0.5    18    22     755    (-,-) 
  u_tap_3x3_4lane_u_tap_8_u_multiplier_booth_wallace_9core_u_core_rq_u_booth_shifted_product_o_pp0_reg[0]/D -       -     R     DFFRHQX1LVT       1     -     -     0     755    (-,-) 
#--------------------------------------------------------------------------------------------------------------------------------------------------------------------------------------



Path 3: MET (1179 ps) Setup Check with Pin u_tap_3x3_4lane_u_tap_8_u_multiplier_booth_wallace_9core_u_core_rp_u_booth_shifted_product_o_pp0_reg[0]/CK->D
          Group: core_clk
     Startpoint: (R) u_controller_valid_pipe_reg[4]/CK
          Clock: (R) core_clk
       Endpoint: (R) u_tap_3x3_4lane_u_tap_8_u_multiplier_booth_wallace_9core_u_core_rp_u_booth_shifted_product_o_pp0_reg[0]/D
          Clock: (R) core_clk

                     Capture       Launch     
        Clock Edge:+    2000            0     
       Src Latency:+       0            0     
       Net Latency:+       0 (I)        0 (I) 
           Arrival:=    2000            0     
                                              
             Setup:-      16                  
       Uncertainty:-      50                  
     Required Time:=    1934                  
      Launch Clock:-       0                  
         Data Path:-     755                  
             Slack:=    1179                  

#--------------------------------------------------------------------------------------------------------------------------------------------------------------------------------------
#                                               Timing Point                                                Flags   Arc   Edge     Cell      Fanout  Load Trans Delay Arrival Instance 
#                                                                                                                                                    (fF)  (ps)  (ps)   (ps)  Location 
#--------------------------------------------------------------------------------------------------------------------------------------------------------------------------------------
  u_controller_valid_pipe_reg[4]/CK                                                                         -       -     R     (arrival)     10145     -     0     0       0    (-,-) 
  u_controller_valid_pipe_reg[4]/Q                                                                          -       CK->Q F     SDFFRHQX1LVT      3   1.3     8    42      42    (-,-) 
  g16288/Y                                                                                                  -       A->Y  F     OR3XLLVT          1   0.3     5    31      73    (-,-) 
  g16285/Y                                                                                                  -       D->Y  F     OR4X1LVT          3   1.3    15    41     114    (-,-) 
  g16282/Y                                                                                                  -       A1->Y R     AOI21X1LVT        1   0.3    12    13     127    (-,-) 
  g16281/Y                                                                                                  -       C->Y  R     OR3X1LVT         26  47.9   271   160     286    (-,-) 
  g16131/Y                                                                                                  -       A->Y  F     CLKINVX8LVT     351 265.6   226   177     464    (-,-) 
  u_tap_3x3_4lane_u_tap_8_g46798/Y                                                                          -       A->Y  R     CLKINVX6LVT     299 249.3   276   194     658    (-,-) 
  u_tap_3x3_4lane_u_tap_8_g46544/Y                                                                          -       B1->Y F     AOI32X1LVT        1   0.3    66    76     734    (-,-) 
  u_tap_3x3_4lane_u_tap_8_g46535/Y                                                                          -       A->Y  R     INVXLLVT          1   0.5    18    22     755    (-,-) 
  u_tap_3x3_4lane_u_tap_8_u_multiplier_booth_wallace_9core_u_core_rp_u_booth_shifted_product_o_pp0_reg[0]/D -       -     R     DFFRHQX1LVT       1     -     -     0     755    (-,-) 
#--------------------------------------------------------------------------------------------------------------------------------------------------------------------------------------



Path 4: MET (1179 ps) Setup Check with Pin u_tap_3x3_4lane_u_tap_8_u_multiplier_booth_wallace_9core_u_core_gs_u_booth_shifted_product_o_pp0_reg[0]/CK->D
          Group: core_clk
     Startpoint: (R) u_controller_valid_pipe_reg[4]/CK
          Clock: (R) core_clk
       Endpoint: (R) u_tap_3x3_4lane_u_tap_8_u_multiplier_booth_wallace_9core_u_core_gs_u_booth_shifted_product_o_pp0_reg[0]/D
          Clock: (R) core_clk

                     Capture       Launch     
        Clock Edge:+    2000            0     
       Src Latency:+       0            0     
       Net Latency:+       0 (I)        0 (I) 
           Arrival:=    2000            0     
                                              
             Setup:-      16                  
       Uncertainty:-      50                  
     Required Time:=    1934                  
      Launch Clock:-       0                  
         Data Path:-     755                  
             Slack:=    1179                  

#--------------------------------------------------------------------------------------------------------------------------------------------------------------------------------------
#                                               Timing Point                                                Flags   Arc   Edge     Cell      Fanout  Load Trans Delay Arrival Instance 
#                                                                                                                                                    (fF)  (ps)  (ps)   (ps)  Location 
#--------------------------------------------------------------------------------------------------------------------------------------------------------------------------------------
  u_controller_valid_pipe_reg[4]/CK                                                                         -       -     R     (arrival)     10145     -     0     0       0    (-,-) 
  u_controller_valid_pipe_reg[4]/Q                                                                          -       CK->Q F     SDFFRHQX1LVT      3   1.3     8    42      42    (-,-) 
  g16288/Y                                                                                                  -       A->Y  F     OR3XLLVT          1   0.3     5    31      73    (-,-) 
  g16285/Y                                                                                                  -       D->Y  F     OR4X1LVT          3   1.3    15    41     114    (-,-) 
  g16282/Y                                                                                                  -       A1->Y R     AOI21X1LVT        1   0.3    12    13     127    (-,-) 
  g16281/Y                                                                                                  -       C->Y  R     OR3X1LVT         26  47.9   271   160     286    (-,-) 
  g16131/Y                                                                                                  -       A->Y  F     CLKINVX8LVT     351 265.6   226   177     464    (-,-) 
  u_tap_3x3_4lane_u_tap_8_g46798/Y                                                                          -       A->Y  R     CLKINVX6LVT     299 249.3   276   194     658    (-,-) 
  u_tap_3x3_4lane_u_tap_8_g46543/Y                                                                          -       B1->Y F     AOI32X1LVT        1   0.3    66    76     734    (-,-) 
  u_tap_3x3_4lane_u_tap_8_g46534/Y                                                                          -       A->Y  R     INVXLLVT          1   0.5    18    22     755    (-,-) 
  u_tap_3x3_4lane_u_tap_8_u_multiplier_booth_wallace_9core_u_core_gs_u_booth_shifted_product_o_pp0_reg[0]/D -       -     R     DFFRHQX1LVT       1     -     -     0     755    (-,-) 
#--------------------------------------------------------------------------------------------------------------------------------------------------------------------------------------



Path 5: MET (1179 ps) Setup Check with Pin u_tap_3x3_4lane_u_tap_8_u_multiplier_booth_wallace_9core_u_core_gq_u_booth_shifted_product_o_pp0_reg[0]/CK->D
          Group: core_clk
     Startpoint: (R) u_controller_valid_pipe_reg[4]/CK
          Clock: (R) core_clk
       Endpoint: (R) u_tap_3x3_4lane_u_tap_8_u_multiplier_booth_wallace_9core_u_core_gq_u_booth_shifted_product_o_pp0_reg[0]/D
          Clock: (R) core_clk

                     Capture       Launch     
        Clock Edge:+    2000            0     
       Src Latency:+       0            0     
       Net Latency:+       0 (I)        0 (I) 
           Arrival:=    2000            0     
                                              
             Setup:-      16                  
       Uncertainty:-      50                  
     Required Time:=    1934                  
      Launch Clock:-       0                  
         Data Path:-     755                  
             Slack:=    1179                  

#--------------------------------------------------------------------------------------------------------------------------------------------------------------------------------------
#                                               Timing Point                                                Flags   Arc   Edge     Cell      Fanout  Load Trans Delay Arrival Instance 
#                                                                                                                                                    (fF)  (ps)  (ps)   (ps)  Location 
#--------------------------------------------------------------------------------------------------------------------------------------------------------------------------------------
  u_controller_valid_pipe_reg[4]/CK                                                                         -       -     R     (arrival)     10145     -     0     0       0    (-,-) 
  u_controller_valid_pipe_reg[4]/Q                                                                          -       CK->Q F     SDFFRHQX1LVT      3   1.3     8    42      42    (-,-) 
  g16288/Y                                                                                                  -       A->Y  F     OR3XLLVT          1   0.3     5    31      73    (-,-) 
  g16285/Y                                                                                                  -       D->Y  F     OR4X1LVT          3   1.3    15    41     114    (-,-) 
  g16282/Y                                                                                                  -       A1->Y R     AOI21X1LVT        1   0.3    12    13     127    (-,-) 
  g16281/Y                                                                                                  -       C->Y  R     OR3X1LVT         26  47.9   271   160     286    (-,-) 
  g16131/Y                                                                                                  -       A->Y  F     CLKINVX8LVT     351 265.6   226   177     464    (-,-) 
  u_tap_3x3_4lane_u_tap_8_g46798/Y                                                                          -       A->Y  R     CLKINVX6LVT     299 249.3   276   194     658    (-,-) 
  u_tap_3x3_4lane_u_tap_8_g46548/Y                                                                          -       B1->Y F     AOI32X1LVT        1   0.3    66    76     734    (-,-) 
  u_tap_3x3_4lane_u_tap_8_g46539/Y                                                                          -       A->Y  R     INVXLLVT          1   0.5    18    22     755    (-,-) 
  u_tap_3x3_4lane_u_tap_8_u_multiplier_booth_wallace_9core_u_core_gq_u_booth_shifted_product_o_pp0_reg[0]/D -       -     R     DFFRHQX1LVT       1     -     -     0     755    (-,-) 
#--------------------------------------------------------------------------------------------------------------------------------------------------------------------------------------



Path 6: MET (1179 ps) Setup Check with Pin u_tap_3x3_4lane_u_tap_8_u_multiplier_booth_wallace_9core_u_core_gp_u_booth_shifted_product_o_pp0_reg[0]/CK->D
          Group: core_clk
     Startpoint: (R) u_controller_valid_pipe_reg[4]/CK
          Clock: (R) core_clk
       Endpoint: (R) u_tap_3x3_4lane_u_tap_8_u_multiplier_booth_wallace_9core_u_core_gp_u_booth_shifted_product_o_pp0_reg[0]/D
          Clock: (R) core_clk

                     Capture       Launch     
        Clock Edge:+    2000            0     
       Src Latency:+       0            0     
       Net Latency:+       0 (I)        0 (I) 
           Arrival:=    2000            0     
                                              
             Setup:-      16                  
       Uncertainty:-      50                  
     Required Time:=    1934                  
      Launch Clock:-       0                  
         Data Path:-     755                  
             Slack:=    1179                  

#--------------------------------------------------------------------------------------------------------------------------------------------------------------------------------------
#                                               Timing Point                                                Flags   Arc   Edge     Cell      Fanout  Load Trans Delay Arrival Instance 
#                                                                                                                                                    (fF)  (ps)  (ps)   (ps)  Location 
#--------------------------------------------------------------------------------------------------------------------------------------------------------------------------------------
  u_controller_valid_pipe_reg[4]/CK                                                                         -       -     R     (arrival)     10145     -     0     0       0    (-,-) 
  u_controller_valid_pipe_reg[4]/Q                                                                          -       CK->Q F     SDFFRHQX1LVT      3   1.3     8    42      42    (-,-) 
  g16288/Y                                                                                                  -       A->Y  F     OR3XLLVT          1   0.3     5    31      73    (-,-) 
  g16285/Y                                                                                                  -       D->Y  F     OR4X1LVT          3   1.3    15    41     114    (-,-) 
  g16282/Y                                                                                                  -       A1->Y R     AOI21X1LVT        1   0.3    12    13     127    (-,-) 
  g16281/Y                                                                                                  -       C->Y  R     OR3X1LVT         26  47.9   271   160     286    (-,-) 
  g16131/Y                                                                                                  -       A->Y  F     CLKINVX8LVT     351 265.6   226   177     464    (-,-) 
  u_tap_3x3_4lane_u_tap_8_g46798/Y                                                                          -       A->Y  R     CLKINVX6LVT     299 249.3   276   194     658    (-,-) 
  u_tap_3x3_4lane_u_tap_8_g46542/Y                                                                          -       B1->Y F     AOI32X1LVT        1   0.3    66    76     734    (-,-) 
  u_tap_3x3_4lane_u_tap_8_g46533/Y                                                                          -       A->Y  R     INVXLLVT          1   0.5    18    22     755    (-,-) 
  u_tap_3x3_4lane_u_tap_8_u_multiplier_booth_wallace_9core_u_core_gp_u_booth_shifted_product_o_pp0_reg[0]/D -       -     R     DFFRHQX1LVT       1     -     -     0     755    (-,-) 
#--------------------------------------------------------------------------------------------------------------------------------------------------------------------------------------



Path 7: MET (1179 ps) Setup Check with Pin u_tap_3x3_4lane_u_tap_8_u_multiplier_booth_wallace_9core_u_core_bs_u_booth_shifted_product_o_pp0_reg[0]/CK->D
          Group: core_clk
     Startpoint: (R) u_controller_valid_pipe_reg[4]/CK
          Clock: (R) core_clk
       Endpoint: (R) u_tap_3x3_4lane_u_tap_8_u_multiplier_booth_wallace_9core_u_core_bs_u_booth_shifted_product_o_pp0_reg[0]/D
          Clock: (R) core_clk

                     Capture       Launch     
        Clock Edge:+    2000            0     
       Src Latency:+       0            0     
       Net Latency:+       0 (I)        0 (I) 
           Arrival:=    2000            0     
                                              
             Setup:-      16                  
       Uncertainty:-      50                  
     Required Time:=    1934                  
      Launch Clock:-       0                  
         Data Path:-     755                  
             Slack:=    1179                  

#--------------------------------------------------------------------------------------------------------------------------------------------------------------------------------------
#                                               Timing Point                                                Flags   Arc   Edge     Cell      Fanout  Load Trans Delay Arrival Instance 
#                                                                                                                                                    (fF)  (ps)  (ps)   (ps)  Location 
#--------------------------------------------------------------------------------------------------------------------------------------------------------------------------------------
  u_controller_valid_pipe_reg[4]/CK                                                                         -       -     R     (arrival)     10145     -     0     0       0    (-,-) 
  u_controller_valid_pipe_reg[4]/Q                                                                          -       CK->Q F     SDFFRHQX1LVT      3   1.3     8    42      42    (-,-) 
  g16288/Y                                                                                                  -       A->Y  F     OR3XLLVT          1   0.3     5    31      73    (-,-) 
  g16285/Y                                                                                                  -       D->Y  F     OR4X1LVT          3   1.3    15    41     114    (-,-) 
  g16282/Y                                                                                                  -       A1->Y R     AOI21X1LVT        1   0.3    12    13     127    (-,-) 
  g16281/Y                                                                                                  -       C->Y  R     OR3X1LVT         26  47.9   271   160     286    (-,-) 
  g16131/Y                                                                                                  -       A->Y  F     CLKINVX8LVT     351 265.6   226   177     464    (-,-) 
  u_tap_3x3_4lane_u_tap_8_g46798/Y                                                                          -       A->Y  R     CLKINVX6LVT     299 249.3   276   194     658    (-,-) 
  u_tap_3x3_4lane_u_tap_8_g46545/Y                                                                          -       B1->Y F     AOI32X1LVT        1   0.3    66    76     734    (-,-) 
  u_tap_3x3_4lane_u_tap_8_g46536/Y                                                                          -       A->Y  R     INVXLLVT          1   0.5    18    22     755    (-,-) 
  u_tap_3x3_4lane_u_tap_8_u_multiplier_booth_wallace_9core_u_core_bs_u_booth_shifted_product_o_pp0_reg[0]/D -       -     R     DFFRHQX1LVT       1     -     -     0     755    (-,-) 
#--------------------------------------------------------------------------------------------------------------------------------------------------------------------------------------



Path 8: MET (1179 ps) Setup Check with Pin u_tap_3x3_4lane_u_tap_8_u_multiplier_booth_wallace_9core_u_core_bq_u_booth_shifted_product_o_pp0_reg[0]/CK->D
          Group: core_clk
     Startpoint: (R) u_controller_valid_pipe_reg[4]/CK
          Clock: (R) core_clk
       Endpoint: (R) u_tap_3x3_4lane_u_tap_8_u_multiplier_booth_wallace_9core_u_core_bq_u_booth_shifted_product_o_pp0_reg[0]/D
          Clock: (R) core_clk

                     Capture       Launch     
        Clock Edge:+    2000            0     
       Src Latency:+       0            0     
       Net Latency:+       0 (I)        0 (I) 
           Arrival:=    2000            0     
                                              
             Setup:-      16                  
       Uncertainty:-      50                  
     Required Time:=    1934                  
      Launch Clock:-       0                  
         Data Path:-     755                  
             Slack:=    1179                  

#--------------------------------------------------------------------------------------------------------------------------------------------------------------------------------------
#                                               Timing Point                                                Flags   Arc   Edge     Cell      Fanout  Load Trans Delay Arrival Instance 
#                                                                                                                                                    (fF)  (ps)  (ps)   (ps)  Location 
#--------------------------------------------------------------------------------------------------------------------------------------------------------------------------------------
  u_controller_valid_pipe_reg[4]/CK                                                                         -       -     R     (arrival)     10145     -     0     0       0    (-,-) 
  u_controller_valid_pipe_reg[4]/Q                                                                          -       CK->Q F     SDFFRHQX1LVT      3   1.3     8    42      42    (-,-) 
  g16288/Y                                                                                                  -       A->Y  F     OR3XLLVT          1   0.3     5    31      73    (-,-) 
  g16285/Y                                                                                                  -       D->Y  F     OR4X1LVT          3   1.3    15    41     114    (-,-) 
  g16282/Y                                                                                                  -       A1->Y R     AOI21X1LVT        1   0.3    12    13     127    (-,-) 
  g16281/Y                                                                                                  -       C->Y  R     OR3X1LVT         26  47.9   271   160     286    (-,-) 
  g16131/Y                                                                                                  -       A->Y  F     CLKINVX8LVT     351 265.6   226   177     464    (-,-) 
  u_tap_3x3_4lane_u_tap_8_g46798/Y                                                                          -       A->Y  R     CLKINVX6LVT     299 249.3   276   194     658    (-,-) 
  u_tap_3x3_4lane_u_tap_8_g46547/Y                                                                          -       B1->Y F     AOI32X1LVT        1   0.3    66    76     734    (-,-) 
  u_tap_3x3_4lane_u_tap_8_g46538/Y                                                                          -       A->Y  R     INVXLLVT          1   0.5    18    22     755    (-,-) 
  u_tap_3x3_4lane_u_tap_8_u_multiplier_booth_wallace_9core_u_core_bq_u_booth_shifted_product_o_pp0_reg[0]/D -       -     R     DFFRHQX1LVT       1     -     -     0     755    (-,-) 
#--------------------------------------------------------------------------------------------------------------------------------------------------------------------------------------



Path 9: MET (1179 ps) Setup Check with Pin u_tap_3x3_4lane_u_tap_8_u_multiplier_booth_wallace_9core_u_core_bp_u_booth_shifted_product_o_pp0_reg[0]/CK->D
          Group: core_clk
     Startpoint: (R) u_controller_valid_pipe_reg[4]/CK
          Clock: (R) core_clk
       Endpoint: (R) u_tap_3x3_4lane_u_tap_8_u_multiplier_booth_wallace_9core_u_core_bp_u_booth_shifted_product_o_pp0_reg[0]/D
          Clock: (R) core_clk

                     Capture       Launch     
        Clock Edge:+    2000            0     
       Src Latency:+       0            0     
       Net Latency:+       0 (I)        0 (I) 
           Arrival:=    2000            0     
                                              
             Setup:-      16                  
       Uncertainty:-      50                  
     Required Time:=    1934                  
      Launch Clock:-       0                  
         Data Path:-     755                  
             Slack:=    1179                  

#--------------------------------------------------------------------------------------------------------------------------------------------------------------------------------------
#                                               Timing Point                                                Flags   Arc   Edge     Cell      Fanout  Load Trans Delay Arrival Instance 
#                                                                                                                                                    (fF)  (ps)  (ps)   (ps)  Location 
#--------------------------------------------------------------------------------------------------------------------------------------------------------------------------------------
  u_controller_valid_pipe_reg[4]/CK                                                                         -       -     R     (arrival)     10145     -     0     0       0    (-,-) 
  u_controller_valid_pipe_reg[4]/Q                                                                          -       CK->Q F     SDFFRHQX1LVT      3   1.3     8    42      42    (-,-) 
  g16288/Y                                                                                                  -       A->Y  F     OR3XLLVT          1   0.3     5    31      73    (-,-) 
  g16285/Y                                                                                                  -       D->Y  F     OR4X1LVT          3   1.3    15    41     114    (-,-) 
  g16282/Y                                                                                                  -       A1->Y R     AOI21X1LVT        1   0.3    12    13     127    (-,-) 
  g16281/Y                                                                                                  -       C->Y  R     OR3X1LVT         26  47.9   271   160     286    (-,-) 
  g16131/Y                                                                                                  -       A->Y  F     CLKINVX8LVT     351 265.6   226   177     464    (-,-) 
  u_tap_3x3_4lane_u_tap_8_g46798/Y                                                                          -       A->Y  R     CLKINVX6LVT     299 249.3   276   194     658    (-,-) 
  u_tap_3x3_4lane_u_tap_8_g46549/Y                                                                          -       B1->Y F     AOI32X1LVT        1   0.3    66    76     734    (-,-) 
  u_tap_3x3_4lane_u_tap_8_g46540/Y                                                                          -       A->Y  R     INVXLLVT          1   0.5    18    22     755    (-,-) 
  u_tap_3x3_4lane_u_tap_8_u_multiplier_booth_wallace_9core_u_core_bp_u_booth_shifted_product_o_pp0_reg[0]/D -       -     R     DFFRHQX1LVT       1     -     -     0     755    (-,-) 
#--------------------------------------------------------------------------------------------------------------------------------------------------------------------------------------



Path 10: MET (1179 ps) Setup Check with Pin u_tap_3x3_4lane_u_tap_3_u_multiplier_booth_wallace_9core_u_core_rs_u_booth_shifted_product_o_pp0_reg[0]/CK->D
          Group: core_clk
     Startpoint: (R) u_controller_valid_pipe_reg[4]/CK
          Clock: (R) core_clk
       Endpoint: (R) u_tap_3x3_4lane_u_tap_3_u_multiplier_booth_wallace_9core_u_core_rs_u_booth_shifted_product_o_pp0_reg[0]/D
          Clock: (R) core_clk

                     Capture       Launch     
        Clock Edge:+    2000            0     
       Src Latency:+       0            0     
       Net Latency:+       0 (I)        0 (I) 
           Arrival:=    2000            0     
                                              
             Setup:-      16                  
       Uncertainty:-      50                  
     Required Time:=    1934                  
      Launch Clock:-       0                  
         Data Path:-     755                  
             Slack:=    1179                  

#--------------------------------------------------------------------------------------------------------------------------------------------------------------------------------------
#                                               Timing Point                                                Flags   Arc   Edge     Cell      Fanout  Load Trans Delay Arrival Instance 
#                                                                                                                                                    (fF)  (ps)  (ps)   (ps)  Location 
#--------------------------------------------------------------------------------------------------------------------------------------------------------------------------------------
  u_controller_valid_pipe_reg[4]/CK                                                                         -       -     R     (arrival)     10145     -     0     0       0    (-,-) 
  u_controller_valid_pipe_reg[4]/Q                                                                          -       CK->Q F     SDFFRHQX1LVT      3   1.3     8    42      42    (-,-) 
  g16288/Y                                                                                                  -       A->Y  F     OR3XLLVT          1   0.3     5    31      73    (-,-) 
  g16285/Y                                                                                                  -       D->Y  F     OR4X1LVT          3   1.3    15    41     114    (-,-) 
  g16282/Y                                                                                                  -       A1->Y R     AOI21X1LVT        1   0.3    12    13     127    (-,-) 
  g16281/Y                                                                                                  -       C->Y  R     OR3X1LVT         26  47.9   271   160     286    (-,-) 
  g16133/Y                                                                                                  -       A->Y  F     CLKINVX8LVT     351 265.6   226   177     464    (-,-) 
  u_tap_3x3_4lane_u_tap_3_g46742/Y                                                                          -       A->Y  R     CLKINVX6LVT     299 249.3   276   194     658    (-,-) 
  u_tap_3x3_4lane_u_tap_3_g46528/Y                                                                          -       B1->Y F     AOI32X1LVT        1   0.3    66    76     734    (-,-) 
  u_tap_3x3_4lane_u_tap_3_g46519/Y                                                                          -       A->Y  R     INVXLLVT          1   0.5    18    22     755    (-,-) 
  u_tap_3x3_4lane_u_tap_3_u_multiplier_booth_wallace_9core_u_core_rs_u_booth_shifted_product_o_pp0_reg[0]/D -       -     R     DFFRHQX1LVT       1     -     -     0     755    (-,-) 
#--------------------------------------------------------------------------------------------------------------------------------------------------------------------------------------



Path 11: MET (1179 ps) Setup Check with Pin u_tap_3x3_4lane_u_tap_3_u_multiplier_booth_wallace_9core_u_core_rq_u_booth_shifted_product_o_pp0_reg[0]/CK->D
          Group: core_clk
     Startpoint: (R) u_controller_valid_pipe_reg[4]/CK
          Clock: (R) core_clk
       Endpoint: (R) u_tap_3x3_4lane_u_tap_3_u_multiplier_booth_wallace_9core_u_core_rq_u_booth_shifted_product_o_pp0_reg[0]/D
          Clock: (R) core_clk

                     Capture       Launch     
        Clock Edge:+    2000            0     
       Src Latency:+       0            0     
       Net Latency:+       0 (I)        0 (I) 
           Arrival:=    2000            0     
                                              
             Setup:-      16                  
       Uncertainty:-      50                  
     Required Time:=    1934                  
      Launch Clock:-       0                  
         Data Path:-     755                  
             Slack:=    1179                  

#--------------------------------------------------------------------------------------------------------------------------------------------------------------------------------------
#                                               Timing Point                                                Flags   Arc   Edge     Cell      Fanout  Load Trans Delay Arrival Instance 
#                                                                                                                                                    (fF)  (ps)  (ps)   (ps)  Location 
#--------------------------------------------------------------------------------------------------------------------------------------------------------------------------------------
  u_controller_valid_pipe_reg[4]/CK                                                                         -       -     R     (arrival)     10145     -     0     0       0    (-,-) 
  u_controller_valid_pipe_reg[4]/Q                                                                          -       CK->Q F     SDFFRHQX1LVT      3   1.3     8    42      42    (-,-) 
  g16288/Y                                                                                                  -       A->Y  F     OR3XLLVT          1   0.3     5    31      73    (-,-) 
  g16285/Y                                                                                                  -       D->Y  F     OR4X1LVT          3   1.3    15    41     114    (-,-) 
  g16282/Y                                                                                                  -       A1->Y R     AOI21X1LVT        1   0.3    12    13     127    (-,-) 
  g16281/Y                                                                                                  -       C->Y  R     OR3X1LVT         26  47.9   271   160     286    (-,-) 
  g16133/Y                                                                                                  -       A->Y  F     CLKINVX8LVT     351 265.6   226   177     464    (-,-) 
  u_tap_3x3_4lane_u_tap_3_g46742/Y                                                                          -       A->Y  R     CLKINVX6LVT     299 249.3   276   194     658    (-,-) 
  u_tap_3x3_4lane_u_tap_3_g46533/Y                                                                          -       B1->Y F     AOI32X1LVT        1   0.3    66    76     734    (-,-) 
  u_tap_3x3_4lane_u_tap_3_g46524/Y                                                                          -       A->Y  R     INVXLLVT          1   0.5    18    22     755    (-,-) 
  u_tap_3x3_4lane_u_tap_3_u_multiplier_booth_wallace_9core_u_core_rq_u_booth_shifted_product_o_pp0_reg[0]/D -       -     R     DFFRHQX1LVT       1     -     -     0     755    (-,-) 
#--------------------------------------------------------------------------------------------------------------------------------------------------------------------------------------



Path 12: MET (1179 ps) Setup Check with Pin u_tap_3x3_4lane_u_tap_3_u_multiplier_booth_wallace_9core_u_core_rp_u_booth_shifted_product_o_pp0_reg[0]/CK->D
          Group: core_clk
     Startpoint: (R) u_controller_valid_pipe_reg[4]/CK
          Clock: (R) core_clk
       Endpoint: (R) u_tap_3x3_4lane_u_tap_3_u_multiplier_booth_wallace_9core_u_core_rp_u_booth_shifted_product_o_pp0_reg[0]/D
          Clock: (R) core_clk

                     Capture       Launch     
        Clock Edge:+    2000            0     
       Src Latency:+       0            0     
       Net Latency:+       0 (I)        0 (I) 
           Arrival:=    2000            0     
                                              
             Setup:-      16                  
       Uncertainty:-      50                  
     Required Time:=    1934                  
      Launch Clock:-       0                  
         Data Path:-     755                  
             Slack:=    1179                  

#--------------------------------------------------------------------------------------------------------------------------------------------------------------------------------------
#                                               Timing Point                                                Flags   Arc   Edge     Cell      Fanout  Load Trans Delay Arrival Instance 
#                                                                                                                                                    (fF)  (ps)  (ps)   (ps)  Location 
#--------------------------------------------------------------------------------------------------------------------------------------------------------------------------------------
  u_controller_valid_pipe_reg[4]/CK                                                                         -       -     R     (arrival)     10145     -     0     0       0    (-,-) 
  u_controller_valid_pipe_reg[4]/Q                                                                          -       CK->Q F     SDFFRHQX1LVT      3   1.3     8    42      42    (-,-) 
  g16288/Y                                                                                                  -       A->Y  F     OR3XLLVT          1   0.3     5    31      73    (-,-) 
  g16285/Y                                                                                                  -       D->Y  F     OR4X1LVT          3   1.3    15    41     114    (-,-) 
  g16282/Y                                                                                                  -       A1->Y R     AOI21X1LVT        1   0.3    12    13     127    (-,-) 
  g16281/Y                                                                                                  -       C->Y  R     OR3X1LVT         26  47.9   271   160     286    (-,-) 
  g16133/Y                                                                                                  -       A->Y  F     CLKINVX8LVT     351 265.6   226   177     464    (-,-) 
  u_tap_3x3_4lane_u_tap_3_g46742/Y                                                                          -       A->Y  R     CLKINVX6LVT     299 249.3   276   194     658    (-,-) 
  u_tap_3x3_4lane_u_tap_3_g46531/Y                                                                          -       B1->Y F     AOI32X1LVT        1   0.3    66    76     734    (-,-) 
  u_tap_3x3_4lane_u_tap_3_g46522/Y                                                                          -       A->Y  R     INVXLLVT          1   0.5    18    22     755    (-,-) 
  u_tap_3x3_4lane_u_tap_3_u_multiplier_booth_wallace_9core_u_core_rp_u_booth_shifted_product_o_pp0_reg[0]/D -       -     R     DFFRHQX1LVT       1     -     -     0     755    (-,-) 
#--------------------------------------------------------------------------------------------------------------------------------------------------------------------------------------



Path 13: MET (1179 ps) Setup Check with Pin u_tap_3x3_4lane_u_tap_3_u_multiplier_booth_wallace_9core_u_core_gs_u_booth_shifted_product_o_pp0_reg[0]/CK->D
          Group: core_clk
     Startpoint: (R) u_controller_valid_pipe_reg[4]/CK
          Clock: (R) core_clk
       Endpoint: (R) u_tap_3x3_4lane_u_tap_3_u_multiplier_booth_wallace_9core_u_core_gs_u_booth_shifted_product_o_pp0_reg[0]/D
          Clock: (R) core_clk

                     Capture       Launch     
        Clock Edge:+    2000            0     
       Src Latency:+       0            0     
       Net Latency:+       0 (I)        0 (I) 
           Arrival:=    2000            0     
                                              
             Setup:-      16                  
       Uncertainty:-      50                  
     Required Time:=    1934                  
      Launch Clock:-       0                  
         Data Path:-     755                  
             Slack:=    1179                  

#--------------------------------------------------------------------------------------------------------------------------------------------------------------------------------------
#                                               Timing Point                                                Flags   Arc   Edge     Cell      Fanout  Load Trans Delay Arrival Instance 
#                                                                                                                                                    (fF)  (ps)  (ps)   (ps)  Location 
#--------------------------------------------------------------------------------------------------------------------------------------------------------------------------------------
  u_controller_valid_pipe_reg[4]/CK                                                                         -       -     R     (arrival)     10145     -     0     0       0    (-,-) 
  u_controller_valid_pipe_reg[4]/Q                                                                          -       CK->Q F     SDFFRHQX1LVT      3   1.3     8    42      42    (-,-) 
  g16288/Y                                                                                                  -       A->Y  F     OR3XLLVT          1   0.3     5    31      73    (-,-) 
  g16285/Y                                                                                                  -       D->Y  F     OR4X1LVT          3   1.3    15    41     114    (-,-) 
  g16282/Y                                                                                                  -       A1->Y R     AOI21X1LVT        1   0.3    12    13     127    (-,-) 
  g16281/Y                                                                                                  -       C->Y  R     OR3X1LVT         26  47.9   271   160     286    (-,-) 
  g16133/Y                                                                                                  -       A->Y  F     CLKINVX8LVT     351 265.6   226   177     464    (-,-) 
  u_tap_3x3_4lane_u_tap_3_g46742/Y                                                                          -       A->Y  R     CLKINVX6LVT     299 249.3   276   194     658    (-,-) 
  u_tap_3x3_4lane_u_tap_3_g46530/Y                                                                          -       B1->Y F     AOI32X1LVT        1   0.3    66    76     734    (-,-) 
  u_tap_3x3_4lane_u_tap_3_g46521/Y                                                                          -       A->Y  R     INVXLLVT          1   0.5    18    22     755    (-,-) 
  u_tap_3x3_4lane_u_tap_3_u_multiplier_booth_wallace_9core_u_core_gs_u_booth_shifted_product_o_pp0_reg[0]/D -       -     R     DFFRHQX1LVT       1     -     -     0     755    (-,-) 
#--------------------------------------------------------------------------------------------------------------------------------------------------------------------------------------



Path 14: MET (1179 ps) Setup Check with Pin u_tap_3x3_4lane_u_tap_3_u_multiplier_booth_wallace_9core_u_core_gq_u_booth_shifted_product_o_pp0_reg[0]/CK->D
          Group: core_clk
     Startpoint: (R) u_controller_valid_pipe_reg[4]/CK
          Clock: (R) core_clk
       Endpoint: (R) u_tap_3x3_4lane_u_tap_3_u_multiplier_booth_wallace_9core_u_core_gq_u_booth_shifted_product_o_pp0_reg[0]/D
          Clock: (R) core_clk

                     Capture       Launch     
        Clock Edge:+    2000            0     
       Src Latency:+       0            0     
       Net Latency:+       0 (I)        0 (I) 
           Arrival:=    2000            0     
                                              
             Setup:-      16                  
       Uncertainty:-      50                  
     Required Time:=    1934                  
      Launch Clock:-       0                  
         Data Path:-     755                  
             Slack:=    1179                  

#--------------------------------------------------------------------------------------------------------------------------------------------------------------------------------------
#                                               Timing Point                                                Flags   Arc   Edge     Cell      Fanout  Load Trans Delay Arrival Instance 
#                                                                                                                                                    (fF)  (ps)  (ps)   (ps)  Location 
#--------------------------------------------------------------------------------------------------------------------------------------------------------------------------------------
  u_controller_valid_pipe_reg[4]/CK                                                                         -       -     R     (arrival)     10145     -     0     0       0    (-,-) 
  u_controller_valid_pipe_reg[4]/Q                                                                          -       CK->Q F     SDFFRHQX1LVT      3   1.3     8    42      42    (-,-) 
  g16288/Y                                                                                                  -       A->Y  F     OR3XLLVT          1   0.3     5    31      73    (-,-) 
  g16285/Y                                                                                                  -       D->Y  F     OR4X1LVT          3   1.3    15    41     114    (-,-) 
  g16282/Y                                                                                                  -       A1->Y R     AOI21X1LVT        1   0.3    12    13     127    (-,-) 
  g16281/Y                                                                                                  -       C->Y  R     OR3X1LVT         26  47.9   271   160     286    (-,-) 
  g16133/Y                                                                                                  -       A->Y  F     CLKINVX8LVT     351 265.6   226   177     464    (-,-) 
  u_tap_3x3_4lane_u_tap_3_g46742/Y                                                                          -       A->Y  R     CLKINVX6LVT     299 249.3   276   194     658    (-,-) 
  u_tap_3x3_4lane_u_tap_3_g46535/Y                                                                          -       B1->Y F     AOI32X1LVT        1   0.3    66    76     734    (-,-) 
  u_tap_3x3_4lane_u_tap_3_g46526/Y                                                                          -       A->Y  R     INVXLLVT          1   0.5    18    22     755    (-,-) 
  u_tap_3x3_4lane_u_tap_3_u_multiplier_booth_wallace_9core_u_core_gq_u_booth_shifted_product_o_pp0_reg[0]/D -       -     R     DFFRHQX1LVT       1     -     -     0     755    (-,-) 
#--------------------------------------------------------------------------------------------------------------------------------------------------------------------------------------



Path 15: MET (1179 ps) Setup Check with Pin u_tap_3x3_4lane_u_tap_3_u_multiplier_booth_wallace_9core_u_core_gp_u_booth_shifted_product_o_pp0_reg[0]/CK->D
          Group: core_clk
     Startpoint: (R) u_controller_valid_pipe_reg[4]/CK
          Clock: (R) core_clk
       Endpoint: (R) u_tap_3x3_4lane_u_tap_3_u_multiplier_booth_wallace_9core_u_core_gp_u_booth_shifted_product_o_pp0_reg[0]/D
          Clock: (R) core_clk

                     Capture       Launch     
        Clock Edge:+    2000            0     
       Src Latency:+       0            0     
       Net Latency:+       0 (I)        0 (I) 
           Arrival:=    2000            0     
                                              
             Setup:-      16                  
       Uncertainty:-      50                  
     Required Time:=    1934                  
      Launch Clock:-       0                  
         Data Path:-     755                  
             Slack:=    1179                  

#--------------------------------------------------------------------------------------------------------------------------------------------------------------------------------------
#                                               Timing Point                                                Flags   Arc   Edge     Cell      Fanout  Load Trans Delay Arrival Instance 
#                                                                                                                                                    (fF)  (ps)  (ps)   (ps)  Location 
#--------------------------------------------------------------------------------------------------------------------------------------------------------------------------------------
  u_controller_valid_pipe_reg[4]/CK                                                                         -       -     R     (arrival)     10145     -     0     0       0    (-,-) 
  u_controller_valid_pipe_reg[4]/Q                                                                          -       CK->Q F     SDFFRHQX1LVT      3   1.3     8    42      42    (-,-) 
  g16288/Y                                                                                                  -       A->Y  F     OR3XLLVT          1   0.3     5    31      73    (-,-) 
  g16285/Y                                                                                                  -       D->Y  F     OR4X1LVT          3   1.3    15    41     114    (-,-) 
  g16282/Y                                                                                                  -       A1->Y R     AOI21X1LVT        1   0.3    12    13     127    (-,-) 
  g16281/Y                                                                                                  -       C->Y  R     OR3X1LVT         26  47.9   271   160     286    (-,-) 
  g16133/Y                                                                                                  -       A->Y  F     CLKINVX8LVT     351 265.6   226   177     464    (-,-) 
  u_tap_3x3_4lane_u_tap_3_g46742/Y                                                                          -       A->Y  R     CLKINVX6LVT     299 249.3   276   194     658    (-,-) 
  u_tap_3x3_4lane_u_tap_3_g46529/Y                                                                          -       B1->Y F     AOI32X1LVT        1   0.3    66    76     734    (-,-) 
  u_tap_3x3_4lane_u_tap_3_g46520/Y                                                                          -       A->Y  R     INVXLLVT          1   0.5    18    22     755    (-,-) 
  u_tap_3x3_4lane_u_tap_3_u_multiplier_booth_wallace_9core_u_core_gp_u_booth_shifted_product_o_pp0_reg[0]/D -       -     R     DFFRHQX1LVT       1     -     -     0     755    (-,-) 
#--------------------------------------------------------------------------------------------------------------------------------------------------------------------------------------



Path 16: MET (1179 ps) Setup Check with Pin u_tap_3x3_4lane_u_tap_3_u_multiplier_booth_wallace_9core_u_core_bs_u_booth_shifted_product_o_pp0_reg[0]/CK->D
          Group: core_clk
     Startpoint: (R) u_controller_valid_pipe_reg[4]/CK
          Clock: (R) core_clk
       Endpoint: (R) u_tap_3x3_4lane_u_tap_3_u_multiplier_booth_wallace_9core_u_core_bs_u_booth_shifted_product_o_pp0_reg[0]/D
          Clock: (R) core_clk

                     Capture       Launch     
        Clock Edge:+    2000            0     
       Src Latency:+       0            0     
       Net Latency:+       0 (I)        0 (I) 
           Arrival:=    2000            0     
                                              
             Setup:-      16                  
       Uncertainty:-      50                  
     Required Time:=    1934                  
      Launch Clock:-       0                  
         Data Path:-     755                  
             Slack:=    1179                  

#--------------------------------------------------------------------------------------------------------------------------------------------------------------------------------------
#                                               Timing Point                                                Flags   Arc   Edge     Cell      Fanout  Load Trans Delay Arrival Instance 
#                                                                                                                                                    (fF)  (ps)  (ps)   (ps)  Location 
#--------------------------------------------------------------------------------------------------------------------------------------------------------------------------------------
  u_controller_valid_pipe_reg[4]/CK                                                                         -       -     R     (arrival)     10145     -     0     0       0    (-,-) 
  u_controller_valid_pipe_reg[4]/Q                                                                          -       CK->Q F     SDFFRHQX1LVT      3   1.3     8    42      42    (-,-) 
  g16288/Y                                                                                                  -       A->Y  F     OR3XLLVT          1   0.3     5    31      73    (-,-) 
  g16285/Y                                                                                                  -       D->Y  F     OR4X1LVT          3   1.3    15    41     114    (-,-) 
  g16282/Y                                                                                                  -       A1->Y R     AOI21X1LVT        1   0.3    12    13     127    (-,-) 
  g16281/Y                                                                                                  -       C->Y  R     OR3X1LVT         26  47.9   271   160     286    (-,-) 
  g16133/Y                                                                                                  -       A->Y  F     CLKINVX8LVT     351 265.6   226   177     464    (-,-) 
  u_tap_3x3_4lane_u_tap_3_g46742/Y                                                                          -       A->Y  R     CLKINVX6LVT     299 249.3   276   194     658    (-,-) 
  u_tap_3x3_4lane_u_tap_3_g46532/Y                                                                          -       B1->Y F     AOI32X1LVT        1   0.3    66    76     734    (-,-) 
  u_tap_3x3_4lane_u_tap_3_g46523/Y                                                                          -       A->Y  R     INVXLLVT          1   0.5    18    22     755    (-,-) 
  u_tap_3x3_4lane_u_tap_3_u_multiplier_booth_wallace_9core_u_core_bs_u_booth_shifted_product_o_pp0_reg[0]/D -       -     R     DFFRHQX1LVT       1     -     -     0     755    (-,-) 
#--------------------------------------------------------------------------------------------------------------------------------------------------------------------------------------



Path 17: MET (1179 ps) Setup Check with Pin u_tap_3x3_4lane_u_tap_3_u_multiplier_booth_wallace_9core_u_core_bq_u_booth_shifted_product_o_pp0_reg[0]/CK->D
          Group: core_clk
     Startpoint: (R) u_controller_valid_pipe_reg[4]/CK
          Clock: (R) core_clk
       Endpoint: (R) u_tap_3x3_4lane_u_tap_3_u_multiplier_booth_wallace_9core_u_core_bq_u_booth_shifted_product_o_pp0_reg[0]/D
          Clock: (R) core_clk

                     Capture       Launch     
        Clock Edge:+    2000            0     
       Src Latency:+       0            0     
       Net Latency:+       0 (I)        0 (I) 
           Arrival:=    2000            0     
                                              
             Setup:-      16                  
       Uncertainty:-      50                  
     Required Time:=    1934                  
      Launch Clock:-       0                  
         Data Path:-     755                  
             Slack:=    1179                  

#--------------------------------------------------------------------------------------------------------------------------------------------------------------------------------------
#                                               Timing Point                                                Flags   Arc   Edge     Cell      Fanout  Load Trans Delay Arrival Instance 
#                                                                                                                                                    (fF)  (ps)  (ps)   (ps)  Location 
#--------------------------------------------------------------------------------------------------------------------------------------------------------------------------------------
  u_controller_valid_pipe_reg[4]/CK                                                                         -       -     R     (arrival)     10145     -     0     0       0    (-,-) 
  u_controller_valid_pipe_reg[4]/Q                                                                          -       CK->Q F     SDFFRHQX1LVT      3   1.3     8    42      42    (-,-) 
  g16288/Y                                                                                                  -       A->Y  F     OR3XLLVT          1   0.3     5    31      73    (-,-) 
  g16285/Y                                                                                                  -       D->Y  F     OR4X1LVT          3   1.3    15    41     114    (-,-) 
  g16282/Y                                                                                                  -       A1->Y R     AOI21X1LVT        1   0.3    12    13     127    (-,-) 
  g16281/Y                                                                                                  -       C->Y  R     OR3X1LVT         26  47.9   271   160     286    (-,-) 
  g16133/Y                                                                                                  -       A->Y  F     CLKINVX8LVT     351 265.6   226   177     464    (-,-) 
  u_tap_3x3_4lane_u_tap_3_g46742/Y                                                                          -       A->Y  R     CLKINVX6LVT     299 249.3   276   194     658    (-,-) 
  u_tap_3x3_4lane_u_tap_3_g46534/Y                                                                          -       B1->Y F     AOI32X1LVT        1   0.3    66    76     734    (-,-) 
  u_tap_3x3_4lane_u_tap_3_g46525/Y                                                                          -       A->Y  R     INVXLLVT          1   0.5    18    22     755    (-,-) 
  u_tap_3x3_4lane_u_tap_3_u_multiplier_booth_wallace_9core_u_core_bq_u_booth_shifted_product_o_pp0_reg[0]/D -       -     R     DFFRHQX1LVT       1     -     -     0     755    (-,-) 
#--------------------------------------------------------------------------------------------------------------------------------------------------------------------------------------



Path 18: MET (1179 ps) Setup Check with Pin u_tap_3x3_4lane_u_tap_3_u_multiplier_booth_wallace_9core_u_core_bp_u_booth_shifted_product_o_pp0_reg[0]/CK->D
          Group: core_clk
     Startpoint: (R) u_controller_valid_pipe_reg[4]/CK
          Clock: (R) core_clk
       Endpoint: (R) u_tap_3x3_4lane_u_tap_3_u_multiplier_booth_wallace_9core_u_core_bp_u_booth_shifted_product_o_pp0_reg[0]/D
          Clock: (R) core_clk

                     Capture       Launch     
        Clock Edge:+    2000            0     
       Src Latency:+       0            0     
       Net Latency:+       0 (I)        0 (I) 
           Arrival:=    2000            0     
                                              
             Setup:-      16                  
       Uncertainty:-      50                  
     Required Time:=    1934                  
      Launch Clock:-       0                  
         Data Path:-     755                  
             Slack:=    1179                  

#--------------------------------------------------------------------------------------------------------------------------------------------------------------------------------------
#                                               Timing Point                                                Flags   Arc   Edge     Cell      Fanout  Load Trans Delay Arrival Instance 
#                                                                                                                                                    (fF)  (ps)  (ps)   (ps)  Location 
#--------------------------------------------------------------------------------------------------------------------------------------------------------------------------------------
  u_controller_valid_pipe_reg[4]/CK                                                                         -       -     R     (arrival)     10145     -     0     0       0    (-,-) 
  u_controller_valid_pipe_reg[4]/Q                                                                          -       CK->Q F     SDFFRHQX1LVT      3   1.3     8    42      42    (-,-) 
  g16288/Y                                                                                                  -       A->Y  F     OR3XLLVT          1   0.3     5    31      73    (-,-) 
  g16285/Y                                                                                                  -       D->Y  F     OR4X1LVT          3   1.3    15    41     114    (-,-) 
  g16282/Y                                                                                                  -       A1->Y R     AOI21X1LVT        1   0.3    12    13     127    (-,-) 
  g16281/Y                                                                                                  -       C->Y  R     OR3X1LVT         26  47.9   271   160     286    (-,-) 
  g16133/Y                                                                                                  -       A->Y  F     CLKINVX8LVT     351 265.6   226   177     464    (-,-) 
  u_tap_3x3_4lane_u_tap_3_g46742/Y                                                                          -       A->Y  R     CLKINVX6LVT     299 249.3   276   194     658    (-,-) 
  u_tap_3x3_4lane_u_tap_3_g46536/Y                                                                          -       B1->Y F     AOI32X1LVT        1   0.3    66    76     734    (-,-) 
  u_tap_3x3_4lane_u_tap_3_g46527/Y                                                                          -       A->Y  R     INVXLLVT          1   0.5    18    22     755    (-,-) 
  u_tap_3x3_4lane_u_tap_3_u_multiplier_booth_wallace_9core_u_core_bp_u_booth_shifted_product_o_pp0_reg[0]/D -       -     R     DFFRHQX1LVT       1     -     -     0     755    (-,-) 
#--------------------------------------------------------------------------------------------------------------------------------------------------------------------------------------



Path 19: MET (1179 ps) Setup Check with Pin u_tap_3x3_4lane_u_tap_4_u_multiplier_booth_wallace_9core_u_core_rs_u_booth_shifted_product_o_pp0_reg[0]/CK->D
          Group: core_clk
     Startpoint: (R) u_controller_valid_pipe_reg[4]/CK
          Clock: (R) core_clk
       Endpoint: (R) u_tap_3x3_4lane_u_tap_4_u_multiplier_booth_wallace_9core_u_core_rs_u_booth_shifted_product_o_pp0_reg[0]/D
          Clock: (R) core_clk

                     Capture       Launch     
        Clock Edge:+    2000            0     
       Src Latency:+       0            0     
       Net Latency:+       0 (I)        0 (I) 
           Arrival:=    2000            0     
                                              
             Setup:-      16                  
       Uncertainty:-      50                  
     Required Time:=    1934                  
      Launch Clock:-       0                  
         Data Path:-     755                  
             Slack:=    1179                  

#--------------------------------------------------------------------------------------------------------------------------------------------------------------------------------------
#                                               Timing Point                                                Flags   Arc   Edge     Cell      Fanout  Load Trans Delay Arrival Instance 
#                                                                                                                                                    (fF)  (ps)  (ps)   (ps)  Location 
#--------------------------------------------------------------------------------------------------------------------------------------------------------------------------------------
  u_controller_valid_pipe_reg[4]/CK                                                                         -       -     R     (arrival)     10145     -     0     0       0    (-,-) 
  u_controller_valid_pipe_reg[4]/Q                                                                          -       CK->Q F     SDFFRHQX1LVT      3   1.3     8    42      42    (-,-) 
  g16288/Y                                                                                                  -       A->Y  F     OR3XLLVT          1   0.3     5    31      73    (-,-) 
  g16285/Y                                                                                                  -       D->Y  F     OR4X1LVT          3   1.3    15    41     114    (-,-) 
  g16282/Y                                                                                                  -       A1->Y R     AOI21X1LVT        1   0.3    12    13     127    (-,-) 
  g16281/Y                                                                                                  -       C->Y  R     OR3X1LVT         26  47.9   271   160     286    (-,-) 
  g16135/Y                                                                                                  -       A->Y  F     CLKINVX8LVT     351 265.6   226   177     464    (-,-) 
  u_tap_3x3_4lane_u_tap_4_g46742/Y                                                                          -       A->Y  R     CLKINVX6LVT     299 249.3   276   194     658    (-,-) 
  u_tap_3x3_4lane_u_tap_4_g46528/Y                                                                          -       B1->Y F     AOI32X1LVT        1   0.3    66    76     734    (-,-) 
  u_tap_3x3_4lane_u_tap_4_g46519/Y                                                                          -       A->Y  R     INVXLLVT          1   0.5    18    22     755    (-,-) 
  u_tap_3x3_4lane_u_tap_4_u_multiplier_booth_wallace_9core_u_core_rs_u_booth_shifted_product_o_pp0_reg[0]/D -       -     R     DFFRHQX1LVT       1     -     -     0     755    (-,-) 
#--------------------------------------------------------------------------------------------------------------------------------------------------------------------------------------



Path 20: MET (1179 ps) Setup Check with Pin u_tap_3x3_4lane_u_tap_4_u_multiplier_booth_wallace_9core_u_core_rq_u_booth_shifted_product_o_pp0_reg[0]/CK->D
          Group: core_clk
     Startpoint: (R) u_controller_valid_pipe_reg[4]/CK
          Clock: (R) core_clk
       Endpoint: (R) u_tap_3x3_4lane_u_tap_4_u_multiplier_booth_wallace_9core_u_core_rq_u_booth_shifted_product_o_pp0_reg[0]/D
          Clock: (R) core_clk

                     Capture       Launch     
        Clock Edge:+    2000            0     
       Src Latency:+       0            0     
       Net Latency:+       0 (I)        0 (I) 
           Arrival:=    2000            0     
                                              
             Setup:-      16                  
       Uncertainty:-      50                  
     Required Time:=    1934                  
      Launch Clock:-       0                  
         Data Path:-     755                  
             Slack:=    1179                  

#--------------------------------------------------------------------------------------------------------------------------------------------------------------------------------------
#                                               Timing Point                                                Flags   Arc   Edge     Cell      Fanout  Load Trans Delay Arrival Instance 
#                                                                                                                                                    (fF)  (ps)  (ps)   (ps)  Location 
#--------------------------------------------------------------------------------------------------------------------------------------------------------------------------------------
  u_controller_valid_pipe_reg[4]/CK                                                                         -       -     R     (arrival)     10145     -     0     0       0    (-,-) 
  u_controller_valid_pipe_reg[4]/Q                                                                          -       CK->Q F     SDFFRHQX1LVT      3   1.3     8    42      42    (-,-) 
  g16288/Y                                                                                                  -       A->Y  F     OR3XLLVT          1   0.3     5    31      73    (-,-) 
  g16285/Y                                                                                                  -       D->Y  F     OR4X1LVT          3   1.3    15    41     114    (-,-) 
  g16282/Y                                                                                                  -       A1->Y R     AOI21X1LVT        1   0.3    12    13     127    (-,-) 
  g16281/Y                                                                                                  -       C->Y  R     OR3X1LVT         26  47.9   271   160     286    (-,-) 
  g16135/Y                                                                                                  -       A->Y  F     CLKINVX8LVT     351 265.6   226   177     464    (-,-) 
  u_tap_3x3_4lane_u_tap_4_g46742/Y                                                                          -       A->Y  R     CLKINVX6LVT     299 249.3   276   194     658    (-,-) 
  u_tap_3x3_4lane_u_tap_4_g46533/Y                                                                          -       B1->Y F     AOI32X1LVT        1   0.3    66    76     734    (-,-) 
  u_tap_3x3_4lane_u_tap_4_g46524/Y                                                                          -       A->Y  R     INVXLLVT          1   0.5    18    22     755    (-,-) 
  u_tap_3x3_4lane_u_tap_4_u_multiplier_booth_wallace_9core_u_core_rq_u_booth_shifted_product_o_pp0_reg[0]/D -       -     R     DFFRHQX1LVT       1     -     -     0     755    (-,-) 
#--------------------------------------------------------------------------------------------------------------------------------------------------------------------------------------

