============================================================
  Generated by:           Genus(TM) Synthesis Solution 21.19-s055_1
  Generated on:           Apr 03 2026  01:13:56 am
  Module:                 pure_quat_conv2d_3x3_core
  Technology libraries:   fast_vdd1v0 1.0
                          fast_vdd1v2 1.0
                          slow_vdd1v0 1.0
                          slow_vdd1v2 1.0
  Operating conditions:   PVT_1P1V_0C (balanced_tree)
  Wireload mode:          enclosed
  Area mode:              timing library
============================================================

                                               Instance                                                           Module            Cell Count  Cell Area  Net Area   Total Area   Wireload  
---------------------------------------------------------------------------------------------------------------------------------------------------------------------------------------------
pure_quat_conv2d_3x3_core                                                                                                                34902 132547.230     0.000   132547.230 <none> (D)  
  u_accumulator_9tap_4lane_gen_stage1[0].u_s1_add_0                                                    adder_signed_24b_825_53561           42    113.202     0.000      113.202 <none> (D)  
  u_accumulator_9tap_4lane_gen_stage1[0].u_s1_add_1                                                    adder_signed_24b_825_53562           42    113.202     0.000      113.202 <none> (D)  
  u_accumulator_9tap_4lane_gen_stage1[0].u_s1_add_2                                                    adder_signed_24b_825_53563           42    113.202     0.000      113.202 <none> (D)  
  u_accumulator_9tap_4lane_gen_stage1[0].u_s1_add_3                                                    adder_signed_24b_825_53564           42    113.202     0.000      113.202 <none> (D)  
  u_accumulator_9tap_4lane_gen_stage1[1].u_s1_add_0                                                    adder_signed_24b_825_53565           42    113.202     0.000      113.202 <none> (D)  
  u_accumulator_9tap_4lane_gen_stage1[1].u_s1_add_1                                                    adder_signed_24b_825_53566           42    113.202     0.000      113.202 <none> (D)  
  u_accumulator_9tap_4lane_gen_stage1[1].u_s1_add_2                                                    adder_signed_24b_825_53567           42    113.202     0.000      113.202 <none> (D)  
  u_accumulator_9tap_4lane_gen_stage1[1].u_s1_add_3                                                    adder_signed_24b_825_53568           42    113.202     0.000      113.202 <none> (D)  
  u_accumulator_9tap_4lane_gen_stage1[2].u_s1_add_0                                                    adder_signed_24b_825_53569           42    113.202     0.000      113.202 <none> (D)  
  u_accumulator_9tap_4lane_gen_stage1[2].u_s1_add_1                                                    adder_signed_24b_825_53570           42    113.202     0.000      113.202 <none> (D)  
  u_accumulator_9tap_4lane_gen_stage1[2].u_s1_add_2                                                    adder_signed_24b_825_53571           42    113.202     0.000      113.202 <none> (D)  
  u_accumulator_9tap_4lane_gen_stage1[2].u_s1_add_3                                                    adder_signed_24b_825_53572           42    113.202     0.000      113.202 <none> (D)  
  u_accumulator_9tap_4lane_gen_stage1[3].u_s1_add_0                                                    adder_signed_24b_825_53573           42    113.202     0.000      113.202 <none> (D)  
  u_accumulator_9tap_4lane_gen_stage1[3].u_s1_add_1                                                    adder_signed_24b_825_53574           42    113.202     0.000      113.202 <none> (D)  
  u_accumulator_9tap_4lane_gen_stage1[3].u_s1_add_2                                                    adder_signed_24b_825_53575           42    113.202     0.000      113.202 <none> (D)  
  u_accumulator_9tap_4lane_gen_stage1[3].u_s1_add_3                                                    adder_signed_24b_825                 42    113.202     0.000      113.202 <none> (D)  
  u_accumulator_9tap_4lane_gen_stage2[0].u_s2_add_0                                                    adder_signed_24b_841_53576           90    177.840     0.000      177.840 <none> (D)  
  u_accumulator_9tap_4lane_gen_stage2[0].u_s2_add_1                                                    adder_signed_24b_841_53577           90    177.840     0.000      177.840 <none> (D)  
  u_accumulator_9tap_4lane_gen_stage2[1].u_s2_add_0                                                    adder_signed_24b_841_53578           90    177.840     0.000      177.840 <none> (D)  
  u_accumulator_9tap_4lane_gen_stage2[1].u_s2_add_1                                                    adder_signed_24b_841_53579           90    177.840     0.000      177.840 <none> (D)  
  u_accumulator_9tap_4lane_gen_stage2[2].u_s2_add_0                                                    adder_signed_24b_841_53580           90    177.840     0.000      177.840 <none> (D)  
  u_accumulator_9tap_4lane_gen_stage2[2].u_s2_add_1                                                    adder_signed_24b_841_53581           90    177.840     0.000      177.840 <none> (D)  
  u_accumulator_9tap_4lane_gen_stage2[3].u_s2_add_0                                                    adder_signed_24b_841_53582           90    177.840     0.000      177.840 <none> (D)  
  u_accumulator_9tap_4lane_gen_stage2[3].u_s2_add_1                                                    adder_signed_24b_841_53583           90    177.840     0.000      177.840 <none> (D)  
  u_accumulator_9tap_4lane_gen_stage3[0].u_s3_add_0                                                    adder_signed_24b_841_53584           74    156.978     0.000      156.978 <none> (D)  
  u_accumulator_9tap_4lane_gen_stage3[1].u_s3_add_0                                                    adder_signed_24b_841_53585           74    156.978     0.000      156.978 <none> (D)  
  u_accumulator_9tap_4lane_gen_stage3[2].u_s3_add_0                                                    adder_signed_24b_841_53586           74    156.978     0.000      156.978 <none> (D)  
  u_accumulator_9tap_4lane_gen_stage3[3].u_s3_add_0                                                    adder_signed_24b_841_53587           74    156.978     0.000      156.978 <none> (D)  
  u_tap_3x3_4lane_u_tap_0_u_add3_y0_u_add_ab                                                           adder_signed_18b_10_52709            60    131.670     0.000      131.670 <none> (D)  
  u_tap_3x3_4lane_u_tap_0_u_add3_y0_u_add_abc                                                          adder_signed_18b_10                  60    131.670     0.000      131.670 <none> (D)  
  u_tap_3x3_4lane_u_tap_0_u_multiplier_booth_wallace_9core_u_core_bp_u_wallace_tree_u_adder_signed_18b adder_signed_18b_52695               46     99.864     0.000       99.864 <none> (D)  
  u_tap_3x3_4lane_u_tap_0_u_multiplier_booth_wallace_9core_u_core_bp_u_wallace_tree_u_wallace_5to2_18b wallace_5to2_18b_65436               91    196.992     0.000      196.992 <none> (D)  
  u_tap_3x3_4lane_u_tap_0_u_multiplier_booth_wallace_9core_u_core_bq_u_wallace_tree_u_adder_signed_18b adder_signed_18b_52694               46     99.864     0.000       99.864 <none> (D)  
  u_tap_3x3_4lane_u_tap_0_u_multiplier_booth_wallace_9core_u_core_bq_u_wallace_tree_u_wallace_5to2_18b wallace_5to2_18b_65435               91    196.992     0.000      196.992 <none> (D)  
  u_tap_3x3_4lane_u_tap_0_u_multiplier_booth_wallace_9core_u_core_bs_u_wallace_tree_u_adder_signed_18b adder_signed_18b_52693               46     99.864     0.000       99.864 <none> (D)  
  u_tap_3x3_4lane_u_tap_0_u_multiplier_booth_wallace_9core_u_core_bs_u_wallace_tree_u_wallace_5to2_18b wallace_5to2_18b_65434               91    196.992     0.000      196.992 <none> (D)  
  u_tap_3x3_4lane_u_tap_0_u_multiplier_booth_wallace_9core_u_core_gp_u_wallace_tree_u_adder_signed_18b adder_signed_18b_52698               46     99.864     0.000       99.864 <none> (D)  
  u_tap_3x3_4lane_u_tap_0_u_multiplier_booth_wallace_9core_u_core_gp_u_wallace_tree_u_wallace_5to2_18b wallace_5to2_18b_65439               91    196.992     0.000      196.992 <none> (D)  
  u_tap_3x3_4lane_u_tap_0_u_multiplier_booth_wallace_9core_u_core_gq_u_wallace_tree_u_adder_signed_18b adder_signed_18b_52697               46     99.864     0.000       99.864 <none> (D)  
  u_tap_3x3_4lane_u_tap_0_u_multiplier_booth_wallace_9core_u_core_gq_u_wallace_tree_u_wallace_5to2_18b wallace_5to2_18b_65438               91    196.992     0.000      196.992 <none> (D)  
  u_tap_3x3_4lane_u_tap_0_u_multiplier_booth_wallace_9core_u_core_gs_u_wallace_tree_u_adder_signed_18b adder_signed_18b_52696               46     99.864     0.000       99.864 <none> (D)  
  u_tap_3x3_4lane_u_tap_0_u_multiplier_booth_wallace_9core_u_core_gs_u_wallace_tree_u_wallace_5to2_18b wallace_5to2_18b_65437               91    196.992     0.000      196.992 <none> (D)  
  u_tap_3x3_4lane_u_tap_0_u_multiplier_booth_wallace_9core_u_core_rp_u_wallace_tree_u_adder_signed_18b adder_signed_18b                     46     99.864     0.000       99.864 <none> (D)  
  u_tap_3x3_4lane_u_tap_0_u_multiplier_booth_wallace_9core_u_core_rp_u_wallace_tree_u_wallace_5to2_18b wallace_5to2_18b                     91    196.992     0.000      196.992 <none> (D)  
  u_tap_3x3_4lane_u_tap_0_u_multiplier_booth_wallace_9core_u_core_rq_u_wallace_tree_u_adder_signed_18b adder_signed_18b_52700               46     99.864     0.000       99.864 <none> (D)  
  u_tap_3x3_4lane_u_tap_0_u_multiplier_booth_wallace_9core_u_core_rq_u_wallace_tree_u_wallace_5to2_18b wallace_5to2_18b_65441               91    196.992     0.000      196.992 <none> (D)  
  u_tap_3x3_4lane_u_tap_0_u_multiplier_booth_wallace_9core_u_core_rs_u_wallace_tree_u_adder_signed_18b adder_signed_18b_52699               46     99.864     0.000       99.864 <none> (D)  
  u_tap_3x3_4lane_u_tap_0_u_multiplier_booth_wallace_9core_u_core_rs_u_wallace_tree_u_wallace_5to2_18b wallace_5to2_18b_65440               91    196.992     0.000      196.992 <none> (D)  
  u_tap_3x3_4lane_u_tap_0_u_sub_y1                                                                     subtractor_signed_18b                95    176.472     0.000      176.472 <none> (D)  
  u_tap_3x3_4lane_u_tap_0_u_sub_y2                                                                     subtractor_signed_18b_20846          95    176.472     0.000      176.472 <none> (D)  
  u_tap_3x3_4lane_u_tap_0_u_sub_y3                                                                     subtractor_signed_18b_20845          95    176.472     0.000      176.472 <none> (D)  
  u_tap_3x3_4lane_u_tap_1_u_add3_y0_u_add_ab                                                           adder_signed_18b_10_52701            60    131.670     0.000      131.670 <none> (D)  
  u_tap_3x3_4lane_u_tap_1_u_add3_y0_u_add_abc                                                          adder_signed_18b_10_52710            60    131.670     0.000      131.670 <none> (D)  
  u_tap_3x3_4lane_u_tap_1_u_multiplier_booth_wallace_9core_u_core_bp_u_wallace_tree_u_adder_signed_18b adder_signed_18b_52686               46     99.864     0.000       99.864 <none> (D)  
  u_tap_3x3_4lane_u_tap_1_u_multiplier_booth_wallace_9core_u_core_bp_u_wallace_tree_u_wallace_5to2_18b wallace_5to2_18b_65427               91    196.992     0.000      196.992 <none> (D)  
  u_tap_3x3_4lane_u_tap_1_u_multiplier_booth_wallace_9core_u_core_bq_u_wallace_tree_u_adder_signed_18b adder_signed_18b_52685               46     99.864     0.000       99.864 <none> (D)  
  u_tap_3x3_4lane_u_tap_1_u_multiplier_booth_wallace_9core_u_core_bq_u_wallace_tree_u_wallace_5to2_18b wallace_5to2_18b_65426               91    196.992     0.000      196.992 <none> (D)  
  u_tap_3x3_4lane_u_tap_1_u_multiplier_booth_wallace_9core_u_core_bs_u_wallace_tree_u_adder_signed_18b adder_signed_18b_52684               46     99.864     0.000       99.864 <none> (D)  
  u_tap_3x3_4lane_u_tap_1_u_multiplier_booth_wallace_9core_u_core_bs_u_wallace_tree_u_wallace_5to2_18b wallace_5to2_18b_65425               91    196.992     0.000      196.992 <none> (D)  
  u_tap_3x3_4lane_u_tap_1_u_multiplier_booth_wallace_9core_u_core_gp_u_wallace_tree_u_adder_signed_18b adder_signed_18b_52689               46     99.864     0.000       99.864 <none> (D)  
  u_tap_3x3_4lane_u_tap_1_u_multiplier_booth_wallace_9core_u_core_gp_u_wallace_tree_u_wallace_5to2_18b wallace_5to2_18b_65430               91    196.992     0.000      196.992 <none> (D)  
  u_tap_3x3_4lane_u_tap_1_u_multiplier_booth_wallace_9core_u_core_gq_u_wallace_tree_u_adder_signed_18b adder_signed_18b_52688               46     99.864     0.000       99.864 <none> (D)  
  u_tap_3x3_4lane_u_tap_1_u_multiplier_booth_wallace_9core_u_core_gq_u_wallace_tree_u_wallace_5to2_18b wallace_5to2_18b_65429               91    196.992     0.000      196.992 <none> (D)  
  u_tap_3x3_4lane_u_tap_1_u_multiplier_booth_wallace_9core_u_core_gs_u_wallace_tree_u_adder_signed_18b adder_signed_18b_52687               46     99.864     0.000       99.864 <none> (D)  
  u_tap_3x3_4lane_u_tap_1_u_multiplier_booth_wallace_9core_u_core_gs_u_wallace_tree_u_wallace_5to2_18b wallace_5to2_18b_65428               91    196.992     0.000      196.992 <none> (D)  
  u_tap_3x3_4lane_u_tap_1_u_multiplier_booth_wallace_9core_u_core_rp_u_wallace_tree_u_adder_signed_18b adder_signed_18b_52692               46     99.864     0.000       99.864 <none> (D)  
  u_tap_3x3_4lane_u_tap_1_u_multiplier_booth_wallace_9core_u_core_rp_u_wallace_tree_u_wallace_5to2_18b wallace_5to2_18b_65433               91    196.992     0.000      196.992 <none> (D)  
  u_tap_3x3_4lane_u_tap_1_u_multiplier_booth_wallace_9core_u_core_rq_u_wallace_tree_u_adder_signed_18b adder_signed_18b_52691               46     99.864     0.000       99.864 <none> (D)  
  u_tap_3x3_4lane_u_tap_1_u_multiplier_booth_wallace_9core_u_core_rq_u_wallace_tree_u_wallace_5to2_18b wallace_5to2_18b_65432               91    196.992     0.000      196.992 <none> (D)  
  u_tap_3x3_4lane_u_tap_1_u_multiplier_booth_wallace_9core_u_core_rs_u_wallace_tree_u_adder_signed_18b adder_signed_18b_52690               46     99.864     0.000       99.864 <none> (D)  
  u_tap_3x3_4lane_u_tap_1_u_multiplier_booth_wallace_9core_u_core_rs_u_wallace_tree_u_wallace_5to2_18b wallace_5to2_18b_65431               91    196.992     0.000      196.992 <none> (D)  
  u_tap_3x3_4lane_u_tap_1_u_sub_y1                                                                     subtractor_signed_18b_20844          95    176.472     0.000      176.472 <none> (D)  
  u_tap_3x3_4lane_u_tap_1_u_sub_y2                                                                     subtractor_signed_18b_20843          95    176.472     0.000      176.472 <none> (D)  
  u_tap_3x3_4lane_u_tap_1_u_sub_y3                                                                     subtractor_signed_18b_20842          95    176.472     0.000      176.472 <none> (D)  
  u_tap_3x3_4lane_u_tap_2_u_add3_y0_u_add_ab                                                           adder_signed_18b_10_52702            60    131.670     0.000      131.670 <none> (D)  
  u_tap_3x3_4lane_u_tap_2_u_add3_y0_u_add_abc                                                          adder_signed_18b_10_52711            60    131.670     0.000      131.670 <none> (D)  
  u_tap_3x3_4lane_u_tap_2_u_multiplier_booth_wallace_9core_u_core_bp_u_wallace_tree_u_adder_signed_18b adder_signed_18b_52677               46     99.864     0.000       99.864 <none> (D)  
  u_tap_3x3_4lane_u_tap_2_u_multiplier_booth_wallace_9core_u_core_bp_u_wallace_tree_u_wallace_5to2_18b wallace_5to2_18b_65418               91    196.992     0.000      196.992 <none> (D)  
  u_tap_3x3_4lane_u_tap_2_u_multiplier_booth_wallace_9core_u_core_bq_u_wallace_tree_u_adder_signed_18b adder_signed_18b_52676               46     99.864     0.000       99.864 <none> (D)  
  u_tap_3x3_4lane_u_tap_2_u_multiplier_booth_wallace_9core_u_core_bq_u_wallace_tree_u_wallace_5to2_18b wallace_5to2_18b_65417               91    196.992     0.000      196.992 <none> (D)  
  u_tap_3x3_4lane_u_tap_2_u_multiplier_booth_wallace_9core_u_core_bs_u_wallace_tree_u_adder_signed_18b adder_signed_18b_52675               46     99.864     0.000       99.864 <none> (D)  
  u_tap_3x3_4lane_u_tap_2_u_multiplier_booth_wallace_9core_u_core_bs_u_wallace_tree_u_wallace_5to2_18b wallace_5to2_18b_65416               91    196.992     0.000      196.992 <none> (D)  
  u_tap_3x3_4lane_u_tap_2_u_multiplier_booth_wallace_9core_u_core_gp_u_wallace_tree_u_adder_signed_18b adder_signed_18b_52680               46     99.864     0.000       99.864 <none> (D)  
  u_tap_3x3_4lane_u_tap_2_u_multiplier_booth_wallace_9core_u_core_gp_u_wallace_tree_u_wallace_5to2_18b wallace_5to2_18b_65421               91    196.992     0.000      196.992 <none> (D)  
  u_tap_3x3_4lane_u_tap_2_u_multiplier_booth_wallace_9core_u_core_gq_u_wallace_tree_u_adder_signed_18b adder_signed_18b_52679               46     99.864     0.000       99.864 <none> (D)  
  u_tap_3x3_4lane_u_tap_2_u_multiplier_booth_wallace_9core_u_core_gq_u_wallace_tree_u_wallace_5to2_18b wallace_5to2_18b_65420               91    196.992     0.000      196.992 <none> (D)  
  u_tap_3x3_4lane_u_tap_2_u_multiplier_booth_wallace_9core_u_core_gs_u_wallace_tree_u_adder_signed_18b adder_signed_18b_52678               46     99.864     0.000       99.864 <none> (D)  
  u_tap_3x3_4lane_u_tap_2_u_multiplier_booth_wallace_9core_u_core_gs_u_wallace_tree_u_wallace_5to2_18b wallace_5to2_18b_65419               91    196.992     0.000      196.992 <none> (D)  
  u_tap_3x3_4lane_u_tap_2_u_multiplier_booth_wallace_9core_u_core_rp_u_wallace_tree_u_adder_signed_18b adder_signed_18b_52683               46     99.864     0.000       99.864 <none> (D)  
  u_tap_3x3_4lane_u_tap_2_u_multiplier_booth_wallace_9core_u_core_rp_u_wallace_tree_u_wallace_5to2_18b wallace_5to2_18b_65424               91    196.992     0.000      196.992 <none> (D)  
  u_tap_3x3_4lane_u_tap_2_u_multiplier_booth_wallace_9core_u_core_rq_u_wallace_tree_u_adder_signed_18b adder_signed_18b_52682               46     99.864     0.000       99.864 <none> (D)  
  u_tap_3x3_4lane_u_tap_2_u_multiplier_booth_wallace_9core_u_core_rq_u_wallace_tree_u_wallace_5to2_18b wallace_5to2_18b_65423               91    196.992     0.000      196.992 <none> (D)  
  u_tap_3x3_4lane_u_tap_2_u_multiplier_booth_wallace_9core_u_core_rs_u_wallace_tree_u_adder_signed_18b adder_signed_18b_52681               46     99.864     0.000       99.864 <none> (D)  
  u_tap_3x3_4lane_u_tap_2_u_multiplier_booth_wallace_9core_u_core_rs_u_wallace_tree_u_wallace_5to2_18b wallace_5to2_18b_65422               91    196.992     0.000      196.992 <none> (D)  
  u_tap_3x3_4lane_u_tap_2_u_sub_y1                                                                     subtractor_signed_18b_20841          95    176.472     0.000      176.472 <none> (D)  
  u_tap_3x3_4lane_u_tap_2_u_sub_y2                                                                     subtractor_signed_18b_20840          95    176.472     0.000      176.472 <none> (D)  
  u_tap_3x3_4lane_u_tap_2_u_sub_y3                                                                     subtractor_signed_18b_20839          95    176.472     0.000      176.472 <none> (D)  
  u_tap_3x3_4lane_u_tap_3_u_add3_y0_u_add_ab                                                           adder_signed_18b_10_52703            60    131.670     0.000      131.670 <none> (D)  
  u_tap_3x3_4lane_u_tap_3_u_add3_y0_u_add_abc                                                          adder_signed_18b_10_52712            60    131.670     0.000      131.670 <none> (D)  
  u_tap_3x3_4lane_u_tap_3_u_multiplier_booth_wallace_9core_u_core_bp_u_wallace_tree_u_adder_signed_18b adder_signed_18b_52668               46     99.864     0.000       99.864 <none> (D)  
  u_tap_3x3_4lane_u_tap_3_u_multiplier_booth_wallace_9core_u_core_bp_u_wallace_tree_u_wallace_5to2_18b wallace_5to2_18b_65409               91    196.992     0.000      196.992 <none> (D)  
  u_tap_3x3_4lane_u_tap_3_u_multiplier_booth_wallace_9core_u_core_bq_u_wallace_tree_u_adder_signed_18b adder_signed_18b_52667               46     99.864     0.000       99.864 <none> (D)  
  u_tap_3x3_4lane_u_tap_3_u_multiplier_booth_wallace_9core_u_core_bq_u_wallace_tree_u_wallace_5to2_18b wallace_5to2_18b_65408               91    196.992     0.000      196.992 <none> (D)  
  u_tap_3x3_4lane_u_tap_3_u_multiplier_booth_wallace_9core_u_core_bs_u_wallace_tree_u_adder_signed_18b adder_signed_18b_52666               46     99.864     0.000       99.864 <none> (D)  
  u_tap_3x3_4lane_u_tap_3_u_multiplier_booth_wallace_9core_u_core_bs_u_wallace_tree_u_wallace_5to2_18b wallace_5to2_18b_65407               91    196.992     0.000      196.992 <none> (D)  
  u_tap_3x3_4lane_u_tap_3_u_multiplier_booth_wallace_9core_u_core_gp_u_wallace_tree_u_adder_signed_18b adder_signed_18b_52671               46     99.864     0.000       99.864 <none> (D)  
  u_tap_3x3_4lane_u_tap_3_u_multiplier_booth_wallace_9core_u_core_gp_u_wallace_tree_u_wallace_5to2_18b wallace_5to2_18b_65412               91    196.992     0.000      196.992 <none> (D)  
  u_tap_3x3_4lane_u_tap_3_u_multiplier_booth_wallace_9core_u_core_gq_u_wallace_tree_u_adder_signed_18b adder_signed_18b_52670               46     99.864     0.000       99.864 <none> (D)  
  u_tap_3x3_4lane_u_tap_3_u_multiplier_booth_wallace_9core_u_core_gq_u_wallace_tree_u_wallace_5to2_18b wallace_5to2_18b_65411               91    196.992     0.000      196.992 <none> (D)  
  u_tap_3x3_4lane_u_tap_3_u_multiplier_booth_wallace_9core_u_core_gs_u_wallace_tree_u_adder_signed_18b adder_signed_18b_52669               46     99.864     0.000       99.864 <none> (D)  
  u_tap_3x3_4lane_u_tap_3_u_multiplier_booth_wallace_9core_u_core_gs_u_wallace_tree_u_wallace_5to2_18b wallace_5to2_18b_65410               91    196.992     0.000      196.992 <none> (D)  
  u_tap_3x3_4lane_u_tap_3_u_multiplier_booth_wallace_9core_u_core_rp_u_wallace_tree_u_adder_signed_18b adder_signed_18b_52674               46     99.864     0.000       99.864 <none> (D)  
  u_tap_3x3_4lane_u_tap_3_u_multiplier_booth_wallace_9core_u_core_rp_u_wallace_tree_u_wallace_5to2_18b wallace_5to2_18b_65415               91    196.992     0.000      196.992 <none> (D)  
  u_tap_3x3_4lane_u_tap_3_u_multiplier_booth_wallace_9core_u_core_rq_u_wallace_tree_u_adder_signed_18b adder_signed_18b_52673               46     99.864     0.000       99.864 <none> (D)  
  u_tap_3x3_4lane_u_tap_3_u_multiplier_booth_wallace_9core_u_core_rq_u_wallace_tree_u_wallace_5to2_18b wallace_5to2_18b_65414               91    196.992     0.000      196.992 <none> (D)  
  u_tap_3x3_4lane_u_tap_3_u_multiplier_booth_wallace_9core_u_core_rs_u_wallace_tree_u_adder_signed_18b adder_signed_18b_52672               46     99.864     0.000       99.864 <none> (D)  
  u_tap_3x3_4lane_u_tap_3_u_multiplier_booth_wallace_9core_u_core_rs_u_wallace_tree_u_wallace_5to2_18b wallace_5to2_18b_65413               91    196.992     0.000      196.992 <none> (D)  
  u_tap_3x3_4lane_u_tap_3_u_sub_y1                                                                     subtractor_signed_18b_20838          95    176.472     0.000      176.472 <none> (D)  
  u_tap_3x3_4lane_u_tap_3_u_sub_y2                                                                     subtractor_signed_18b_20837          95    176.472     0.000      176.472 <none> (D)  
  u_tap_3x3_4lane_u_tap_3_u_sub_y3                                                                     subtractor_signed_18b_20836          95    176.472     0.000      176.472 <none> (D)  
  u_tap_3x3_4lane_u_tap_4_u_add3_y0_u_add_ab                                                           adder_signed_18b_10_52704            60    131.670     0.000      131.670 <none> (D)  
  u_tap_3x3_4lane_u_tap_4_u_add3_y0_u_add_abc                                                          adder_signed_18b_10_52713            60    131.670     0.000      131.670 <none> (D)  
  u_tap_3x3_4lane_u_tap_4_u_multiplier_booth_wallace_9core_u_core_bp_u_wallace_tree_u_adder_signed_18b adder_signed_18b_52659               46     99.864     0.000       99.864 <none> (D)  
  u_tap_3x3_4lane_u_tap_4_u_multiplier_booth_wallace_9core_u_core_bq_u_wallace_tree_u_adder_signed_18b adder_signed_18b_52658               46     99.864     0.000       99.864 <none> (D)  
  u_tap_3x3_4lane_u_tap_4_u_multiplier_booth_wallace_9core_u_core_bs_u_wallace_tree_u_adder_signed_18b adder_signed_18b_52657               46     99.864     0.000       99.864 <none> (D)  
  u_tap_3x3_4lane_u_tap_4_u_multiplier_booth_wallace_9core_u_core_gp_u_wallace_tree_u_adder_signed_18b adder_signed_18b_52662               46     99.864     0.000       99.864 <none> (D)  
  u_tap_3x3_4lane_u_tap_4_u_multiplier_booth_wallace_9core_u_core_gp_u_wallace_tree_u_wallace_5to2_18b wallace_5to2_18b_65403               91    196.992     0.000      196.992 <none> (D)  
  u_tap_3x3_4lane_u_tap_4_u_multiplier_booth_wallace_9core_u_core_gq_u_wallace_tree_u_adder_signed_18b adder_signed_18b_52661               46     99.864     0.000       99.864 <none> (D)  
  u_tap_3x3_4lane_u_tap_4_u_multiplier_booth_wallace_9core_u_core_gs_u_wallace_tree_u_adder_signed_18b adder_signed_18b_52660               46     99.864     0.000       99.864 <none> (D)  
  u_tap_3x3_4lane_u_tap_4_u_multiplier_booth_wallace_9core_u_core_rp_u_wallace_tree_u_adder_signed_18b adder_signed_18b_52665               46     99.864     0.000       99.864 <none> (D)  
  u_tap_3x3_4lane_u_tap_4_u_multiplier_booth_wallace_9core_u_core_rp_u_wallace_tree_u_wallace_5to2_18b wallace_5to2_18b_65406               91    196.992     0.000      196.992 <none> (D)  
  u_tap_3x3_4lane_u_tap_4_u_multiplier_booth_wallace_9core_u_core_rq_u_wallace_tree_u_adder_signed_18b adder_signed_18b_52664               46     99.864     0.000       99.864 <none> (D)  
  u_tap_3x3_4lane_u_tap_4_u_multiplier_booth_wallace_9core_u_core_rq_u_wallace_tree_u_wallace_5to2_18b wallace_5to2_18b_65405               91    196.992     0.000      196.992 <none> (D)  
  u_tap_3x3_4lane_u_tap_4_u_multiplier_booth_wallace_9core_u_core_rs_u_wallace_tree_u_adder_signed_18b adder_signed_18b_52663               46     99.864     0.000       99.864 <none> (D)  
  u_tap_3x3_4lane_u_tap_4_u_multiplier_booth_wallace_9core_u_core_rs_u_wallace_tree_u_wallace_5to2_18b wallace_5to2_18b_65404               91    196.992     0.000      196.992 <none> (D)  
  u_tap_3x3_4lane_u_tap_4_u_sub_y1                                                                     subtractor_signed_18b_20835          95    176.472     0.000      176.472 <none> (D)  
  u_tap_3x3_4lane_u_tap_4_u_sub_y2                                                                     subtractor_signed_18b_20834          95    176.472     0.000      176.472 <none> (D)  
  u_tap_3x3_4lane_u_tap_4_u_sub_y3                                                                     subtractor_signed_18b_20833          95    176.472     0.000      176.472 <none> (D)  
  u_tap_3x3_4lane_u_tap_5_u_add3_y0_u_add_ab                                                           adder_signed_18b_10_52705            60    131.670     0.000      131.670 <none> (D)  
  u_tap_3x3_4lane_u_tap_5_u_add3_y0_u_add_abc                                                          adder_signed_18b_10_52714            60    131.670     0.000      131.670 <none> (D)  
  u_tap_3x3_4lane_u_tap_5_u_multiplier_booth_wallace_9core_u_core_bp_u_wallace_tree_u_adder_signed_18b adder_signed_18b_52650               46     99.864     0.000       99.864 <none> (D)  
  u_tap_3x3_4lane_u_tap_5_u_multiplier_booth_wallace_9core_u_core_bq_u_wallace_tree_u_adder_signed_18b adder_signed_18b_52649               46     99.864     0.000       99.864 <none> (D)  
  u_tap_3x3_4lane_u_tap_5_u_multiplier_booth_wallace_9core_u_core_bs_u_wallace_tree_u_adder_signed_18b adder_signed_18b_52648               46     99.864     0.000       99.864 <none> (D)  
  u_tap_3x3_4lane_u_tap_5_u_multiplier_booth_wallace_9core_u_core_gp_u_wallace_tree_u_adder_signed_18b adder_signed_18b_52653               46     99.864     0.000       99.864 <none> (D)  
  u_tap_3x3_4lane_u_tap_5_u_multiplier_booth_wallace_9core_u_core_gq_u_wallace_tree_u_adder_signed_18b adder_signed_18b_52652               46     99.864     0.000       99.864 <none> (D)  
  u_tap_3x3_4lane_u_tap_5_u_multiplier_booth_wallace_9core_u_core_gs_u_wallace_tree_u_adder_signed_18b adder_signed_18b_52651               46     99.864     0.000       99.864 <none> (D)  
  u_tap_3x3_4lane_u_tap_5_u_multiplier_booth_wallace_9core_u_core_rp_u_wallace_tree_u_adder_signed_18b adder_signed_18b_52656               46     99.864     0.000       99.864 <none> (D)  
  u_tap_3x3_4lane_u_tap_5_u_multiplier_booth_wallace_9core_u_core_rq_u_wallace_tree_u_adder_signed_18b adder_signed_18b_52655               46     99.864     0.000       99.864 <none> (D)  
  u_tap_3x3_4lane_u_tap_5_u_multiplier_booth_wallace_9core_u_core_rs_u_wallace_tree_u_adder_signed_18b adder_signed_18b_52654               46     99.864     0.000       99.864 <none> (D)  
  u_tap_3x3_4lane_u_tap_5_u_sub_y1                                                                     subtractor_signed_18b_20832          95    176.472     0.000      176.472 <none> (D)  
  u_tap_3x3_4lane_u_tap_5_u_sub_y2                                                                     subtractor_signed_18b_20831          95    176.472     0.000      176.472 <none> (D)  
  u_tap_3x3_4lane_u_tap_5_u_sub_y3                                                                     subtractor_signed_18b_20830          95    176.472     0.000      176.472 <none> (D)  
  u_tap_3x3_4lane_u_tap_6_u_add3_y0_u_add_ab                                                           adder_signed_18b_10_52706            60    131.670     0.000      131.670 <none> (D)  
  u_tap_3x3_4lane_u_tap_6_u_add3_y0_u_add_abc                                                          adder_signed_18b_10_52715            60    131.670     0.000      131.670 <none> (D)  
  u_tap_3x3_4lane_u_tap_6_u_multiplier_booth_wallace_9core_u_core_bp_u_wallace_tree_u_adder_signed_18b adder_signed_18b_52641               46     99.864     0.000       99.864 <none> (D)  
  u_tap_3x3_4lane_u_tap_6_u_multiplier_booth_wallace_9core_u_core_bq_u_wallace_tree_u_adder_signed_18b adder_signed_18b_52640               46     99.864     0.000       99.864 <none> (D)  
  u_tap_3x3_4lane_u_tap_6_u_multiplier_booth_wallace_9core_u_core_bs_u_wallace_tree_u_adder_signed_18b adder_signed_18b_52639               46     99.864     0.000       99.864 <none> (D)  
  u_tap_3x3_4lane_u_tap_6_u_multiplier_booth_wallace_9core_u_core_gp_u_wallace_tree_u_adder_signed_18b adder_signed_18b_52644               46     99.864     0.000       99.864 <none> (D)  
  u_tap_3x3_4lane_u_tap_6_u_multiplier_booth_wallace_9core_u_core_gq_u_wallace_tree_u_adder_signed_18b adder_signed_18b_52643               46     99.864     0.000       99.864 <none> (D)  
  u_tap_3x3_4lane_u_tap_6_u_multiplier_booth_wallace_9core_u_core_gs_u_wallace_tree_u_adder_signed_18b adder_signed_18b_52642               46     99.864     0.000       99.864 <none> (D)  
  u_tap_3x3_4lane_u_tap_6_u_multiplier_booth_wallace_9core_u_core_rp_u_wallace_tree_u_adder_signed_18b adder_signed_18b_52647               46     99.864     0.000       99.864 <none> (D)  
  u_tap_3x3_4lane_u_tap_6_u_multiplier_booth_wallace_9core_u_core_rq_u_wallace_tree_u_adder_signed_18b adder_signed_18b_52646               46     99.864     0.000       99.864 <none> (D)  
  u_tap_3x3_4lane_u_tap_6_u_multiplier_booth_wallace_9core_u_core_rs_u_wallace_tree_u_adder_signed_18b adder_signed_18b_52645               46     99.864     0.000       99.864 <none> (D)  
  u_tap_3x3_4lane_u_tap_6_u_sub_y1                                                                     subtractor_signed_18b_20829          95    176.472     0.000      176.472 <none> (D)  
  u_tap_3x3_4lane_u_tap_6_u_sub_y2                                                                     subtractor_signed_18b_20828          95    176.472     0.000      176.472 <none> (D)  
  u_tap_3x3_4lane_u_tap_6_u_sub_y3                                                                     subtractor_signed_18b_20827          95    176.472     0.000      176.472 <none> (D)  
  u_tap_3x3_4lane_u_tap_7_u_add3_y0_u_add_ab                                                           adder_signed_18b_10_52707            60    131.670     0.000      131.670 <none> (D)  
  u_tap_3x3_4lane_u_tap_7_u_add3_y0_u_add_abc                                                          adder_signed_18b_10_52716            60    131.670     0.000      131.670 <none> (D)  
  u_tap_3x3_4lane_u_tap_7_u_multiplier_booth_wallace_9core_u_core_bp_u_wallace_tree_u_adder_signed_18b adder_signed_18b_52632               46     99.864     0.000       99.864 <none> (D)  
  u_tap_3x3_4lane_u_tap_7_u_multiplier_booth_wallace_9core_u_core_bq_u_wallace_tree_u_adder_signed_18b adder_signed_18b_52631               46     99.864     0.000       99.864 <none> (D)  
  u_tap_3x3_4lane_u_tap_7_u_multiplier_booth_wallace_9core_u_core_bs_u_wallace_tree_u_adder_signed_18b adder_signed_18b_52630               46     99.864     0.000       99.864 <none> (D)  
  u_tap_3x3_4lane_u_tap_7_u_multiplier_booth_wallace_9core_u_core_gp_u_wallace_tree_u_adder_signed_18b adder_signed_18b_52635               46     99.864     0.000       99.864 <none> (D)  
  u_tap_3x3_4lane_u_tap_7_u_multiplier_booth_wallace_9core_u_core_gq_u_wallace_tree_u_adder_signed_18b adder_signed_18b_52634               46     99.864     0.000       99.864 <none> (D)  
  u_tap_3x3_4lane_u_tap_7_u_multiplier_booth_wallace_9core_u_core_gs_u_wallace_tree_u_adder_signed_18b adder_signed_18b_52633               46     99.864     0.000       99.864 <none> (D)  
  u_tap_3x3_4lane_u_tap_7_u_multiplier_booth_wallace_9core_u_core_rp_u_wallace_tree_u_adder_signed_18b adder_signed_18b_52638               46     99.864     0.000       99.864 <none> (D)  
  u_tap_3x3_4lane_u_tap_7_u_multiplier_booth_wallace_9core_u_core_rq_u_wallace_tree_u_adder_signed_18b adder_signed_18b_52637               46     99.864     0.000       99.864 <none> (D)  
  u_tap_3x3_4lane_u_tap_7_u_multiplier_booth_wallace_9core_u_core_rs_u_wallace_tree_u_adder_signed_18b adder_signed_18b_52636               46     99.864     0.000       99.864 <none> (D)  
  u_tap_3x3_4lane_u_tap_7_u_sub_y1                                                                     subtractor_signed_18b_20826          95    176.472     0.000      176.472 <none> (D)  
  u_tap_3x3_4lane_u_tap_7_u_sub_y2                                                                     subtractor_signed_18b_20825          95    176.472     0.000      176.472 <none> (D)  
  u_tap_3x3_4lane_u_tap_7_u_sub_y3                                                                     subtractor_signed_18b_20824          95    176.472     0.000      176.472 <none> (D)  
  u_tap_3x3_4lane_u_tap_8_u_add3_y0_u_add_ab                                                           adder_signed_18b_10_52708            60    131.670     0.000      131.670 <none> (D)  
  u_tap_3x3_4lane_u_tap_8_u_add3_y0_u_add_abc                                                          adder_signed_18b_10_52717            60    131.670     0.000      131.670 <none> (D)  
  u_tap_3x3_4lane_u_tap_8_u_multiplier_booth_wallace_9core_u_core_bp_u_wallace_tree_u_adder_signed_18b adder_signed_18b_52623               46     99.864     0.000       99.864 <none> (D)  
  u_tap_3x3_4lane_u_tap_8_u_multiplier_booth_wallace_9core_u_core_bq_u_wallace_tree_u_adder_signed_18b adder_signed_18b_52622               46     99.864     0.000       99.864 <none> (D)  
  u_tap_3x3_4lane_u_tap_8_u_multiplier_booth_wallace_9core_u_core_gp_u_wallace_tree_u_adder_signed_18b adder_signed_18b_52626               46     99.864     0.000       99.864 <none> (D)  
  u_tap_3x3_4lane_u_tap_8_u_multiplier_booth_wallace_9core_u_core_gq_u_wallace_tree_u_adder_signed_18b adder_signed_18b_52625               46     99.864     0.000       99.864 <none> (D)  
  u_tap_3x3_4lane_u_tap_8_u_multiplier_booth_wallace_9core_u_core_gs_u_wallace_tree_u_adder_signed_18b adder_signed_18b_52624               46     99.864     0.000       99.864 <none> (D)  
  u_tap_3x3_4lane_u_tap_8_u_multiplier_booth_wallace_9core_u_core_rp_u_wallace_tree_u_adder_signed_18b adder_signed_18b_52629               46     99.864     0.000       99.864 <none> (D)  
  u_tap_3x3_4lane_u_tap_8_u_multiplier_booth_wallace_9core_u_core_rq_u_wallace_tree_u_adder_signed_18b adder_signed_18b_52628               46     99.864     0.000       99.864 <none> (D)  
  u_tap_3x3_4lane_u_tap_8_u_multiplier_booth_wallace_9core_u_core_rs_u_wallace_tree_u_adder_signed_18b adder_signed_18b_52627               46     99.864     0.000       99.864 <none> (D)  
  u_tap_3x3_4lane_u_tap_8_u_sub_y1                                                                     subtractor_signed_18b_20823          95    176.472     0.000      176.472 <none> (D)  
  u_tap_3x3_4lane_u_tap_8_u_sub_y2                                                                     subtractor_signed_18b_20822          95    176.472     0.000      176.472 <none> (D)  
  u_tap_3x3_4lane_u_tap_8_u_sub_y3                                                                     subtractor_signed_18b_20821          95    176.472     0.000      176.472 <none> (D)  
  (D) = wireload is default in technology library
