============================================================
  Generated by:           Genus(TM) Synthesis Solution 21.19-s055_1
  Generated on:           Apr 03 2026  01:13:57 am
  Module:                 pure_quat_conv2d_3x3_core
  Technology libraries:   fast_vdd1v0 1.0
                          fast_vdd1v2 1.0
                          slow_vdd1v0 1.0
                          slow_vdd1v2 1.0
  Operating conditions:   PVT_1P1V_0C (balanced_tree)
  Wireload mode:          enclosed
  Area mode:              timing library
============================================================

                                    
    Gate      Instances     Area        Library    
---------------------------------------------------
ADDFX1LVT           128     656.640    fast_vdd1v0 
ADDHX1LVT           113     425.106    fast_vdd1v0 
AND2X1LVT           137     187.416    fast_vdd1v0 
AND2X2LVT             2       3.420    fast_vdd1v0 
AND2XLLVT             5       6.840    fast_vdd1v0 
AND3XLLVT             1       2.052    fast_vdd1v0 
AO21X1LVT            27      64.638    fast_vdd1v0 
AO21XLLVT            30      71.820    fast_vdd1v0 
AO22XLLVT           579    1584.144    fast_vdd1v0 
AOI21X1LVT          112     191.520    fast_vdd1v0 
AOI21XLLVT          184     314.640    fast_vdd1v0 
AOI221X1LVT          94     225.036    fast_vdd1v0 
AOI22X1LVT         1865    3826.980    fast_vdd1v0 
AOI22XLLVT         1034    2121.768    fast_vdd1v0 
AOI2BB1X1LVT         51     104.652    fast_vdd1v0 
AOI2BB1XLLVT        108     221.616    fast_vdd1v0 
AOI32X1LVT          405     969.570    fast_vdd1v0 
BUFX2LVT              1       1.710    fast_vdd1v0 
CLKINVX4LVT           2       3.420    fast_vdd1v0 
CLKINVX6LVT           7      16.758    fast_vdd1v0 
CLKINVX8LVT           1       3.078    fast_vdd1v0 
CLKMX2X8LVT           1       5.814    fast_vdd1v0 
CLKXOR2X1LVT        260     711.360    fast_vdd1v0 
DFFRHQX1LVT         661    4069.116    fast_vdd1v0 
DFFRX1LVT           451    3084.840    fast_vdd1v0 
INVX1LVT            631     431.604    fast_vdd1v0 
INVX8LVT              1       3.078    fast_vdd1v0 
INVXLLVT            832     569.088    fast_vdd1v0 
MX2X1LVT            135     323.190    fast_vdd1v0 
MX2XLLVT              1       2.394    fast_vdd1v0 
MXI2XLLVT           324     775.656    fast_vdd1v0 
NAND2BX1LVT         462     632.016    fast_vdd1v0 
NAND2BXLLVT         376     514.368    fast_vdd1v0 
NAND2X1LVT          754     773.604    fast_vdd1v0 
NAND2XLLVT         1136    1165.536    fast_vdd1v0 
NAND3BXLLVT          80     136.800    fast_vdd1v0 
NAND3X1LVT          149     254.790    fast_vdd1v0 
NAND4BX1LVT           2       4.788    fast_vdd1v0 
NAND4XLLVT            5       8.550    fast_vdd1v0 
NOR2BX1LVT          608     831.744    fast_vdd1v0 
NOR2X1LVT           582     597.132    fast_vdd1v0 
NOR2XLLVT           230     235.980    fast_vdd1v0 
NOR3BX1LVT            8      16.416    fast_vdd1v0 
NOR3BXLLVT           27      55.404    fast_vdd1v0 
NOR3X1LVT            82     140.220    fast_vdd1v0 
NOR4BBX1LVT           1       2.736    fast_vdd1v0 
NOR4BX1LVT            4       9.576    fast_vdd1v0 
NOR4X1LVT             2       3.420    fast_vdd1v0 
OA21X1LVT           152     311.904    fast_vdd1v0 
OAI21X1LVT          731    1250.010    fast_vdd1v0 
OAI21XLLVT          250     427.500    fast_vdd1v0 
OAI221X1LVT        1524    3648.456    fast_vdd1v0 
OAI222X1LVT         414    1132.704    fast_vdd1v0 
OAI222XLLVT         701    1917.936    fast_vdd1v0 
OAI22X1LVT          311     638.172    fast_vdd1v0 
OAI22XLLVT          420     861.840    fast_vdd1v0 
OAI2BB1X1LVT        458     783.180    fast_vdd1v0 
OAI31X1LVT            5      10.260    fast_vdd1v0 
OAI32X1LVT           83     198.702    fast_vdd1v0 
OR2X1LVT              1       1.368    fast_vdd1v0 
OR2X8LVT              1       4.446    fast_vdd1v0 
OR2XLLVT            115     157.320    fast_vdd1v0 
OR3XLLVT             14      28.728    fast_vdd1v0 
OR4X1LVT              9      18.468    fast_vdd1v0 
SDFFRHQX1LVT       9033   74142.864    fast_vdd1v0 
XNOR2X1LVT         3528    8446.032    fast_vdd1v0 
XOR2XLLVT          4461   12205.296    fast_vdd1v0 
---------------------------------------------------
total             34902  132547.230                


                                           
     Type      Instances    Area    Area % 
-------------------------------------------
sequential         10145  81296.820   61.3 
inverter            1474   1027.026    0.8 
buffer                 1      1.710    0.0 
logic              23282  50221.674   37.9 
physical_cells         0      0.000    0.0 
-------------------------------------------
total              34902 132547.230  100.0 

