============================================================
  Generated by:           Genus(TM) Synthesis Solution 21.19-s055_1
  Generated on:           Apr 03 2026  01:13:51 am
  Module:                 pure_quat_conv2d_3x3_core
  Technology libraries:   fast_vdd1v0 1.0
                          fast_vdd1v2 1.0
                          slow_vdd1v0 1.0
                          slow_vdd1v2 1.0
  Operating conditions:   PVT_1P1V_0C (balanced_tree)
  Wireload mode:          enclosed
  Area mode:              timing library
============================================================

Timing
--------

  Clock   Period 
-----------------
core_clk 10000.0 


  Cost     Critical         Violating 
  Group   Path Slack  TNS     Paths   
--------------------------------------
core_clk      7208.3   0.0          0 
default     No paths   0.0            
--------------------------------------
Total                  0.0          0 

Instance Count
--------------
Leaf Instance Count             34902 
Physical Instance count             0 
Sequential Instance Count       10145 
Combinational Instance Count    24757 
Hierarchical Instance Count       193 

Area
----
Cell Area                          132547.230
Physical Cell Area                 0.000
Total Cell Area (Cell+Physical)    132547.230
Net Area                           0.000
Total Area (Cell+Physical+Net)     132547.230

Max Fanout                         10145 (i_clk)
Min Fanout                         0 (u_accumulator_9tap_4lane_ov_s1[0][0])
Average Fanout                     3.0
Terms to net ratio                 4.2689
Terms to instance ratio            4.4249
Runtime                            2026.999999 seconds
Elapsed Runtime                    2252 seconds
Genus peak memory usage            2523.60 
Innovus peak memory usage          no_value 
Hostname                           pink
