============================================================
  Generated by:           Genus(TM) Synthesis Solution 21.19-s055_1
  Generated on:           Apr 03 2026  01:13:57 am
  Module:                 pure_quat_conv2d_3x3_core
  Operating conditions:   PVT_1P1V_0C (balanced_tree)
  Wireload mode:          enclosed
  Area mode:              timing library
============================================================


Path 1: MET (7208 ps) Late External Delay Assertion at pin o_out_latch
          Group: core_clk
     Startpoint: (R) u_controller_state_cur_reg[2]/CK
          Clock: (R) core_clk
       Endpoint: (F) o_out_latch
          Clock: (R) core_clk

                     Capture       Launch     
        Clock Edge:+   10000            0     
       Src Latency:+       0            0     
       Net Latency:+       0 (I)        0 (I) 
           Arrival:=   10000            0     
                                              
      Output Delay:-    2000                  
       Uncertainty:-     200                  
     Required Time:=    7800                  
      Launch Clock:-       0                  
         Data Path:-     592                  
             Slack:=    7208                  

Exceptions/Constraints:
  output_delay             2000            pure_quat_conv2d_3x3_line_17_153_1 

#------------------------------------------------------------------------------------------------------------
#          Timing Point            Flags   Arc   Edge    Cell      Fanout  Load Trans Delay Arrival Instance 
#                                                                          (fF)  (ps)  (ps)   (ps)  Location 
#------------------------------------------------------------------------------------------------------------
  u_controller_state_cur_reg[2]/CK -       -     R     (arrival)    10145     -   100     0       0    (-,-) 
  u_controller_state_cur_reg[2]/Q  -       CK->Q R     DFFRX1LVT        4   2.2    16    62      62    (-,-) 
  g87623/Y                         -       AN->Y R     NAND2BX1LVT      4   2.7    20    22      84    (-,-) 
  u_rgb_stream_in_g847/Y           -       B->Y  R     OR2X8LVT       504 367.0   277   173     256    (-,-) 
  hi_fo_buf247781/Y                -       A->Y  F     CLKINVX4LVT     75  42.5   103    78     334    (-,-) 
  g87799/Y                         -       C->Y  R     NAND3X1LVT       4   1.6    32    31     365    (-,-) 
  g87790/Y                         -       A->Y  R     CLKMX2X8LVT    420 274.6   214   177     542    (-,-) 
  g87789/Y                         -       B->Y  F     NOR2BX1LVT       2   0.0    44    50     592    (-,-) 
  o_out_latch                      -       -     F     (port)           -     -     -     0     592    (-,-) 
#------------------------------------------------------------------------------------------------------------



Path 2: MET (7208 ps) Late External Delay Assertion at pin o_out_valid
          Group: core_clk
     Startpoint: (R) u_controller_state_cur_reg[2]/CK
          Clock: (R) core_clk
       Endpoint: (F) o_out_valid
          Clock: (R) core_clk

                     Capture       Launch     
        Clock Edge:+   10000            0     
       Src Latency:+       0            0     
       Net Latency:+       0 (I)        0 (I) 
           Arrival:=   10000            0     
                                              
      Output Delay:-    2000                  
       Uncertainty:-     200                  
     Required Time:=    7800                  
      Launch Clock:-       0                  
         Data Path:-     592                  
             Slack:=    7208                  

Exceptions/Constraints:
  output_delay             2000            pure_quat_conv2d_3x3_line_17_152_1 

#------------------------------------------------------------------------------------------------------------
#          Timing Point            Flags   Arc   Edge    Cell      Fanout  Load Trans Delay Arrival Instance 
#                                                                          (fF)  (ps)  (ps)   (ps)  Location 
#------------------------------------------------------------------------------------------------------------
  u_controller_state_cur_reg[2]/CK -       -     R     (arrival)    10145     -   100     0       0    (-,-) 
  u_controller_state_cur_reg[2]/Q  -       CK->Q R     DFFRX1LVT        4   2.2    16    62      62    (-,-) 
  g87623/Y                         -       AN->Y R     NAND2BX1LVT      4   2.7    20    22      84    (-,-) 
  u_rgb_stream_in_g847/Y           -       B->Y  R     OR2X8LVT       504 367.0   277   173     256    (-,-) 
  hi_fo_buf247781/Y                -       A->Y  F     CLKINVX4LVT     75  42.5   103    78     334    (-,-) 
  g87799/Y                         -       C->Y  R     NAND3X1LVT       4   1.6    32    31     365    (-,-) 
  g87790/Y                         -       A->Y  R     CLKMX2X8LVT    420 274.6   214   177     542    (-,-) 
  g87789/Y                         -       B->Y  F     NOR2BX1LVT       2   0.0    44    50     592    (-,-) 
  o_out_valid                      -       -     F     (port)           -     -     -     0     592    (-,-) 
#------------------------------------------------------------------------------------------------------------



Path 3: MET (7538 ps) Setup Check with Pin u_kernel_kernel_reg_reg[5][23]/CK->SE
          Group: core_clk
     Startpoint: (R) i_ker_cfg_valid
          Clock: (R) core_clk
       Endpoint: (R) u_kernel_kernel_reg_reg[5][23]/SE
          Clock: (R) core_clk

                     Capture       Launch     
        Clock Edge:+   10000            0     
        Drv Adjust:+       0            0     
       Src Latency:+       0            0     
       Net Latency:+       0 (I)        0 (I) 
           Arrival:=   10000            0     
                                              
             Setup:-      48                  
       Uncertainty:-     200                  
     Required Time:=    9752                  
      Launch Clock:-       0                  
       Input Delay:-    2000                  
         Data Path:-     214                  
             Slack:=    7538                  

Exceptions/Constraints:
  input_delay             2000            pure_quat_conv2d_3x3_line_16_27_1 

#-------------------------------------------------------------------------------------------------------------
#           Timing Point            Flags   Arc   Edge     Cell      Fanout Load Trans Delay Arrival Instance 
#                                                                           (fF)  (ps)  (ps)   (ps)  Location 
#-------------------------------------------------------------------------------------------------------------
  i_ker_cfg_valid                   -       -     R     (arrival)         1  0.3     0     0    2000    (-,-) 
  g244785/Y                         -       D->Y  F     NAND4XLLVT        2  0.8    40    23    2023    (-,-) 
  g241353/Y                         -       B->Y  R     NOR2X1LVT         2  0.8    19    19    2042    (-,-) 
  g237289/Y                         -       AN->Y R     NOR2BX1LVT        3  1.3    19    23    2066    (-,-) 
  g237133/Y                         -       B->Y  F     NAND2X1LVT        2  1.0    16    15    2080    (-,-) 
  g247310/Y                         -       B->Y  R     NOR2BX1LVT       25 21.9   230   133    2214    (-,-) 
  u_kernel_kernel_reg_reg[5][23]/SE -       -     R     SDFFRHQX1LVT     25    -     -     0    2214    (-,-) 
#-------------------------------------------------------------------------------------------------------------



Path 4: MET (7538 ps) Setup Check with Pin u_kernel_kernel_reg_reg[5][22]/CK->SE
          Group: core_clk
     Startpoint: (R) i_ker_cfg_valid
          Clock: (R) core_clk
       Endpoint: (R) u_kernel_kernel_reg_reg[5][22]/SE
          Clock: (R) core_clk

                     Capture       Launch     
        Clock Edge:+   10000            0     
        Drv Adjust:+       0            0     
       Src Latency:+       0            0     
       Net Latency:+       0 (I)        0 (I) 
           Arrival:=   10000            0     
                                              
             Setup:-      48                  
       Uncertainty:-     200                  
     Required Time:=    9752                  
      Launch Clock:-       0                  
       Input Delay:-    2000                  
         Data Path:-     214                  
             Slack:=    7538                  

Exceptions/Constraints:
  input_delay             2000            pure_quat_conv2d_3x3_line_16_27_1 

#-------------------------------------------------------------------------------------------------------------
#           Timing Point            Flags   Arc   Edge     Cell      Fanout Load Trans Delay Arrival Instance 
#                                                                           (fF)  (ps)  (ps)   (ps)  Location 
#-------------------------------------------------------------------------------------------------------------
  i_ker_cfg_valid                   -       -     R     (arrival)         1  0.3     0     0    2000    (-,-) 
  g244785/Y                         -       D->Y  F     NAND4XLLVT        2  0.8    40    23    2023    (-,-) 
  g241353/Y                         -       B->Y  R     NOR2X1LVT         2  0.8    19    19    2042    (-,-) 
  g237289/Y                         -       AN->Y R     NOR2BX1LVT        3  1.3    19    23    2066    (-,-) 
  g237133/Y                         -       B->Y  F     NAND2X1LVT        2  1.0    16    15    2080    (-,-) 
  g247310/Y                         -       B->Y  R     NOR2BX1LVT       25 21.9   230   133    2214    (-,-) 
  u_kernel_kernel_reg_reg[5][22]/SE -       -     R     SDFFRHQX1LVT     25    -     -     0    2214    (-,-) 
#-------------------------------------------------------------------------------------------------------------



Path 5: MET (7538 ps) Setup Check with Pin u_kernel_kernel_reg_reg[5][21]/CK->SE
          Group: core_clk
     Startpoint: (R) i_ker_cfg_valid
          Clock: (R) core_clk
       Endpoint: (R) u_kernel_kernel_reg_reg[5][21]/SE
          Clock: (R) core_clk

                     Capture       Launch     
        Clock Edge:+   10000            0     
        Drv Adjust:+       0            0     
       Src Latency:+       0            0     
       Net Latency:+       0 (I)        0 (I) 
           Arrival:=   10000            0     
                                              
             Setup:-      48                  
       Uncertainty:-     200                  
     Required Time:=    9752                  
      Launch Clock:-       0                  
       Input Delay:-    2000                  
         Data Path:-     214                  
             Slack:=    7538                  

Exceptions/Constraints:
  input_delay             2000            pure_quat_conv2d_3x3_line_16_27_1 

#-------------------------------------------------------------------------------------------------------------
#           Timing Point            Flags   Arc   Edge     Cell      Fanout Load Trans Delay Arrival Instance 
#                                                                           (fF)  (ps)  (ps)   (ps)  Location 
#-------------------------------------------------------------------------------------------------------------
  i_ker_cfg_valid                   -       -     R     (arrival)         1  0.3     0     0    2000    (-,-) 
  g244785/Y                         -       D->Y  F     NAND4XLLVT        2  0.8    40    23    2023    (-,-) 
  g241353/Y                         -       B->Y  R     NOR2X1LVT         2  0.8    19    19    2042    (-,-) 
  g237289/Y                         -       AN->Y R     NOR2BX1LVT        3  1.3    19    23    2066    (-,-) 
  g237133/Y                         -       B->Y  F     NAND2X1LVT        2  1.0    16    15    2080    (-,-) 
  g247310/Y                         -       B->Y  R     NOR2BX1LVT       25 21.9   230   133    2214    (-,-) 
  u_kernel_kernel_reg_reg[5][21]/SE -       -     R     SDFFRHQX1LVT     25    -     -     0    2214    (-,-) 
#-------------------------------------------------------------------------------------------------------------



Path 6: MET (7538 ps) Setup Check with Pin u_kernel_kernel_reg_reg[5][20]/CK->SE
          Group: core_clk
     Startpoint: (R) i_ker_cfg_valid
          Clock: (R) core_clk
       Endpoint: (R) u_kernel_kernel_reg_reg[5][20]/SE
          Clock: (R) core_clk

                     Capture       Launch     
        Clock Edge:+   10000            0     
        Drv Adjust:+       0            0     
       Src Latency:+       0            0     
       Net Latency:+       0 (I)        0 (I) 
           Arrival:=   10000            0     
                                              
             Setup:-      48                  
       Uncertainty:-     200                  
     Required Time:=    9752                  
      Launch Clock:-       0                  
       Input Delay:-    2000                  
         Data Path:-     214                  
             Slack:=    7538                  

Exceptions/Constraints:
  input_delay             2000            pure_quat_conv2d_3x3_line_16_27_1 

#-------------------------------------------------------------------------------------------------------------
#           Timing Point            Flags   Arc   Edge     Cell      Fanout Load Trans Delay Arrival Instance 
#                                                                           (fF)  (ps)  (ps)   (ps)  Location 
#-------------------------------------------------------------------------------------------------------------
  i_ker_cfg_valid                   -       -     R     (arrival)         1  0.3     0     0    2000    (-,-) 
  g244785/Y                         -       D->Y  F     NAND4XLLVT        2  0.8    40    23    2023    (-,-) 
  g241353/Y                         -       B->Y  R     NOR2X1LVT         2  0.8    19    19    2042    (-,-) 
  g237289/Y                         -       AN->Y R     NOR2BX1LVT        3  1.3    19    23    2066    (-,-) 
  g237133/Y                         -       B->Y  F     NAND2X1LVT        2  1.0    16    15    2080    (-,-) 
  g247310/Y                         -       B->Y  R     NOR2BX1LVT       25 21.9   230   133    2214    (-,-) 
  u_kernel_kernel_reg_reg[5][20]/SE -       -     R     SDFFRHQX1LVT     25    -     -     0    2214    (-,-) 
#-------------------------------------------------------------------------------------------------------------



Path 7: MET (7538 ps) Setup Check with Pin u_kernel_kernel_reg_reg[5][19]/CK->SE
          Group: core_clk
     Startpoint: (R) i_ker_cfg_valid
          Clock: (R) core_clk
       Endpoint: (R) u_kernel_kernel_reg_reg[5][19]/SE
          Clock: (R) core_clk

                     Capture       Launch     
        Clock Edge:+   10000            0     
        Drv Adjust:+       0            0     
       Src Latency:+       0            0     
       Net Latency:+       0 (I)        0 (I) 
           Arrival:=   10000            0     
                                              
             Setup:-      48                  
       Uncertainty:-     200                  
     Required Time:=    9752                  
      Launch Clock:-       0                  
       Input Delay:-    2000                  
         Data Path:-     214                  
             Slack:=    7538                  

Exceptions/Constraints:
  input_delay             2000            pure_quat_conv2d_3x3_line_16_27_1 

#-------------------------------------------------------------------------------------------------------------
#           Timing Point            Flags   Arc   Edge     Cell      Fanout Load Trans Delay Arrival Instance 
#                                                                           (fF)  (ps)  (ps)   (ps)  Location 
#-------------------------------------------------------------------------------------------------------------
  i_ker_cfg_valid                   -       -     R     (arrival)         1  0.3     0     0    2000    (-,-) 
  g244785/Y                         -       D->Y  F     NAND4XLLVT        2  0.8    40    23    2023    (-,-) 
  g241353/Y                         -       B->Y  R     NOR2X1LVT         2  0.8    19    19    2042    (-,-) 
  g237289/Y                         -       AN->Y R     NOR2BX1LVT        3  1.3    19    23    2066    (-,-) 
  g237133/Y                         -       B->Y  F     NAND2X1LVT        2  1.0    16    15    2080    (-,-) 
  g247310/Y                         -       B->Y  R     NOR2BX1LVT       25 21.9   230   133    2214    (-,-) 
  u_kernel_kernel_reg_reg[5][19]/SE -       -     R     SDFFRHQX1LVT     25    -     -     0    2214    (-,-) 
#-------------------------------------------------------------------------------------------------------------



Path 8: MET (7538 ps) Setup Check with Pin u_kernel_kernel_reg_reg[5][18]/CK->SE
          Group: core_clk
     Startpoint: (R) i_ker_cfg_valid
          Clock: (R) core_clk
       Endpoint: (R) u_kernel_kernel_reg_reg[5][18]/SE
          Clock: (R) core_clk

                     Capture       Launch     
        Clock Edge:+   10000            0     
        Drv Adjust:+       0            0     
       Src Latency:+       0            0     
       Net Latency:+       0 (I)        0 (I) 
           Arrival:=   10000            0     
                                              
             Setup:-      48                  
       Uncertainty:-     200                  
     Required Time:=    9752                  
      Launch Clock:-       0                  
       Input Delay:-    2000                  
         Data Path:-     214                  
             Slack:=    7538                  

Exceptions/Constraints:
  input_delay             2000            pure_quat_conv2d_3x3_line_16_27_1 

#-------------------------------------------------------------------------------------------------------------
#           Timing Point            Flags   Arc   Edge     Cell      Fanout Load Trans Delay Arrival Instance 
#                                                                           (fF)  (ps)  (ps)   (ps)  Location 
#-------------------------------------------------------------------------------------------------------------
  i_ker_cfg_valid                   -       -     R     (arrival)         1  0.3     0     0    2000    (-,-) 
  g244785/Y                         -       D->Y  F     NAND4XLLVT        2  0.8    40    23    2023    (-,-) 
  g241353/Y                         -       B->Y  R     NOR2X1LVT         2  0.8    19    19    2042    (-,-) 
  g237289/Y                         -       AN->Y R     NOR2BX1LVT        3  1.3    19    23    2066    (-,-) 
  g237133/Y                         -       B->Y  F     NAND2X1LVT        2  1.0    16    15    2080    (-,-) 
  g247310/Y                         -       B->Y  R     NOR2BX1LVT       25 21.9   230   133    2214    (-,-) 
  u_kernel_kernel_reg_reg[5][18]/SE -       -     R     SDFFRHQX1LVT     25    -     -     0    2214    (-,-) 
#-------------------------------------------------------------------------------------------------------------



Path 9: MET (7538 ps) Setup Check with Pin u_kernel_kernel_reg_reg[5][17]/CK->SE
          Group: core_clk
     Startpoint: (R) i_ker_cfg_valid
          Clock: (R) core_clk
       Endpoint: (R) u_kernel_kernel_reg_reg[5][17]/SE
          Clock: (R) core_clk

                     Capture       Launch     
        Clock Edge:+   10000            0     
        Drv Adjust:+       0            0     
       Src Latency:+       0            0     
       Net Latency:+       0 (I)        0 (I) 
           Arrival:=   10000            0     
                                              
             Setup:-      48                  
       Uncertainty:-     200                  
     Required Time:=    9752                  
      Launch Clock:-       0                  
       Input Delay:-    2000                  
         Data Path:-     214                  
             Slack:=    7538                  

Exceptions/Constraints:
  input_delay             2000            pure_quat_conv2d_3x3_line_16_27_1 

#-------------------------------------------------------------------------------------------------------------
#           Timing Point            Flags   Arc   Edge     Cell      Fanout Load Trans Delay Arrival Instance 
#                                                                           (fF)  (ps)  (ps)   (ps)  Location 
#-------------------------------------------------------------------------------------------------------------
  i_ker_cfg_valid                   -       -     R     (arrival)         1  0.3     0     0    2000    (-,-) 
  g244785/Y                         -       D->Y  F     NAND4XLLVT        2  0.8    40    23    2023    (-,-) 
  g241353/Y                         -       B->Y  R     NOR2X1LVT         2  0.8    19    19    2042    (-,-) 
  g237289/Y                         -       AN->Y R     NOR2BX1LVT        3  1.3    19    23    2066    (-,-) 
  g237133/Y                         -       B->Y  F     NAND2X1LVT        2  1.0    16    15    2080    (-,-) 
  g247310/Y                         -       B->Y  R     NOR2BX1LVT       25 21.9   230   133    2214    (-,-) 
  u_kernel_kernel_reg_reg[5][17]/SE -       -     R     SDFFRHQX1LVT     25    -     -     0    2214    (-,-) 
#-------------------------------------------------------------------------------------------------------------



Path 10: MET (7538 ps) Setup Check with Pin u_kernel_kernel_reg_reg[5][16]/CK->SE
          Group: core_clk
     Startpoint: (R) i_ker_cfg_valid
          Clock: (R) core_clk
       Endpoint: (R) u_kernel_kernel_reg_reg[5][16]/SE
          Clock: (R) core_clk

                     Capture       Launch     
        Clock Edge:+   10000            0     
        Drv Adjust:+       0            0     
       Src Latency:+       0            0     
       Net Latency:+       0 (I)        0 (I) 
           Arrival:=   10000            0     
                                              
             Setup:-      48                  
       Uncertainty:-     200                  
     Required Time:=    9752                  
      Launch Clock:-       0                  
       Input Delay:-    2000                  
         Data Path:-     214                  
             Slack:=    7538                  

Exceptions/Constraints:
  input_delay             2000            pure_quat_conv2d_3x3_line_16_27_1 

#-------------------------------------------------------------------------------------------------------------
#           Timing Point            Flags   Arc   Edge     Cell      Fanout Load Trans Delay Arrival Instance 
#                                                                           (fF)  (ps)  (ps)   (ps)  Location 
#-------------------------------------------------------------------------------------------------------------
  i_ker_cfg_valid                   -       -     R     (arrival)         1  0.3     0     0    2000    (-,-) 
  g244785/Y                         -       D->Y  F     NAND4XLLVT        2  0.8    40    23    2023    (-,-) 
  g241353/Y                         -       B->Y  R     NOR2X1LVT         2  0.8    19    19    2042    (-,-) 
  g237289/Y                         -       AN->Y R     NOR2BX1LVT        3  1.3    19    23    2066    (-,-) 
  g237133/Y                         -       B->Y  F     NAND2X1LVT        2  1.0    16    15    2080    (-,-) 
  g247310/Y                         -       B->Y  R     NOR2BX1LVT       25 21.9   230   133    2214    (-,-) 
  u_kernel_kernel_reg_reg[5][16]/SE -       -     R     SDFFRHQX1LVT     25    -     -     0    2214    (-,-) 
#-------------------------------------------------------------------------------------------------------------



Path 11: MET (7538 ps) Setup Check with Pin u_kernel_kernel_reg_reg[5][15]/CK->SE
          Group: core_clk
     Startpoint: (R) i_ker_cfg_valid
          Clock: (R) core_clk
       Endpoint: (R) u_kernel_kernel_reg_reg[5][15]/SE
          Clock: (R) core_clk

                     Capture       Launch     
        Clock Edge:+   10000            0     
        Drv Adjust:+       0            0     
       Src Latency:+       0            0     
       Net Latency:+       0 (I)        0 (I) 
           Arrival:=   10000            0     
                                              
             Setup:-      48                  
       Uncertainty:-     200                  
     Required Time:=    9752                  
      Launch Clock:-       0                  
       Input Delay:-    2000                  
         Data Path:-     214                  
             Slack:=    7538                  

Exceptions/Constraints:
  input_delay             2000            pure_quat_conv2d_3x3_line_16_27_1 

#-------------------------------------------------------------------------------------------------------------
#           Timing Point            Flags   Arc   Edge     Cell      Fanout Load Trans Delay Arrival Instance 
#                                                                           (fF)  (ps)  (ps)   (ps)  Location 
#-------------------------------------------------------------------------------------------------------------
  i_ker_cfg_valid                   -       -     R     (arrival)         1  0.3     0     0    2000    (-,-) 
  g244785/Y                         -       D->Y  F     NAND4XLLVT        2  0.8    40    23    2023    (-,-) 
  g241353/Y                         -       B->Y  R     NOR2X1LVT         2  0.8    19    19    2042    (-,-) 
  g237289/Y                         -       AN->Y R     NOR2BX1LVT        3  1.3    19    23    2066    (-,-) 
  g237133/Y                         -       B->Y  F     NAND2X1LVT        2  1.0    16    15    2080    (-,-) 
  g247310/Y                         -       B->Y  R     NOR2BX1LVT       25 21.9   230   133    2214    (-,-) 
  u_kernel_kernel_reg_reg[5][15]/SE -       -     R     SDFFRHQX1LVT     25    -     -     0    2214    (-,-) 
#-------------------------------------------------------------------------------------------------------------



Path 12: MET (7538 ps) Setup Check with Pin u_kernel_kernel_reg_reg[5][14]/CK->SE
          Group: core_clk
     Startpoint: (R) i_ker_cfg_valid
          Clock: (R) core_clk
       Endpoint: (R) u_kernel_kernel_reg_reg[5][14]/SE
          Clock: (R) core_clk

                     Capture       Launch     
        Clock Edge:+   10000            0     
        Drv Adjust:+       0            0     
       Src Latency:+       0            0     
       Net Latency:+       0 (I)        0 (I) 
           Arrival:=   10000            0     
                                              
             Setup:-      48                  
       Uncertainty:-     200                  
     Required Time:=    9752                  
      Launch Clock:-       0                  
       Input Delay:-    2000                  
         Data Path:-     214                  
             Slack:=    7538                  

Exceptions/Constraints:
  input_delay             2000            pure_quat_conv2d_3x3_line_16_27_1 

#-------------------------------------------------------------------------------------------------------------
#           Timing Point            Flags   Arc   Edge     Cell      Fanout Load Trans Delay Arrival Instance 
#                                                                           (fF)  (ps)  (ps)   (ps)  Location 
#-------------------------------------------------------------------------------------------------------------
  i_ker_cfg_valid                   -       -     R     (arrival)         1  0.3     0     0    2000    (-,-) 
  g244785/Y                         -       D->Y  F     NAND4XLLVT        2  0.8    40    23    2023    (-,-) 
  g241353/Y                         -       B->Y  R     NOR2X1LVT         2  0.8    19    19    2042    (-,-) 
  g237289/Y                         -       AN->Y R     NOR2BX1LVT        3  1.3    19    23    2066    (-,-) 
  g237133/Y                         -       B->Y  F     NAND2X1LVT        2  1.0    16    15    2080    (-,-) 
  g247310/Y                         -       B->Y  R     NOR2BX1LVT       25 21.9   230   133    2214    (-,-) 
  u_kernel_kernel_reg_reg[5][14]/SE -       -     R     SDFFRHQX1LVT     25    -     -     0    2214    (-,-) 
#-------------------------------------------------------------------------------------------------------------



Path 13: MET (7538 ps) Setup Check with Pin u_kernel_kernel_reg_reg[5][13]/CK->SE
          Group: core_clk
     Startpoint: (R) i_ker_cfg_valid
          Clock: (R) core_clk
       Endpoint: (R) u_kernel_kernel_reg_reg[5][13]/SE
          Clock: (R) core_clk

                     Capture       Launch     
        Clock Edge:+   10000            0     
        Drv Adjust:+       0            0     
       Src Latency:+       0            0     
       Net Latency:+       0 (I)        0 (I) 
           Arrival:=   10000            0     
                                              
             Setup:-      48                  
       Uncertainty:-     200                  
     Required Time:=    9752                  
      Launch Clock:-       0                  
       Input Delay:-    2000                  
         Data Path:-     214                  
             Slack:=    7538                  

Exceptions/Constraints:
  input_delay             2000            pure_quat_conv2d_3x3_line_16_27_1 

#-------------------------------------------------------------------------------------------------------------
#           Timing Point            Flags   Arc   Edge     Cell      Fanout Load Trans Delay Arrival Instance 
#                                                                           (fF)  (ps)  (ps)   (ps)  Location 
#-------------------------------------------------------------------------------------------------------------
  i_ker_cfg_valid                   -       -     R     (arrival)         1  0.3     0     0    2000    (-,-) 
  g244785/Y                         -       D->Y  F     NAND4XLLVT        2  0.8    40    23    2023    (-,-) 
  g241353/Y                         -       B->Y  R     NOR2X1LVT         2  0.8    19    19    2042    (-,-) 
  g237289/Y                         -       AN->Y R     NOR2BX1LVT        3  1.3    19    23    2066    (-,-) 
  g237133/Y                         -       B->Y  F     NAND2X1LVT        2  1.0    16    15    2080    (-,-) 
  g247310/Y                         -       B->Y  R     NOR2BX1LVT       25 21.9   230   133    2214    (-,-) 
  u_kernel_kernel_reg_reg[5][13]/SE -       -     R     SDFFRHQX1LVT     25    -     -     0    2214    (-,-) 
#-------------------------------------------------------------------------------------------------------------



Path 14: MET (7538 ps) Setup Check with Pin u_kernel_kernel_reg_reg[5][12]/CK->SE
          Group: core_clk
     Startpoint: (R) i_ker_cfg_valid
          Clock: (R) core_clk
       Endpoint: (R) u_kernel_kernel_reg_reg[5][12]/SE
          Clock: (R) core_clk

                     Capture       Launch     
        Clock Edge:+   10000            0     
        Drv Adjust:+       0            0     
       Src Latency:+       0            0     
       Net Latency:+       0 (I)        0 (I) 
           Arrival:=   10000            0     
                                              
             Setup:-      48                  
       Uncertainty:-     200                  
     Required Time:=    9752                  
      Launch Clock:-       0                  
       Input Delay:-    2000                  
         Data Path:-     214                  
             Slack:=    7538                  

Exceptions/Constraints:
  input_delay             2000            pure_quat_conv2d_3x3_line_16_27_1 

#-------------------------------------------------------------------------------------------------------------
#           Timing Point            Flags   Arc   Edge     Cell      Fanout Load Trans Delay Arrival Instance 
#                                                                           (fF)  (ps)  (ps)   (ps)  Location 
#-------------------------------------------------------------------------------------------------------------
  i_ker_cfg_valid                   -       -     R     (arrival)         1  0.3     0     0    2000    (-,-) 
  g244785/Y                         -       D->Y  F     NAND4XLLVT        2  0.8    40    23    2023    (-,-) 
  g241353/Y                         -       B->Y  R     NOR2X1LVT         2  0.8    19    19    2042    (-,-) 
  g237289/Y                         -       AN->Y R     NOR2BX1LVT        3  1.3    19    23    2066    (-,-) 
  g237133/Y                         -       B->Y  F     NAND2X1LVT        2  1.0    16    15    2080    (-,-) 
  g247310/Y                         -       B->Y  R     NOR2BX1LVT       25 21.9   230   133    2214    (-,-) 
  u_kernel_kernel_reg_reg[5][12]/SE -       -     R     SDFFRHQX1LVT     25    -     -     0    2214    (-,-) 
#-------------------------------------------------------------------------------------------------------------



Path 15: MET (7538 ps) Setup Check with Pin u_kernel_kernel_reg_reg[5][11]/CK->SE
          Group: core_clk
     Startpoint: (R) i_ker_cfg_valid
          Clock: (R) core_clk
       Endpoint: (R) u_kernel_kernel_reg_reg[5][11]/SE
          Clock: (R) core_clk

                     Capture       Launch     
        Clock Edge:+   10000            0     
        Drv Adjust:+       0            0     
       Src Latency:+       0            0     
       Net Latency:+       0 (I)        0 (I) 
           Arrival:=   10000            0     
                                              
             Setup:-      48                  
       Uncertainty:-     200                  
     Required Time:=    9752                  
      Launch Clock:-       0                  
       Input Delay:-    2000                  
         Data Path:-     214                  
             Slack:=    7538                  

Exceptions/Constraints:
  input_delay             2000            pure_quat_conv2d_3x3_line_16_27_1 

#-------------------------------------------------------------------------------------------------------------
#           Timing Point            Flags   Arc   Edge     Cell      Fanout Load Trans Delay Arrival Instance 
#                                                                           (fF)  (ps)  (ps)   (ps)  Location 
#-------------------------------------------------------------------------------------------------------------
  i_ker_cfg_valid                   -       -     R     (arrival)         1  0.3     0     0    2000    (-,-) 
  g244785/Y                         -       D->Y  F     NAND4XLLVT        2  0.8    40    23    2023    (-,-) 
  g241353/Y                         -       B->Y  R     NOR2X1LVT         2  0.8    19    19    2042    (-,-) 
  g237289/Y                         -       AN->Y R     NOR2BX1LVT        3  1.3    19    23    2066    (-,-) 
  g237133/Y                         -       B->Y  F     NAND2X1LVT        2  1.0    16    15    2080    (-,-) 
  g247310/Y                         -       B->Y  R     NOR2BX1LVT       25 21.9   230   133    2214    (-,-) 
  u_kernel_kernel_reg_reg[5][11]/SE -       -     R     SDFFRHQX1LVT     25    -     -     0    2214    (-,-) 
#-------------------------------------------------------------------------------------------------------------



Path 16: MET (7538 ps) Setup Check with Pin u_kernel_kernel_reg_reg[5][10]/CK->SE
          Group: core_clk
     Startpoint: (R) i_ker_cfg_valid
          Clock: (R) core_clk
       Endpoint: (R) u_kernel_kernel_reg_reg[5][10]/SE
          Clock: (R) core_clk

                     Capture       Launch     
        Clock Edge:+   10000            0     
        Drv Adjust:+       0            0     
       Src Latency:+       0            0     
       Net Latency:+       0 (I)        0 (I) 
           Arrival:=   10000            0     
                                              
             Setup:-      48                  
       Uncertainty:-     200                  
     Required Time:=    9752                  
      Launch Clock:-       0                  
       Input Delay:-    2000                  
         Data Path:-     214                  
             Slack:=    7538                  

Exceptions/Constraints:
  input_delay             2000            pure_quat_conv2d_3x3_line_16_27_1 

#-------------------------------------------------------------------------------------------------------------
#           Timing Point            Flags   Arc   Edge     Cell      Fanout Load Trans Delay Arrival Instance 
#                                                                           (fF)  (ps)  (ps)   (ps)  Location 
#-------------------------------------------------------------------------------------------------------------
  i_ker_cfg_valid                   -       -     R     (arrival)         1  0.3     0     0    2000    (-,-) 
  g244785/Y                         -       D->Y  F     NAND4XLLVT        2  0.8    40    23    2023    (-,-) 
  g241353/Y                         -       B->Y  R     NOR2X1LVT         2  0.8    19    19    2042    (-,-) 
  g237289/Y                         -       AN->Y R     NOR2BX1LVT        3  1.3    19    23    2066    (-,-) 
  g237133/Y                         -       B->Y  F     NAND2X1LVT        2  1.0    16    15    2080    (-,-) 
  g247310/Y                         -       B->Y  R     NOR2BX1LVT       25 21.9   230   133    2214    (-,-) 
  u_kernel_kernel_reg_reg[5][10]/SE -       -     R     SDFFRHQX1LVT     25    -     -     0    2214    (-,-) 
#-------------------------------------------------------------------------------------------------------------



Path 17: MET (7538 ps) Setup Check with Pin u_kernel_kernel_reg_reg[5][9]/CK->SE
          Group: core_clk
     Startpoint: (R) i_ker_cfg_valid
          Clock: (R) core_clk
       Endpoint: (R) u_kernel_kernel_reg_reg[5][9]/SE
          Clock: (R) core_clk

                     Capture       Launch     
        Clock Edge:+   10000            0     
        Drv Adjust:+       0            0     
       Src Latency:+       0            0     
       Net Latency:+       0 (I)        0 (I) 
           Arrival:=   10000            0     
                                              
             Setup:-      48                  
       Uncertainty:-     200                  
     Required Time:=    9752                  
      Launch Clock:-       0                  
       Input Delay:-    2000                  
         Data Path:-     214                  
             Slack:=    7538                  

Exceptions/Constraints:
  input_delay             2000            pure_quat_conv2d_3x3_line_16_27_1 

#------------------------------------------------------------------------------------------------------------
#          Timing Point            Flags   Arc   Edge     Cell      Fanout Load Trans Delay Arrival Instance 
#                                                                          (fF)  (ps)  (ps)   (ps)  Location 
#------------------------------------------------------------------------------------------------------------
  i_ker_cfg_valid                  -       -     R     (arrival)         1  0.3     0     0    2000    (-,-) 
  g244785/Y                        -       D->Y  F     NAND4XLLVT        2  0.8    40    23    2023    (-,-) 
  g241353/Y                        -       B->Y  R     NOR2X1LVT         2  0.8    19    19    2042    (-,-) 
  g237289/Y                        -       AN->Y R     NOR2BX1LVT        3  1.3    19    23    2066    (-,-) 
  g237133/Y                        -       B->Y  F     NAND2X1LVT        2  1.0    16    15    2080    (-,-) 
  g247310/Y                        -       B->Y  R     NOR2BX1LVT       25 21.9   230   133    2214    (-,-) 
  u_kernel_kernel_reg_reg[5][9]/SE -       -     R     SDFFRHQX1LVT     25    -     -     0    2214    (-,-) 
#------------------------------------------------------------------------------------------------------------



Path 18: MET (7538 ps) Setup Check with Pin u_kernel_kernel_reg_reg[5][8]/CK->SE
          Group: core_clk
     Startpoint: (R) i_ker_cfg_valid
          Clock: (R) core_clk
       Endpoint: (R) u_kernel_kernel_reg_reg[5][8]/SE
          Clock: (R) core_clk

                     Capture       Launch     
        Clock Edge:+   10000            0     
        Drv Adjust:+       0            0     
       Src Latency:+       0            0     
       Net Latency:+       0 (I)        0 (I) 
           Arrival:=   10000            0     
                                              
             Setup:-      48                  
       Uncertainty:-     200                  
     Required Time:=    9752                  
      Launch Clock:-       0                  
       Input Delay:-    2000                  
         Data Path:-     214                  
             Slack:=    7538                  

Exceptions/Constraints:
  input_delay             2000            pure_quat_conv2d_3x3_line_16_27_1 

#------------------------------------------------------------------------------------------------------------
#          Timing Point            Flags   Arc   Edge     Cell      Fanout Load Trans Delay Arrival Instance 
#                                                                          (fF)  (ps)  (ps)   (ps)  Location 
#------------------------------------------------------------------------------------------------------------
  i_ker_cfg_valid                  -       -     R     (arrival)         1  0.3     0     0    2000    (-,-) 
  g244785/Y                        -       D->Y  F     NAND4XLLVT        2  0.8    40    23    2023    (-,-) 
  g241353/Y                        -       B->Y  R     NOR2X1LVT         2  0.8    19    19    2042    (-,-) 
  g237289/Y                        -       AN->Y R     NOR2BX1LVT        3  1.3    19    23    2066    (-,-) 
  g237133/Y                        -       B->Y  F     NAND2X1LVT        2  1.0    16    15    2080    (-,-) 
  g247310/Y                        -       B->Y  R     NOR2BX1LVT       25 21.9   230   133    2214    (-,-) 
  u_kernel_kernel_reg_reg[5][8]/SE -       -     R     SDFFRHQX1LVT     25    -     -     0    2214    (-,-) 
#------------------------------------------------------------------------------------------------------------



Path 19: MET (7538 ps) Setup Check with Pin u_kernel_kernel_reg_reg[5][7]/CK->SE
          Group: core_clk
     Startpoint: (R) i_ker_cfg_valid
          Clock: (R) core_clk
       Endpoint: (R) u_kernel_kernel_reg_reg[5][7]/SE
          Clock: (R) core_clk

                     Capture       Launch     
        Clock Edge:+   10000            0     
        Drv Adjust:+       0            0     
       Src Latency:+       0            0     
       Net Latency:+       0 (I)        0 (I) 
           Arrival:=   10000            0     
                                              
             Setup:-      48                  
       Uncertainty:-     200                  
     Required Time:=    9752                  
      Launch Clock:-       0                  
       Input Delay:-    2000                  
         Data Path:-     214                  
             Slack:=    7538                  

Exceptions/Constraints:
  input_delay             2000            pure_quat_conv2d_3x3_line_16_27_1 

#------------------------------------------------------------------------------------------------------------
#          Timing Point            Flags   Arc   Edge     Cell      Fanout Load Trans Delay Arrival Instance 
#                                                                          (fF)  (ps)  (ps)   (ps)  Location 
#------------------------------------------------------------------------------------------------------------
  i_ker_cfg_valid                  -       -     R     (arrival)         1  0.3     0     0    2000    (-,-) 
  g244785/Y                        -       D->Y  F     NAND4XLLVT        2  0.8    40    23    2023    (-,-) 
  g241353/Y                        -       B->Y  R     NOR2X1LVT         2  0.8    19    19    2042    (-,-) 
  g237289/Y                        -       AN->Y R     NOR2BX1LVT        3  1.3    19    23    2066    (-,-) 
  g237133/Y                        -       B->Y  F     NAND2X1LVT        2  1.0    16    15    2080    (-,-) 
  g247310/Y                        -       B->Y  R     NOR2BX1LVT       25 21.9   230   133    2214    (-,-) 
  u_kernel_kernel_reg_reg[5][7]/SE -       -     R     SDFFRHQX1LVT     25    -     -     0    2214    (-,-) 
#------------------------------------------------------------------------------------------------------------



Path 20: MET (7538 ps) Setup Check with Pin u_kernel_kernel_reg_reg[5][6]/CK->SE
          Group: core_clk
     Startpoint: (R) i_ker_cfg_valid
          Clock: (R) core_clk
       Endpoint: (R) u_kernel_kernel_reg_reg[5][6]/SE
          Clock: (R) core_clk

                     Capture       Launch     
        Clock Edge:+   10000            0     
        Drv Adjust:+       0            0     
       Src Latency:+       0            0     
       Net Latency:+       0 (I)        0 (I) 
           Arrival:=   10000            0     
                                              
             Setup:-      48                  
       Uncertainty:-     200                  
     Required Time:=    9752                  
      Launch Clock:-       0                  
       Input Delay:-    2000                  
         Data Path:-     214                  
             Slack:=    7538                  

Exceptions/Constraints:
  input_delay             2000            pure_quat_conv2d_3x3_line_16_27_1 

#------------------------------------------------------------------------------------------------------------
#          Timing Point            Flags   Arc   Edge     Cell      Fanout Load Trans Delay Arrival Instance 
#                                                                          (fF)  (ps)  (ps)   (ps)  Location 
#------------------------------------------------------------------------------------------------------------
  i_ker_cfg_valid                  -       -     R     (arrival)         1  0.3     0     0    2000    (-,-) 
  g244785/Y                        -       D->Y  F     NAND4XLLVT        2  0.8    40    23    2023    (-,-) 
  g241353/Y                        -       B->Y  R     NOR2X1LVT         2  0.8    19    19    2042    (-,-) 
  g237289/Y                        -       AN->Y R     NOR2BX1LVT        3  1.3    19    23    2066    (-,-) 
  g237133/Y                        -       B->Y  F     NAND2X1LVT        2  1.0    16    15    2080    (-,-) 
  g247310/Y                        -       B->Y  R     NOR2BX1LVT       25 21.9   230   133    2214    (-,-) 
  u_kernel_kernel_reg_reg[5][6]/SE -       -     R     SDFFRHQX1LVT     25    -     -     0    2214    (-,-) 
#------------------------------------------------------------------------------------------------------------

