============================================================
  Generated by:           Genus(TM) Synthesis Solution 21.19-s055_1
  Generated on:           Apr 07 2026  08:13:24 pm
  Module:                 pure_quat_conv2d_3x3_core
  Technology libraries:   fast_vdd1v0 1.0
                          fast_vdd1v2 1.0
                          slow_vdd1v0 1.0
                          slow_vdd1v2 1.0
  Operating conditions:   PVT_1P1V_0C (balanced_tree)
  Wireload mode:          enclosed
  Area mode:              timing library
============================================================

             Instance                         Module            Cell Count  Cell Area  Net Area   Total Area   Wireload  
-------------------------------------------------------------------------------------------------------------------------
pure_quat_conv2d_3x3_core                                            27394 124831.163     0.000   124831.163 <none> (D)  
  u_tap_3x3_4lane_u_tap_1          tap_4lane_20940                    2209   8915.256     0.000     8915.256 <none> (D)  
    u_sub_y1                       subtractor_signed_18b_20930          37    101.916     0.000      101.916 <none> (D)  
    u_sub_y2                       subtractor_signed_18b_20929          37    101.916     0.000      101.916 <none> (D)  
    u_sub_y3                       subtractor_signed_18b_20928          37    101.916     0.000      101.916 <none> (D)  
  u_tap_3x3_4lane_u_tap_2          tap_4lane_20939                    2209   8915.256     0.000     8915.256 <none> (D)  
    u_sub_y1                       subtractor_signed_18b_20927          37    101.916     0.000      101.916 <none> (D)  
    u_sub_y2                       subtractor_signed_18b_20926          37    101.916     0.000      101.916 <none> (D)  
    u_sub_y3                       subtractor_signed_18b_20925          37    101.916     0.000      101.916 <none> (D)  
  u_tap_3x3_4lane_u_tap_3          tap_4lane_20938                    2209   8915.256     0.000     8915.256 <none> (D)  
    u_sub_y1                       subtractor_signed_18b_20924          37    101.916     0.000      101.916 <none> (D)  
    u_sub_y2                       subtractor_signed_18b_20923          37    101.916     0.000      101.916 <none> (D)  
    u_sub_y3                       subtractor_signed_18b_20922          37    101.916     0.000      101.916 <none> (D)  
  u_tap_3x3_4lane_u_tap_0_u_sub_y1 subtractor_signed_18b                37    101.916     0.000      101.916 <none> (D)  
  u_tap_3x3_4lane_u_tap_0_u_sub_y2 subtractor_signed_18b_20932          37    101.916     0.000      101.916 <none> (D)  
  u_tap_3x3_4lane_u_tap_0_u_sub_y3 subtractor_signed_18b_20931          37    101.916     0.000      101.916 <none> (D)  
  u_tap_3x3_4lane_u_tap_8_u_sub_y1 subtractor_signed_18b_20909          37    101.916     0.000      101.916 <none> (D)  
  u_tap_3x3_4lane_u_tap_8_u_sub_y2 subtractor_signed_18b_20908          37    101.916     0.000      101.916 <none> (D)  
  u_tap_3x3_4lane_u_tap_8_u_sub_y3 subtractor_signed_18b_20907          37    101.916     0.000      101.916 <none> (D)  
  u_tap_3x3_4lane_u_tap_7_u_sub_y1 subtractor_signed_18b_20912          37    101.916     0.000      101.916 <none> (D)  
  u_tap_3x3_4lane_u_tap_7_u_sub_y2 subtractor_signed_18b_20911          37    101.916     0.000      101.916 <none> (D)  
  u_tap_3x3_4lane_u_tap_7_u_sub_y3 subtractor_signed_18b_20910          37    101.916     0.000      101.916 <none> (D)  
  u_tap_3x3_4lane_u_tap_6_u_sub_y1 subtractor_signed_18b_20915          37    101.916     0.000      101.916 <none> (D)  
  u_tap_3x3_4lane_u_tap_6_u_sub_y2 subtractor_signed_18b_20914          37    101.916     0.000      101.916 <none> (D)  
  u_tap_3x3_4lane_u_tap_6_u_sub_y3 subtractor_signed_18b_20913          37    101.916     0.000      101.916 <none> (D)  
  u_tap_3x3_4lane_u_tap_5_u_sub_y1 subtractor_signed_18b_20918          37    101.916     0.000      101.916 <none> (D)  
  u_tap_3x3_4lane_u_tap_5_u_sub_y2 subtractor_signed_18b_20917          37    101.916     0.000      101.916 <none> (D)  
  u_tap_3x3_4lane_u_tap_5_u_sub_y3 subtractor_signed_18b_20916          37    101.916     0.000      101.916 <none> (D)  
  u_tap_3x3_4lane_u_tap_4_u_sub_y1 subtractor_signed_18b_20921          37    101.916     0.000      101.916 <none> (D)  
  u_tap_3x3_4lane_u_tap_4_u_sub_y2 subtractor_signed_18b_20920          37    101.916     0.000      101.916 <none> (D)  
  u_tap_3x3_4lane_u_tap_4_u_sub_y3 subtractor_signed_18b_20919          37    101.916     0.000      101.916 <none> (D)  
  (D) = wireload is default in technology library
