============================================================
  Generated by:           Genus(TM) Synthesis Solution 21.19-s055_1
  Generated on:           Apr 07 2026  08:13:25 pm
  Module:                 pure_quat_conv2d_3x3_core
  Technology libraries:   fast_vdd1v0 1.0
                          fast_vdd1v2 1.0
                          slow_vdd1v0 1.0
                          slow_vdd1v2 1.0
  Operating conditions:   PVT_1P1V_0C (balanced_tree)
  Wireload mode:          enclosed
  Area mode:              timing library
============================================================

                                    
    Gate      Instances     Area        Library    
---------------------------------------------------
ADDFX1LVT          2376   12188.880    fast_vdd1v0 
ADDHX1LVT           819    3081.078    fast_vdd1v0 
AND2X2LVT             4       6.840    fast_vdd1v0 
AND2X4LVT             1       2.736    fast_vdd1v0 
AND2X6LVT             1       3.762    fast_vdd1v0 
AND2XLLVT            13      17.784    fast_vdd1v0 
AND3XLLVT             1       2.052    fast_vdd1v0 
AND4X2LVT             1       3.078    fast_vdd1v0 
AO21X1LVT            27      64.638    fast_vdd1v0 
AO21XLLVT             2       4.788    fast_vdd1v0 
AO22XLLVT           578    1581.408    fast_vdd1v0 
AOI21X1LVT           29      49.590    fast_vdd1v0 
AOI21XLLVT            4       6.840    fast_vdd1v0 
AOI221X1LVT           1       2.394    fast_vdd1v0 
AOI22X1LVT         2119    4348.188    fast_vdd1v0 
AOI22XLLVT          141     289.332    fast_vdd1v0 
AOI32X1LVT           82     196.308    fast_vdd1v0 
BUFX12LVT             1       5.130    fast_vdd1v0 
BUFX16LVT             1       6.840    fast_vdd1v0 
BUFX20LVT             2      16.416    fast_vdd1v0 
CLKINVX12LVT          4      16.416    fast_vdd1v0 
CLKINVX16LVT          6      32.832    fast_vdd1v0 
CLKINVX20LVT         11      71.478    fast_vdd1v0 
CLKINVX4LVT           1       1.710    fast_vdd1v0 
CLKINVX6LVT           2       4.788    fast_vdd1v0 
CLKXOR2X1LVT         72     196.992    fast_vdd1v0 
DFFRHQX1LVT         586    3607.416    fast_vdd1v0 
DFFRX1LVT           568    3885.120    fast_vdd1v0 
INVX1LVT           1039     710.676    fast_vdd1v0 
INVX20LVT             9      58.482    fast_vdd1v0 
INVX2LVT              2       2.052    fast_vdd1v0 
INVX3LVT              1       1.368    fast_vdd1v0 
INVX8LVT              1       3.078    fast_vdd1v0 
INVXLLVT            365     249.660    fast_vdd1v0 
MX2X1LVT             54     129.276    fast_vdd1v0 
MXI2XLLVT           174     416.556    fast_vdd1v0 
NAND2BX1LVT          94     128.592    fast_vdd1v0 
NAND2BXLLVT          13      17.784    fast_vdd1v0 
NAND2X1LVT          392     402.192    fast_vdd1v0 
NAND2X2LVT            1       1.710    fast_vdd1v0 
NAND2X4LVT            2       6.293    fast_vdd1v0 
NAND2XLLVT          472     484.272    fast_vdd1v0 
NAND3BXLLVT           3       5.130    fast_vdd1v0 
NAND3X1LVT           81     138.510    fast_vdd1v0 
NAND4BX1LVT           2       4.788    fast_vdd1v0 
NAND4XLLVT            3       5.130    fast_vdd1v0 
NOR2BX1LVT          350     478.800    fast_vdd1v0 
NOR2X1LVT           328     336.528    fast_vdd1v0 
NOR2X2LVT            28      47.880    fast_vdd1v0 
NOR2XLLVT            60      61.560    fast_vdd1v0 
NOR3X1LVT            28      47.880    fast_vdd1v0 
OA21X1LVT             1       2.052    fast_vdd1v0 
OAI211X1LVT         198     338.580    fast_vdd1v0 
OAI21X1LVT          575     983.250    fast_vdd1v0 
OAI21XLLVT           41      70.110    fast_vdd1v0 
OAI221X1LVT        1458    3490.452    fast_vdd1v0 
OAI222XLLVT        1053    2881.008    fast_vdd1v0 
OAI22X1LVT           36      73.872    fast_vdd1v0 
OAI22XLLVT          120     246.240    fast_vdd1v0 
OAI2BB1X1LVT        440     752.400    fast_vdd1v0 
OAI31X1LVT            4       8.208    fast_vdd1v0 
OAI32X1LVT          328     785.232    fast_vdd1v0 
OR2X1LVT             82     112.176    fast_vdd1v0 
OR2X2LVT              1       1.710    fast_vdd1v0 
OR2XLLVT            117     160.056    fast_vdd1v0 
OR3X1LVT             54     110.808    fast_vdd1v0 
OR3X8LVT              1       5.472    fast_vdd1v0 
OR3XLLVT              1       2.052    fast_vdd1v0 
OR4X1LVT              2       4.104    fast_vdd1v0 
SDFFRHQX1LVT       8991   73798.128    fast_vdd1v0 
XNOR2X1LVT         1347    3224.718    fast_vdd1v0 
XOR2XLLVT          1589    4347.504    fast_vdd1v0 
---------------------------------------------------
total             27394  124831.163                


                                           
     Type      Instances    Area    Area % 
-------------------------------------------
sequential         10145  81290.664   65.1 
inverter            1441   1152.540    0.9 
buffer                 4     28.386    0.0 
logic              15804  42359.573   33.9 
physical_cells         0      0.000    0.0 
-------------------------------------------
total              27394 124831.163  100.0 

