============================================================
  Generated by:           Genus(TM) Synthesis Solution 21.19-s055_1
  Generated on:           Apr 07 2026  08:13:20 pm
  Module:                 pure_quat_conv2d_3x3_core
  Technology libraries:   fast_vdd1v0 1.0
                          fast_vdd1v2 1.0
                          slow_vdd1v0 1.0
                          slow_vdd1v2 1.0
  Operating conditions:   PVT_1P1V_0C (balanced_tree)
  Wireload mode:          enclosed
  Area mode:              timing library
============================================================

Timing
--------

  Clock  Period 
----------------
core_clk 1000.0 


  Cost     Critical         Violating 
  Group   Path Slack  TNS     Paths   
--------------------------------------
core_clk       286.7   0.0          0 
default     No paths   0.0            
--------------------------------------
Total                  0.0          0 

Instance Count
--------------
Leaf Instance Count             27394 
Physical Instance count             0 
Sequential Instance Count       10145 
Combinational Instance Count    17249 
Hierarchical Instance Count        30 

Area
----
Cell Area                          124831.163
Physical Cell Area                 0.000
Total Cell Area (Cell+Physical)    124831.163
Net Area                           0.000
Total Area (Cell+Physical+Net)     124831.163

Max Fanout                         10145 (i_clk)
Min Fanout                         0 (u_controller_start_d)
Average Fanout                     2.9
Terms to net ratio                 4.2526
Terms to instance ratio            4.8458
Runtime                            1590.0 seconds
Elapsed Runtime                    2372 seconds
Genus peak memory usage            2283.33 
Innovus peak memory usage          no_value 
Hostname                           pink
