============================================================
  Generated by:           Genus(TM) Synthesis Solution 21.19-s055_1
  Generated on:           Apr 07 2026  11:25:27 pm
  Module:                 pure_quat_conv2d_3x3_core
  Technology libraries:   fast_vdd1v0 1.0
                          fast_vdd1v2 1.0
                          slow_vdd1v0 1.0
                          slow_vdd1v2 1.0
  Operating conditions:   PVT_1P1V_0C (balanced_tree)
  Wireload mode:          enclosed
  Area mode:              timing library
============================================================

             Instance                         Module            Cell Count  Cell Area  Net Area   Total Area   Wireload  
-------------------------------------------------------------------------------------------------------------------------
pure_quat_conv2d_3x3_core                                            30718 128559.373     0.000   128559.373 <none> (D)  
  u_tap_3x3_4lane_u_tap_1          tap_4lane_20940                    2580   9329.418     0.000     9329.418 <none> (D)  
    u_sub_y1                       subtractor_signed_18b_20930          74    143.298     0.000      143.298 <none> (D)  
    u_sub_y2                       subtractor_signed_18b_20929          74    143.298     0.000      143.298 <none> (D)  
    u_sub_y3                       subtractor_signed_18b_20928          74    143.298     0.000      143.298 <none> (D)  
  u_tap_3x3_4lane_u_tap_2          tap_4lane_20939                    2580   9329.418     0.000     9329.418 <none> (D)  
    u_sub_y1                       subtractor_signed_18b_20927          74    143.298     0.000      143.298 <none> (D)  
    u_sub_y2                       subtractor_signed_18b_20926          74    143.298     0.000      143.298 <none> (D)  
    u_sub_y3                       subtractor_signed_18b_20925          74    143.298     0.000      143.298 <none> (D)  
  u_tap_3x3_4lane_u_tap_3          tap_4lane_20938                    2580   9329.418     0.000     9329.418 <none> (D)  
    u_sub_y1                       subtractor_signed_18b_20924          74    143.298     0.000      143.298 <none> (D)  
    u_sub_y2                       subtractor_signed_18b_20923          74    143.298     0.000      143.298 <none> (D)  
    u_sub_y3                       subtractor_signed_18b_20922          74    143.298     0.000      143.298 <none> (D)  
  u_tap_3x3_4lane_u_tap_4          tap_4lane_20937                    2580   9329.418     0.000     9329.418 <none> (D)  
    u_sub_y1                       subtractor_signed_18b_20921          74    143.298     0.000      143.298 <none> (D)  
    u_sub_y2                       subtractor_signed_18b_20920          74    143.298     0.000      143.298 <none> (D)  
    u_sub_y3                       subtractor_signed_18b_20919          74    143.298     0.000      143.298 <none> (D)  
  u_tap_3x3_4lane_u_tap_0_u_sub_y1 subtractor_signed_18b                74    143.298     0.000      143.298 <none> (D)  
  u_tap_3x3_4lane_u_tap_0_u_sub_y2 subtractor_signed_18b_20932          74    143.298     0.000      143.298 <none> (D)  
  u_tap_3x3_4lane_u_tap_0_u_sub_y3 subtractor_signed_18b_20931          74    143.298     0.000      143.298 <none> (D)  
  u_tap_3x3_4lane_u_tap_8_u_sub_y1 subtractor_signed_18b_20909          74    143.298     0.000      143.298 <none> (D)  
  u_tap_3x3_4lane_u_tap_8_u_sub_y2 subtractor_signed_18b_20908          74    143.298     0.000      143.298 <none> (D)  
  u_tap_3x3_4lane_u_tap_8_u_sub_y3 subtractor_signed_18b_20907          74    143.298     0.000      143.298 <none> (D)  
  u_tap_3x3_4lane_u_tap_7_u_sub_y1 subtractor_signed_18b_20912          74    143.298     0.000      143.298 <none> (D)  
  u_tap_3x3_4lane_u_tap_7_u_sub_y2 subtractor_signed_18b_20911          74    143.298     0.000      143.298 <none> (D)  
  u_tap_3x3_4lane_u_tap_7_u_sub_y3 subtractor_signed_18b_20910          74    143.298     0.000      143.298 <none> (D)  
  u_tap_3x3_4lane_u_tap_6_u_sub_y1 subtractor_signed_18b_20915          74    143.298     0.000      143.298 <none> (D)  
  u_tap_3x3_4lane_u_tap_6_u_sub_y2 subtractor_signed_18b_20914          74    143.298     0.000      143.298 <none> (D)  
  u_tap_3x3_4lane_u_tap_6_u_sub_y3 subtractor_signed_18b_20913          74    143.298     0.000      143.298 <none> (D)  
  u_tap_3x3_4lane_u_tap_5_u_sub_y1 subtractor_signed_18b_20918          74    143.298     0.000      143.298 <none> (D)  
  u_tap_3x3_4lane_u_tap_5_u_sub_y2 subtractor_signed_18b_20917          74    143.298     0.000      143.298 <none> (D)  
  u_tap_3x3_4lane_u_tap_5_u_sub_y3 subtractor_signed_18b_20916          74    143.298     0.000      143.298 <none> (D)  
  (D) = wireload is default in technology library
