============================================================
  Generated by:           Genus(TM) Synthesis Solution 21.19-s055_1
  Generated on:           Apr 07 2026  11:25:29 pm
  Module:                 pure_quat_conv2d_3x3_core
  Technology libraries:   fast_vdd1v0 1.0
                          fast_vdd1v2 1.0
                          slow_vdd1v0 1.0
                          slow_vdd1v2 1.0
  Operating conditions:   PVT_1P1V_0C (balanced_tree)
  Wireload mode:          enclosed
  Area mode:              timing library
============================================================

                                    
    Gate      Instances     Area        Library    
---------------------------------------------------
ADDFX1LVT          1296    6648.480    fast_vdd1v0 
ADDHX1LVT           738    2776.356    fast_vdd1v0 
AND2X1LVT             1       1.368    fast_vdd1v0 
AND2X2LVT             3       5.130    fast_vdd1v0 
AND2X4LVT             1       2.736    fast_vdd1v0 
AND2X6LVT             1       3.762    fast_vdd1v0 
AND2XLLVT           180     246.240    fast_vdd1v0 
AND3X1LVT            27      64.638    fast_vdd1v0 
AND3XLLVT            55     112.860    fast_vdd1v0 
AO21X1LVT            27      64.638    fast_vdd1v0 
AO21XLLVT            29      69.426    fast_vdd1v0 
AO22XLLVT           594    1625.184    fast_vdd1v0 
AOI21X1LVT           55      94.050    fast_vdd1v0 
AOI21XLLVT            5       8.550    fast_vdd1v0 
AOI221X1LVT           1       2.394    fast_vdd1v0 
AOI22X1LVT         2048    4202.496    fast_vdd1v0 
AOI22XLLVT          717    1471.284    fast_vdd1v0 
AOI32X1LVT           81     193.914    fast_vdd1v0 
BUFX16LVT             2      13.680    fast_vdd1v0 
BUFX20LVT             1       8.208    fast_vdd1v0 
BUFX2LVT              4       6.840    fast_vdd1v0 
CLKINVX16LVT         12      65.664    fast_vdd1v0 
CLKINVX20LVT         17     110.466    fast_vdd1v0 
CLKINVX4LVT           4       6.840    fast_vdd1v0 
CLKINVX6LVT           2       4.788    fast_vdd1v0 
CLKINVX8LVT           1       3.078    fast_vdd1v0 
CLKXOR2X1LVT         41     112.176    fast_vdd1v0 
DFFRHQX1HVT          12      73.872    fast_vdd1v0 
DFFRHQX1LVT         599    3687.444    fast_vdd1v0 
DFFRX1LVT           627    4288.680    fast_vdd1v0 
INVX1LVT            573     391.932    fast_vdd1v0 
INVX20LVT             2      12.996    fast_vdd1v0 
INVX2LVT              4       4.104    fast_vdd1v0 
INVX8LVT              1       3.078    fast_vdd1v0 
INVXLLVT            964     659.376    fast_vdd1v0 
MX2X1LVT             54     129.276    fast_vdd1v0 
MX2XLLVT              9      21.546    fast_vdd1v0 
MXI2XLLVT           524    1254.456    fast_vdd1v0 
NAND2BX1LVT         249     340.632    fast_vdd1v0 
NAND2BXLLVT         150     205.200    fast_vdd1v0 
NAND2X1LVT          535     548.910    fast_vdd1v0 
NAND2X2LVT            1       1.710    fast_vdd1v0 
NAND2X4LVT            3       9.439    fast_vdd1v0 
NAND2XLLVT          721     739.746    fast_vdd1v0 
NAND3BXLLVT           2       3.420    fast_vdd1v0 
NAND3X1LVT           54      92.340    fast_vdd1v0 
NAND4BX1LVT          28      67.032    fast_vdd1v0 
NAND4XLLVT            1       1.710    fast_vdd1v0 
NOR2BX1LVT          227     310.536    fast_vdd1v0 
NOR2X1LVT            62      63.612    fast_vdd1v0 
NOR2X2LVT            27      46.170    fast_vdd1v0 
NOR2XLLVT           277     284.202    fast_vdd1v0 
NOR3BX1LVT            1       2.052    fast_vdd1v0 
NOR3X1LVT            28      47.880    fast_vdd1v0 
NOR4X1LVT             1       1.710    fast_vdd1v0 
OAI211X1LVT         197     336.870    fast_vdd1v0 
OAI21X1LVT          644    1101.240    fast_vdd1v0 
OAI21XLLVT          193     330.030    fast_vdd1v0 
OAI221X1LVT        1458    3490.452    fast_vdd1v0 
OAI222XLLVT        1054    2883.744    fast_vdd1v0 
OAI22X1LVT          388     796.176    fast_vdd1v0 
OAI22XLLVT           90     184.680    fast_vdd1v0 
OAI2BB1X1LVT        431     737.010    fast_vdd1v0 
OAI32X1LVT          407     974.358    fast_vdd1v0 
OR2X1LVT             85     116.280    fast_vdd1v0 
OR2X2LVT              2       3.420    fast_vdd1v0 
OR2X4LVT              1       2.736    fast_vdd1v0 
OR2X8LVT              1       4.446    fast_vdd1v0 
OR2XLLVT            114     155.952    fast_vdd1v0 
OR4X1LVT              1       2.052    fast_vdd1v0 
SDFFRHQX1LVT       8907   73108.656    fast_vdd1v0 
XNOR2X1LVT         2186    5233.284    fast_vdd1v0 
XOR2XLLVT          2880    7879.680    fast_vdd1v0 
---------------------------------------------------
total             30718  128559.373                


                                           
     Type      Instances    Area    Area % 
-------------------------------------------
sequential         10145  81158.652   63.1 
inverter            1580   1262.322    1.0 
buffer                 7     28.728    0.0 
logic              18986  46109.671   35.9 
physical_cells         0      0.000    0.0 
-------------------------------------------
total              30718 128559.373  100.0 

