============================================================
  Generated by:           Genus(TM) Synthesis Solution 21.19-s055_1
  Generated on:           Apr 07 2026  11:25:23 pm
  Module:                 pure_quat_conv2d_3x3_core
  Technology libraries:   fast_vdd1v0 1.0
                          fast_vdd1v2 1.0
                          slow_vdd1v0 1.0
                          slow_vdd1v2 1.0
  Operating conditions:   PVT_1P1V_0C (balanced_tree)
  Wireload mode:          enclosed
  Area mode:              timing library
============================================================

Timing
--------

  Clock  Period 
----------------
core_clk  714.0 


  Cost     Critical         Violating 
  Group   Path Slack  TNS     Paths   
--------------------------------------
core_clk        86.5   0.0          0 
default     No paths   0.0            
--------------------------------------
Total                  0.0          0 

Instance Count
--------------
Leaf Instance Count             30718 
Physical Instance count             0 
Sequential Instance Count       10145 
Combinational Instance Count    20573 
Hierarchical Instance Count        31 

Area
----
Cell Area                          128559.373
Physical Cell Area                 0.000
Total Cell Area (Cell+Physical)    128559.373
Net Area                           0.000
Total Area (Cell+Physical+Net)     128559.373

Max Fanout                         10145 (i_clk)
Min Fanout                         0 (i_rst_n)
Average Fanout                     3.0
Terms to net ratio                 4.2710
Terms to instance ratio            4.6490
Runtime                            1883.0 seconds
Elapsed Runtime                    3149 seconds
Genus peak memory usage            2277.64 
Innovus peak memory usage          no_value 
Hostname                           pink
