============================================================
  Generated by:           Genus(TM) Synthesis Solution 21.19-s055_1
  Generated on:           Apr 03 2026  02:13:15 am
  Module:                 pure_quat_conv2d_3x3_core
  Technology libraries:   fast_vdd1v0 1.0
                          fast_vdd1v2 1.0
                          slow_vdd1v0 1.0
                          slow_vdd1v2 1.0
  Operating conditions:   PVT_1P1V_0C (balanced_tree)
  Wireload mode:          enclosed
  Area mode:              timing library
============================================================

                                               Instance                                                           Module            Cell Count  Cell Area  Net Area   Total Area   Wireload  
---------------------------------------------------------------------------------------------------------------------------------------------------------------------------------------------
pure_quat_conv2d_3x3_core                                                                                                                34981 132628.763     0.000   132628.763 <none> (D)  
  u_accumulator_9tap_4lane_gen_stage1[0].u_s1_add_0                                                    adder_signed_24b_825_53561           65    140.220     0.000      140.220 <none> (D)  
  u_accumulator_9tap_4lane_gen_stage1[0].u_s1_add_1                                                    adder_signed_24b_825_53562           65    140.220     0.000      140.220 <none> (D)  
  u_accumulator_9tap_4lane_gen_stage1[0].u_s1_add_2                                                    adder_signed_24b_825_53563           65    140.220     0.000      140.220 <none> (D)  
  u_accumulator_9tap_4lane_gen_stage1[0].u_s1_add_3                                                    adder_signed_24b_825_53564           65    140.220     0.000      140.220 <none> (D)  
  u_accumulator_9tap_4lane_gen_stage1[1].u_s1_add_0                                                    adder_signed_24b_825_53565           65    140.220     0.000      140.220 <none> (D)  
  u_accumulator_9tap_4lane_gen_stage1[1].u_s1_add_1                                                    adder_signed_24b_825_53566           65    140.220     0.000      140.220 <none> (D)  
  u_accumulator_9tap_4lane_gen_stage1[1].u_s1_add_2                                                    adder_signed_24b_825_53567           65    140.220     0.000      140.220 <none> (D)  
  u_accumulator_9tap_4lane_gen_stage1[1].u_s1_add_3                                                    adder_signed_24b_825_53568           65    140.220     0.000      140.220 <none> (D)  
  u_accumulator_9tap_4lane_gen_stage1[2].u_s1_add_0                                                    adder_signed_24b_825_53569           65    140.220     0.000      140.220 <none> (D)  
  u_accumulator_9tap_4lane_gen_stage1[2].u_s1_add_1                                                    adder_signed_24b_825_53570           65    140.220     0.000      140.220 <none> (D)  
  u_accumulator_9tap_4lane_gen_stage1[2].u_s1_add_2                                                    adder_signed_24b_825_53571           65    140.220     0.000      140.220 <none> (D)  
  u_accumulator_9tap_4lane_gen_stage1[2].u_s1_add_3                                                    adder_signed_24b_825_53572           65    140.220     0.000      140.220 <none> (D)  
  u_accumulator_9tap_4lane_gen_stage1[3].u_s1_add_0                                                    adder_signed_24b_825_53573           65    140.220     0.000      140.220 <none> (D)  
  u_accumulator_9tap_4lane_gen_stage1[3].u_s1_add_1                                                    adder_signed_24b_825_53574           65    140.220     0.000      140.220 <none> (D)  
  u_accumulator_9tap_4lane_gen_stage1[3].u_s1_add_2                                                    adder_signed_24b_825_53575           65    140.220     0.000      140.220 <none> (D)  
  u_accumulator_9tap_4lane_gen_stage1[3].u_s1_add_3                                                    adder_signed_24b_825                 65    140.220     0.000      140.220 <none> (D)  
  u_accumulator_9tap_4lane_gen_stage2[0].u_s2_add_0                                                    adder_signed_24b_841_53576           64    141.930     0.000      141.930 <none> (D)  
  u_accumulator_9tap_4lane_gen_stage2[0].u_s2_add_1                                                    adder_signed_24b_841_53577           64    141.930     0.000      141.930 <none> (D)  
  u_accumulator_9tap_4lane_gen_stage2[1].u_s2_add_0                                                    adder_signed_24b_841_53578           64    141.930     0.000      141.930 <none> (D)  
  u_accumulator_9tap_4lane_gen_stage2[1].u_s2_add_1                                                    adder_signed_24b_841_53579           64    141.930     0.000      141.930 <none> (D)  
  u_accumulator_9tap_4lane_gen_stage2[2].u_s2_add_0                                                    adder_signed_24b_841_53580           64    141.930     0.000      141.930 <none> (D)  
  u_accumulator_9tap_4lane_gen_stage2[2].u_s2_add_1                                                    adder_signed_24b_841_53581           64    141.930     0.000      141.930 <none> (D)  
  u_accumulator_9tap_4lane_gen_stage2[3].u_s2_add_0                                                    adder_signed_24b_841_53582           64    141.930     0.000      141.930 <none> (D)  
  u_accumulator_9tap_4lane_gen_stage2[3].u_s2_add_1                                                    adder_signed_24b_841_53583           64    141.930     0.000      141.930 <none> (D)  
  u_tap_3x3_4lane_u_tap_0_u_add3_y0_u_add_ab                                                           adder_signed_18b_10_52709            60    131.670     0.000      131.670 <none> (D)  
  u_tap_3x3_4lane_u_tap_0_u_add3_y0_u_add_abc                                                          adder_signed_18b_10                  60    131.670     0.000      131.670 <none> (D)  
  u_tap_3x3_4lane_u_tap_0_u_multiplier_booth_wallace_9core_u_core_bp_u_wallace_tree_u_adder_signed_18b adder_signed_18b_52695               46    100.890     0.000      100.890 <none> (D)  
  u_tap_3x3_4lane_u_tap_0_u_multiplier_booth_wallace_9core_u_core_bp_u_wallace_tree_u_wallace_5to2_18b wallace_5to2_18b_65436               91    196.992     0.000      196.992 <none> (D)  
  u_tap_3x3_4lane_u_tap_0_u_multiplier_booth_wallace_9core_u_core_bq_u_wallace_tree_u_adder_signed_18b adder_signed_18b_52694               46    100.890     0.000      100.890 <none> (D)  
  u_tap_3x3_4lane_u_tap_0_u_multiplier_booth_wallace_9core_u_core_bq_u_wallace_tree_u_wallace_5to2_18b wallace_5to2_18b_65435               91    196.992     0.000      196.992 <none> (D)  
  u_tap_3x3_4lane_u_tap_0_u_multiplier_booth_wallace_9core_u_core_bs_u_wallace_tree_u_adder_signed_18b adder_signed_18b_52693               46    100.890     0.000      100.890 <none> (D)  
  u_tap_3x3_4lane_u_tap_0_u_multiplier_booth_wallace_9core_u_core_bs_u_wallace_tree_u_wallace_5to2_18b wallace_5to2_18b_65434               91    196.992     0.000      196.992 <none> (D)  
  u_tap_3x3_4lane_u_tap_0_u_multiplier_booth_wallace_9core_u_core_gp_u_wallace_tree_u_adder_signed_18b adder_signed_18b_52698               46    100.890     0.000      100.890 <none> (D)  
  u_tap_3x3_4lane_u_tap_0_u_multiplier_booth_wallace_9core_u_core_gp_u_wallace_tree_u_wallace_5to2_18b wallace_5to2_18b_65439               91    196.992     0.000      196.992 <none> (D)  
  u_tap_3x3_4lane_u_tap_0_u_multiplier_booth_wallace_9core_u_core_gq_u_wallace_tree_u_adder_signed_18b adder_signed_18b_52697               46    100.890     0.000      100.890 <none> (D)  
  u_tap_3x3_4lane_u_tap_0_u_multiplier_booth_wallace_9core_u_core_gq_u_wallace_tree_u_wallace_5to2_18b wallace_5to2_18b_65438               91    196.992     0.000      196.992 <none> (D)  
  u_tap_3x3_4lane_u_tap_0_u_multiplier_booth_wallace_9core_u_core_gs_u_wallace_tree_u_adder_signed_18b adder_signed_18b_52696               46    100.890     0.000      100.890 <none> (D)  
  u_tap_3x3_4lane_u_tap_0_u_multiplier_booth_wallace_9core_u_core_gs_u_wallace_tree_u_wallace_5to2_18b wallace_5to2_18b_65437               91    196.992     0.000      196.992 <none> (D)  
  u_tap_3x3_4lane_u_tap_0_u_multiplier_booth_wallace_9core_u_core_rp_u_wallace_tree_u_adder_signed_18b adder_signed_18b                     46    100.890     0.000      100.890 <none> (D)  
  u_tap_3x3_4lane_u_tap_0_u_multiplier_booth_wallace_9core_u_core_rp_u_wallace_tree_u_wallace_5to2_18b wallace_5to2_18b                     91    196.992     0.000      196.992 <none> (D)  
  u_tap_3x3_4lane_u_tap_0_u_multiplier_booth_wallace_9core_u_core_rq_u_wallace_tree_u_adder_signed_18b adder_signed_18b_52700               46    100.890     0.000      100.890 <none> (D)  
  u_tap_3x3_4lane_u_tap_0_u_multiplier_booth_wallace_9core_u_core_rq_u_wallace_tree_u_wallace_5to2_18b wallace_5to2_18b_65441               91    196.992     0.000      196.992 <none> (D)  
  u_tap_3x3_4lane_u_tap_0_u_multiplier_booth_wallace_9core_u_core_rs_u_wallace_tree_u_adder_signed_18b adder_signed_18b_52699               46    100.890     0.000      100.890 <none> (D)  
  u_tap_3x3_4lane_u_tap_0_u_multiplier_booth_wallace_9core_u_core_rs_u_wallace_tree_u_wallace_5to2_18b wallace_5to2_18b_65440               91    196.992     0.000      196.992 <none> (D)  
  u_tap_3x3_4lane_u_tap_0_u_sub_y1                                                                     subtractor_signed_18b                86    159.372     0.000      159.372 <none> (D)  
  u_tap_3x3_4lane_u_tap_0_u_sub_y2                                                                     subtractor_signed_18b_20846          86    159.372     0.000      159.372 <none> (D)  
  u_tap_3x3_4lane_u_tap_0_u_sub_y3                                                                     subtractor_signed_18b_20845          86    159.372     0.000      159.372 <none> (D)  
  u_tap_3x3_4lane_u_tap_1_u_add3_y0_u_add_ab                                                           adder_signed_18b_10_52701            60    131.670     0.000      131.670 <none> (D)  
  u_tap_3x3_4lane_u_tap_1_u_add3_y0_u_add_abc                                                          adder_signed_18b_10_52710            60    131.670     0.000      131.670 <none> (D)  
  u_tap_3x3_4lane_u_tap_1_u_multiplier_booth_wallace_9core_u_core_bp_u_wallace_tree_u_adder_signed_18b adder_signed_18b_52686               46    100.890     0.000      100.890 <none> (D)  
  u_tap_3x3_4lane_u_tap_1_u_multiplier_booth_wallace_9core_u_core_bp_u_wallace_tree_u_wallace_5to2_18b wallace_5to2_18b_65427               91    196.992     0.000      196.992 <none> (D)  
  u_tap_3x3_4lane_u_tap_1_u_multiplier_booth_wallace_9core_u_core_bq_u_wallace_tree_u_adder_signed_18b adder_signed_18b_52685               46    100.890     0.000      100.890 <none> (D)  
  u_tap_3x3_4lane_u_tap_1_u_multiplier_booth_wallace_9core_u_core_bq_u_wallace_tree_u_wallace_5to2_18b wallace_5to2_18b_65426               91    196.992     0.000      196.992 <none> (D)  
  u_tap_3x3_4lane_u_tap_1_u_multiplier_booth_wallace_9core_u_core_bs_u_wallace_tree_u_adder_signed_18b adder_signed_18b_52684               46    100.890     0.000      100.890 <none> (D)  
  u_tap_3x3_4lane_u_tap_1_u_multiplier_booth_wallace_9core_u_core_bs_u_wallace_tree_u_wallace_5to2_18b wallace_5to2_18b_65425               91    196.992     0.000      196.992 <none> (D)  
  u_tap_3x3_4lane_u_tap_1_u_multiplier_booth_wallace_9core_u_core_gp_u_wallace_tree_u_adder_signed_18b adder_signed_18b_52689               46    100.890     0.000      100.890 <none> (D)  
  u_tap_3x3_4lane_u_tap_1_u_multiplier_booth_wallace_9core_u_core_gp_u_wallace_tree_u_wallace_5to2_18b wallace_5to2_18b_65430               91    196.992     0.000      196.992 <none> (D)  
  u_tap_3x3_4lane_u_tap_1_u_multiplier_booth_wallace_9core_u_core_gq_u_wallace_tree_u_adder_signed_18b adder_signed_18b_52688               46    100.890     0.000      100.890 <none> (D)  
  u_tap_3x3_4lane_u_tap_1_u_multiplier_booth_wallace_9core_u_core_gq_u_wallace_tree_u_wallace_5to2_18b wallace_5to2_18b_65429               91    196.992     0.000      196.992 <none> (D)  
  u_tap_3x3_4lane_u_tap_1_u_multiplier_booth_wallace_9core_u_core_gs_u_wallace_tree_u_adder_signed_18b adder_signed_18b_52687               46    100.890     0.000      100.890 <none> (D)  
  u_tap_3x3_4lane_u_tap_1_u_multiplier_booth_wallace_9core_u_core_gs_u_wallace_tree_u_wallace_5to2_18b wallace_5to2_18b_65428               91    196.992     0.000      196.992 <none> (D)  
  u_tap_3x3_4lane_u_tap_1_u_multiplier_booth_wallace_9core_u_core_rp_u_wallace_tree_u_adder_signed_18b adder_signed_18b_52692               46    100.890     0.000      100.890 <none> (D)  
  u_tap_3x3_4lane_u_tap_1_u_multiplier_booth_wallace_9core_u_core_rp_u_wallace_tree_u_wallace_5to2_18b wallace_5to2_18b_65433               91    196.992     0.000      196.992 <none> (D)  
  u_tap_3x3_4lane_u_tap_1_u_multiplier_booth_wallace_9core_u_core_rq_u_wallace_tree_u_adder_signed_18b adder_signed_18b_52691               46    100.890     0.000      100.890 <none> (D)  
  u_tap_3x3_4lane_u_tap_1_u_multiplier_booth_wallace_9core_u_core_rq_u_wallace_tree_u_wallace_5to2_18b wallace_5to2_18b_65432               91    196.992     0.000      196.992 <none> (D)  
  u_tap_3x3_4lane_u_tap_1_u_multiplier_booth_wallace_9core_u_core_rs_u_wallace_tree_u_adder_signed_18b adder_signed_18b_52690               46    100.890     0.000      100.890 <none> (D)  
  u_tap_3x3_4lane_u_tap_1_u_multiplier_booth_wallace_9core_u_core_rs_u_wallace_tree_u_wallace_5to2_18b wallace_5to2_18b_65431               91    196.992     0.000      196.992 <none> (D)  
  u_tap_3x3_4lane_u_tap_1_u_sub_y1                                                                     subtractor_signed_18b_20844          86    159.372     0.000      159.372 <none> (D)  
  u_tap_3x3_4lane_u_tap_1_u_sub_y2                                                                     subtractor_signed_18b_20843          86    159.372     0.000      159.372 <none> (D)  
  u_tap_3x3_4lane_u_tap_1_u_sub_y3                                                                     subtractor_signed_18b_20842          86    159.372     0.000      159.372 <none> (D)  
  u_tap_3x3_4lane_u_tap_2_u_add3_y0_u_add_ab                                                           adder_signed_18b_10_52702            60    131.670     0.000      131.670 <none> (D)  
  u_tap_3x3_4lane_u_tap_2_u_add3_y0_u_add_abc                                                          adder_signed_18b_10_52711            60    131.670     0.000      131.670 <none> (D)  
  u_tap_3x3_4lane_u_tap_2_u_multiplier_booth_wallace_9core_u_core_bp_u_wallace_tree_u_adder_signed_18b adder_signed_18b_52677               46    100.890     0.000      100.890 <none> (D)  
  u_tap_3x3_4lane_u_tap_2_u_multiplier_booth_wallace_9core_u_core_bp_u_wallace_tree_u_wallace_5to2_18b wallace_5to2_18b_65418               91    196.992     0.000      196.992 <none> (D)  
  u_tap_3x3_4lane_u_tap_2_u_multiplier_booth_wallace_9core_u_core_bq_u_wallace_tree_u_adder_signed_18b adder_signed_18b_52676               46    100.890     0.000      100.890 <none> (D)  
  u_tap_3x3_4lane_u_tap_2_u_multiplier_booth_wallace_9core_u_core_bq_u_wallace_tree_u_wallace_5to2_18b wallace_5to2_18b_65417               91    196.992     0.000      196.992 <none> (D)  
  u_tap_3x3_4lane_u_tap_2_u_multiplier_booth_wallace_9core_u_core_bs_u_wallace_tree_u_adder_signed_18b adder_signed_18b_52675               46    100.890     0.000      100.890 <none> (D)  
  u_tap_3x3_4lane_u_tap_2_u_multiplier_booth_wallace_9core_u_core_bs_u_wallace_tree_u_wallace_5to2_18b wallace_5to2_18b_65416               91    196.992     0.000      196.992 <none> (D)  
  u_tap_3x3_4lane_u_tap_2_u_multiplier_booth_wallace_9core_u_core_gp_u_wallace_tree_u_adder_signed_18b adder_signed_18b_52680               46    100.890     0.000      100.890 <none> (D)  
  u_tap_3x3_4lane_u_tap_2_u_multiplier_booth_wallace_9core_u_core_gp_u_wallace_tree_u_wallace_5to2_18b wallace_5to2_18b_65421               91    196.992     0.000      196.992 <none> (D)  
  u_tap_3x3_4lane_u_tap_2_u_multiplier_booth_wallace_9core_u_core_gq_u_wallace_tree_u_adder_signed_18b adder_signed_18b_52679               46    100.890     0.000      100.890 <none> (D)  
  u_tap_3x3_4lane_u_tap_2_u_multiplier_booth_wallace_9core_u_core_gq_u_wallace_tree_u_wallace_5to2_18b wallace_5to2_18b_65420               91    196.992     0.000      196.992 <none> (D)  
  u_tap_3x3_4lane_u_tap_2_u_multiplier_booth_wallace_9core_u_core_gs_u_wallace_tree_u_adder_signed_18b adder_signed_18b_52678               46    100.890     0.000      100.890 <none> (D)  
  u_tap_3x3_4lane_u_tap_2_u_multiplier_booth_wallace_9core_u_core_gs_u_wallace_tree_u_wallace_5to2_18b wallace_5to2_18b_65419               91    196.992     0.000      196.992 <none> (D)  
  u_tap_3x3_4lane_u_tap_2_u_multiplier_booth_wallace_9core_u_core_rp_u_wallace_tree_u_adder_signed_18b adder_signed_18b_52683               46    100.890     0.000      100.890 <none> (D)  
  u_tap_3x3_4lane_u_tap_2_u_multiplier_booth_wallace_9core_u_core_rp_u_wallace_tree_u_wallace_5to2_18b wallace_5to2_18b_65424               91    196.992     0.000      196.992 <none> (D)  
  u_tap_3x3_4lane_u_tap_2_u_multiplier_booth_wallace_9core_u_core_rq_u_wallace_tree_u_adder_signed_18b adder_signed_18b_52682               46    100.890     0.000      100.890 <none> (D)  
  u_tap_3x3_4lane_u_tap_2_u_multiplier_booth_wallace_9core_u_core_rq_u_wallace_tree_u_wallace_5to2_18b wallace_5to2_18b_65423               91    196.992     0.000      196.992 <none> (D)  
  u_tap_3x3_4lane_u_tap_2_u_multiplier_booth_wallace_9core_u_core_rs_u_wallace_tree_u_adder_signed_18b adder_signed_18b_52681               46    100.890     0.000      100.890 <none> (D)  
  u_tap_3x3_4lane_u_tap_2_u_multiplier_booth_wallace_9core_u_core_rs_u_wallace_tree_u_wallace_5to2_18b wallace_5to2_18b_65422               91    196.992     0.000      196.992 <none> (D)  
  u_tap_3x3_4lane_u_tap_2_u_sub_y1                                                                     subtractor_signed_18b_20841          86    159.372     0.000      159.372 <none> (D)  
  u_tap_3x3_4lane_u_tap_2_u_sub_y2                                                                     subtractor_signed_18b_20840          86    159.372     0.000      159.372 <none> (D)  
  u_tap_3x3_4lane_u_tap_2_u_sub_y3                                                                     subtractor_signed_18b_20839          86    159.372     0.000      159.372 <none> (D)  
  u_tap_3x3_4lane_u_tap_3_u_add3_y0_u_add_ab                                                           adder_signed_18b_10_52703            60    131.670     0.000      131.670 <none> (D)  
  u_tap_3x3_4lane_u_tap_3_u_add3_y0_u_add_abc                                                          adder_signed_18b_10_52712            60    131.670     0.000      131.670 <none> (D)  
  u_tap_3x3_4lane_u_tap_3_u_multiplier_booth_wallace_9core_u_core_bp_u_wallace_tree_u_adder_signed_18b adder_signed_18b_52668               46    100.890     0.000      100.890 <none> (D)  
  u_tap_3x3_4lane_u_tap_3_u_multiplier_booth_wallace_9core_u_core_bp_u_wallace_tree_u_wallace_5to2_18b wallace_5to2_18b_65409               91    196.992     0.000      196.992 <none> (D)  
  u_tap_3x3_4lane_u_tap_3_u_multiplier_booth_wallace_9core_u_core_bq_u_wallace_tree_u_adder_signed_18b adder_signed_18b_52667               46    100.890     0.000      100.890 <none> (D)  
  u_tap_3x3_4lane_u_tap_3_u_multiplier_booth_wallace_9core_u_core_bq_u_wallace_tree_u_wallace_5to2_18b wallace_5to2_18b_65408               91    196.992     0.000      196.992 <none> (D)  
  u_tap_3x3_4lane_u_tap_3_u_multiplier_booth_wallace_9core_u_core_bs_u_wallace_tree_u_adder_signed_18b adder_signed_18b_52666               46    100.890     0.000      100.890 <none> (D)  
  u_tap_3x3_4lane_u_tap_3_u_multiplier_booth_wallace_9core_u_core_bs_u_wallace_tree_u_wallace_5to2_18b wallace_5to2_18b_65407               91    196.992     0.000      196.992 <none> (D)  
  u_tap_3x3_4lane_u_tap_3_u_multiplier_booth_wallace_9core_u_core_gp_u_wallace_tree_u_adder_signed_18b adder_signed_18b_52671               46    100.890     0.000      100.890 <none> (D)  
  u_tap_3x3_4lane_u_tap_3_u_multiplier_booth_wallace_9core_u_core_gp_u_wallace_tree_u_wallace_5to2_18b wallace_5to2_18b_65412               91    196.992     0.000      196.992 <none> (D)  
  u_tap_3x3_4lane_u_tap_3_u_multiplier_booth_wallace_9core_u_core_gq_u_wallace_tree_u_adder_signed_18b adder_signed_18b_52670               46    100.890     0.000      100.890 <none> (D)  
  u_tap_3x3_4lane_u_tap_3_u_multiplier_booth_wallace_9core_u_core_gq_u_wallace_tree_u_wallace_5to2_18b wallace_5to2_18b_65411               91    196.992     0.000      196.992 <none> (D)  
  u_tap_3x3_4lane_u_tap_3_u_multiplier_booth_wallace_9core_u_core_gs_u_wallace_tree_u_adder_signed_18b adder_signed_18b_52669               46    100.890     0.000      100.890 <none> (D)  
  u_tap_3x3_4lane_u_tap_3_u_multiplier_booth_wallace_9core_u_core_gs_u_wallace_tree_u_wallace_5to2_18b wallace_5to2_18b_65410               91    196.992     0.000      196.992 <none> (D)  
  u_tap_3x3_4lane_u_tap_3_u_multiplier_booth_wallace_9core_u_core_rp_u_wallace_tree_u_adder_signed_18b adder_signed_18b_52674               46    100.890     0.000      100.890 <none> (D)  
  u_tap_3x3_4lane_u_tap_3_u_multiplier_booth_wallace_9core_u_core_rp_u_wallace_tree_u_wallace_5to2_18b wallace_5to2_18b_65415               91    196.992     0.000      196.992 <none> (D)  
  u_tap_3x3_4lane_u_tap_3_u_multiplier_booth_wallace_9core_u_core_rq_u_wallace_tree_u_adder_signed_18b adder_signed_18b_52673               46    100.890     0.000      100.890 <none> (D)  
  u_tap_3x3_4lane_u_tap_3_u_multiplier_booth_wallace_9core_u_core_rq_u_wallace_tree_u_wallace_5to2_18b wallace_5to2_18b_65414               91    196.992     0.000      196.992 <none> (D)  
  u_tap_3x3_4lane_u_tap_3_u_multiplier_booth_wallace_9core_u_core_rs_u_wallace_tree_u_adder_signed_18b adder_signed_18b_52672               46    100.890     0.000      100.890 <none> (D)  
  u_tap_3x3_4lane_u_tap_3_u_multiplier_booth_wallace_9core_u_core_rs_u_wallace_tree_u_wallace_5to2_18b wallace_5to2_18b_65413               91    196.992     0.000      196.992 <none> (D)  
  u_tap_3x3_4lane_u_tap_3_u_sub_y1                                                                     subtractor_signed_18b_20838          86    159.372     0.000      159.372 <none> (D)  
  u_tap_3x3_4lane_u_tap_3_u_sub_y2                                                                     subtractor_signed_18b_20837          86    159.372     0.000      159.372 <none> (D)  
  u_tap_3x3_4lane_u_tap_3_u_sub_y3                                                                     subtractor_signed_18b_20836          86    159.372     0.000      159.372 <none> (D)  
  u_tap_3x3_4lane_u_tap_4_u_add3_y0_u_add_ab                                                           adder_signed_18b_10_52704            60    131.670     0.000      131.670 <none> (D)  
  u_tap_3x3_4lane_u_tap_4_u_add3_y0_u_add_abc                                                          adder_signed_18b_10_52713            60    131.670     0.000      131.670 <none> (D)  
  u_tap_3x3_4lane_u_tap_4_u_multiplier_booth_wallace_9core_u_core_bp_u_wallace_tree_u_adder_signed_18b adder_signed_18b_52659               46    100.890     0.000      100.890 <none> (D)  
  u_tap_3x3_4lane_u_tap_4_u_multiplier_booth_wallace_9core_u_core_bp_u_wallace_tree_u_wallace_5to2_18b wallace_5to2_18b_65400               91    196.992     0.000      196.992 <none> (D)  
  u_tap_3x3_4lane_u_tap_4_u_multiplier_booth_wallace_9core_u_core_bq_u_wallace_tree_u_adder_signed_18b adder_signed_18b_52658               46    100.890     0.000      100.890 <none> (D)  
  u_tap_3x3_4lane_u_tap_4_u_multiplier_booth_wallace_9core_u_core_bq_u_wallace_tree_u_wallace_5to2_18b wallace_5to2_18b_65399               91    196.992     0.000      196.992 <none> (D)  
  u_tap_3x3_4lane_u_tap_4_u_multiplier_booth_wallace_9core_u_core_bs_u_wallace_tree_u_adder_signed_18b adder_signed_18b_52657               46    100.890     0.000      100.890 <none> (D)  
  u_tap_3x3_4lane_u_tap_4_u_multiplier_booth_wallace_9core_u_core_bs_u_wallace_tree_u_wallace_5to2_18b wallace_5to2_18b_65398               91    196.992     0.000      196.992 <none> (D)  
  u_tap_3x3_4lane_u_tap_4_u_multiplier_booth_wallace_9core_u_core_gp_u_wallace_tree_u_adder_signed_18b adder_signed_18b_52662               46    100.890     0.000      100.890 <none> (D)  
  u_tap_3x3_4lane_u_tap_4_u_multiplier_booth_wallace_9core_u_core_gp_u_wallace_tree_u_wallace_5to2_18b wallace_5to2_18b_65403               91    196.992     0.000      196.992 <none> (D)  
  u_tap_3x3_4lane_u_tap_4_u_multiplier_booth_wallace_9core_u_core_gq_u_wallace_tree_u_adder_signed_18b adder_signed_18b_52661               46    100.890     0.000      100.890 <none> (D)  
  u_tap_3x3_4lane_u_tap_4_u_multiplier_booth_wallace_9core_u_core_gq_u_wallace_tree_u_wallace_5to2_18b wallace_5to2_18b_65402               91    196.992     0.000      196.992 <none> (D)  
  u_tap_3x3_4lane_u_tap_4_u_multiplier_booth_wallace_9core_u_core_gs_u_wallace_tree_u_adder_signed_18b adder_signed_18b_52660               46    100.890     0.000      100.890 <none> (D)  
  u_tap_3x3_4lane_u_tap_4_u_multiplier_booth_wallace_9core_u_core_gs_u_wallace_tree_u_wallace_5to2_18b wallace_5to2_18b_65401               91    196.992     0.000      196.992 <none> (D)  
  u_tap_3x3_4lane_u_tap_4_u_multiplier_booth_wallace_9core_u_core_rp_u_wallace_tree_u_adder_signed_18b adder_signed_18b_52665               46    100.890     0.000      100.890 <none> (D)  
  u_tap_3x3_4lane_u_tap_4_u_multiplier_booth_wallace_9core_u_core_rp_u_wallace_tree_u_wallace_5to2_18b wallace_5to2_18b_65406               91    196.992     0.000      196.992 <none> (D)  
  u_tap_3x3_4lane_u_tap_4_u_multiplier_booth_wallace_9core_u_core_rq_u_wallace_tree_u_adder_signed_18b adder_signed_18b_52664               46    100.890     0.000      100.890 <none> (D)  
  u_tap_3x3_4lane_u_tap_4_u_multiplier_booth_wallace_9core_u_core_rq_u_wallace_tree_u_wallace_5to2_18b wallace_5to2_18b_65405               91    196.992     0.000      196.992 <none> (D)  
  u_tap_3x3_4lane_u_tap_4_u_multiplier_booth_wallace_9core_u_core_rs_u_wallace_tree_u_adder_signed_18b adder_signed_18b_52663               46    100.890     0.000      100.890 <none> (D)  
  u_tap_3x3_4lane_u_tap_4_u_multiplier_booth_wallace_9core_u_core_rs_u_wallace_tree_u_wallace_5to2_18b wallace_5to2_18b_65404               91    196.992     0.000      196.992 <none> (D)  
  u_tap_3x3_4lane_u_tap_4_u_sub_y1                                                                     subtractor_signed_18b_20835          86    159.372     0.000      159.372 <none> (D)  
  u_tap_3x3_4lane_u_tap_4_u_sub_y2                                                                     subtractor_signed_18b_20834          86    159.372     0.000      159.372 <none> (D)  
  u_tap_3x3_4lane_u_tap_4_u_sub_y3                                                                     subtractor_signed_18b_20833          86    159.372     0.000      159.372 <none> (D)  
  u_tap_3x3_4lane_u_tap_5_u_add3_y0_u_add_ab                                                           adder_signed_18b_10_52705            60    131.670     0.000      131.670 <none> (D)  
  u_tap_3x3_4lane_u_tap_5_u_add3_y0_u_add_abc                                                          adder_signed_18b_10_52714            60    131.670     0.000      131.670 <none> (D)  
  u_tap_3x3_4lane_u_tap_5_u_multiplier_booth_wallace_9core_u_core_bp_u_wallace_tree_u_adder_signed_18b adder_signed_18b_52650               46    100.890     0.000      100.890 <none> (D)  
  u_tap_3x3_4lane_u_tap_5_u_multiplier_booth_wallace_9core_u_core_bq_u_wallace_tree_u_adder_signed_18b adder_signed_18b_52649               46    100.890     0.000      100.890 <none> (D)  
  u_tap_3x3_4lane_u_tap_5_u_multiplier_booth_wallace_9core_u_core_bs_u_wallace_tree_u_adder_signed_18b adder_signed_18b_52648               46    100.890     0.000      100.890 <none> (D)  
  u_tap_3x3_4lane_u_tap_5_u_multiplier_booth_wallace_9core_u_core_gp_u_wallace_tree_u_adder_signed_18b adder_signed_18b_52653               46    100.890     0.000      100.890 <none> (D)  
  u_tap_3x3_4lane_u_tap_5_u_multiplier_booth_wallace_9core_u_core_gq_u_wallace_tree_u_adder_signed_18b adder_signed_18b_52652               46    100.890     0.000      100.890 <none> (D)  
  u_tap_3x3_4lane_u_tap_5_u_multiplier_booth_wallace_9core_u_core_gs_u_wallace_tree_u_adder_signed_18b adder_signed_18b_52651               46    100.890     0.000      100.890 <none> (D)  
  u_tap_3x3_4lane_u_tap_5_u_multiplier_booth_wallace_9core_u_core_rp_u_wallace_tree_u_adder_signed_18b adder_signed_18b_52656               46    100.890     0.000      100.890 <none> (D)  
  u_tap_3x3_4lane_u_tap_5_u_multiplier_booth_wallace_9core_u_core_rq_u_wallace_tree_u_adder_signed_18b adder_signed_18b_52655               46    100.890     0.000      100.890 <none> (D)  
  u_tap_3x3_4lane_u_tap_5_u_multiplier_booth_wallace_9core_u_core_rs_u_wallace_tree_u_adder_signed_18b adder_signed_18b_52654               46    100.890     0.000      100.890 <none> (D)  
  u_tap_3x3_4lane_u_tap_5_u_sub_y1                                                                     subtractor_signed_18b_20832          86    159.372     0.000      159.372 <none> (D)  
  u_tap_3x3_4lane_u_tap_5_u_sub_y2                                                                     subtractor_signed_18b_20831          86    159.372     0.000      159.372 <none> (D)  
  u_tap_3x3_4lane_u_tap_5_u_sub_y3                                                                     subtractor_signed_18b_20830          86    159.372     0.000      159.372 <none> (D)  
  u_tap_3x3_4lane_u_tap_6_u_add3_y0_u_add_ab                                                           adder_signed_18b_10_52706            60    131.670     0.000      131.670 <none> (D)  
  u_tap_3x3_4lane_u_tap_6_u_add3_y0_u_add_abc                                                          adder_signed_18b_10_52715            60    131.670     0.000      131.670 <none> (D)  
  u_tap_3x3_4lane_u_tap_6_u_multiplier_booth_wallace_9core_u_core_bp_u_wallace_tree_u_adder_signed_18b adder_signed_18b_52641               46    100.890     0.000      100.890 <none> (D)  
  u_tap_3x3_4lane_u_tap_6_u_multiplier_booth_wallace_9core_u_core_bq_u_wallace_tree_u_adder_signed_18b adder_signed_18b_52640               46    100.890     0.000      100.890 <none> (D)  
  u_tap_3x3_4lane_u_tap_6_u_multiplier_booth_wallace_9core_u_core_bs_u_wallace_tree_u_adder_signed_18b adder_signed_18b_52639               46    100.890     0.000      100.890 <none> (D)  
  u_tap_3x3_4lane_u_tap_6_u_multiplier_booth_wallace_9core_u_core_gp_u_wallace_tree_u_adder_signed_18b adder_signed_18b_52644               46    100.890     0.000      100.890 <none> (D)  
  u_tap_3x3_4lane_u_tap_6_u_multiplier_booth_wallace_9core_u_core_gq_u_wallace_tree_u_adder_signed_18b adder_signed_18b_52643               46    100.890     0.000      100.890 <none> (D)  
  u_tap_3x3_4lane_u_tap_6_u_multiplier_booth_wallace_9core_u_core_gs_u_wallace_tree_u_adder_signed_18b adder_signed_18b_52642               46    100.890     0.000      100.890 <none> (D)  
  u_tap_3x3_4lane_u_tap_6_u_multiplier_booth_wallace_9core_u_core_rp_u_wallace_tree_u_adder_signed_18b adder_signed_18b_52647               46    100.890     0.000      100.890 <none> (D)  
  u_tap_3x3_4lane_u_tap_6_u_multiplier_booth_wallace_9core_u_core_rq_u_wallace_tree_u_adder_signed_18b adder_signed_18b_52646               46    100.890     0.000      100.890 <none> (D)  
  u_tap_3x3_4lane_u_tap_6_u_multiplier_booth_wallace_9core_u_core_rs_u_wallace_tree_u_adder_signed_18b adder_signed_18b_52645               46    100.890     0.000      100.890 <none> (D)  
  u_tap_3x3_4lane_u_tap_6_u_sub_y1                                                                     subtractor_signed_18b_20829          86    159.372     0.000      159.372 <none> (D)  
  u_tap_3x3_4lane_u_tap_6_u_sub_y2                                                                     subtractor_signed_18b_20828          86    159.372     0.000      159.372 <none> (D)  
  u_tap_3x3_4lane_u_tap_6_u_sub_y3                                                                     subtractor_signed_18b_20827          86    159.372     0.000      159.372 <none> (D)  
  u_tap_3x3_4lane_u_tap_7_u_add3_y0_u_add_ab                                                           adder_signed_18b_10_52707            60    131.670     0.000      131.670 <none> (D)  
  u_tap_3x3_4lane_u_tap_7_u_add3_y0_u_add_abc                                                          adder_signed_18b_10_52716            60    131.670     0.000      131.670 <none> (D)  
  u_tap_3x3_4lane_u_tap_7_u_multiplier_booth_wallace_9core_u_core_bp_u_wallace_tree_u_adder_signed_18b adder_signed_18b_52632               46    100.890     0.000      100.890 <none> (D)  
  u_tap_3x3_4lane_u_tap_7_u_multiplier_booth_wallace_9core_u_core_bq_u_wallace_tree_u_adder_signed_18b adder_signed_18b_52631               46    100.890     0.000      100.890 <none> (D)  
  u_tap_3x3_4lane_u_tap_7_u_multiplier_booth_wallace_9core_u_core_bs_u_wallace_tree_u_adder_signed_18b adder_signed_18b_52630               46    100.890     0.000      100.890 <none> (D)  
  u_tap_3x3_4lane_u_tap_7_u_multiplier_booth_wallace_9core_u_core_gp_u_wallace_tree_u_adder_signed_18b adder_signed_18b_52635               46    100.890     0.000      100.890 <none> (D)  
  u_tap_3x3_4lane_u_tap_7_u_multiplier_booth_wallace_9core_u_core_gq_u_wallace_tree_u_adder_signed_18b adder_signed_18b_52634               46    100.890     0.000      100.890 <none> (D)  
  u_tap_3x3_4lane_u_tap_7_u_multiplier_booth_wallace_9core_u_core_gs_u_wallace_tree_u_adder_signed_18b adder_signed_18b_52633               46    100.890     0.000      100.890 <none> (D)  
  u_tap_3x3_4lane_u_tap_7_u_multiplier_booth_wallace_9core_u_core_rp_u_wallace_tree_u_adder_signed_18b adder_signed_18b_52638               46    100.890     0.000      100.890 <none> (D)  
  u_tap_3x3_4lane_u_tap_7_u_multiplier_booth_wallace_9core_u_core_rq_u_wallace_tree_u_adder_signed_18b adder_signed_18b_52637               46    100.890     0.000      100.890 <none> (D)  
  u_tap_3x3_4lane_u_tap_7_u_multiplier_booth_wallace_9core_u_core_rs_u_wallace_tree_u_adder_signed_18b adder_signed_18b_52636               46    100.890     0.000      100.890 <none> (D)  
  u_tap_3x3_4lane_u_tap_7_u_sub_y1                                                                     subtractor_signed_18b_20826          86    159.372     0.000      159.372 <none> (D)  
  u_tap_3x3_4lane_u_tap_7_u_sub_y2                                                                     subtractor_signed_18b_20825          86    159.372     0.000      159.372 <none> (D)  
  u_tap_3x3_4lane_u_tap_7_u_sub_y3                                                                     subtractor_signed_18b_20824          86    159.372     0.000      159.372 <none> (D)  
  u_tap_3x3_4lane_u_tap_8_u_add3_y0_u_add_ab                                                           adder_signed_18b_10_52708            60    131.670     0.000      131.670 <none> (D)  
  u_tap_3x3_4lane_u_tap_8_u_add3_y0_u_add_abc                                                          adder_signed_18b_10_52717            60    131.670     0.000      131.670 <none> (D)  
  u_tap_3x3_4lane_u_tap_8_u_multiplier_booth_wallace_9core_u_core_bp_u_wallace_tree_u_adder_signed_18b adder_signed_18b_52623               46    100.890     0.000      100.890 <none> (D)  
  u_tap_3x3_4lane_u_tap_8_u_multiplier_booth_wallace_9core_u_core_bq_u_wallace_tree_u_adder_signed_18b adder_signed_18b_52622               46    100.890     0.000      100.890 <none> (D)  
  u_tap_3x3_4lane_u_tap_8_u_multiplier_booth_wallace_9core_u_core_gp_u_wallace_tree_u_adder_signed_18b adder_signed_18b_52626               46    100.890     0.000      100.890 <none> (D)  
  u_tap_3x3_4lane_u_tap_8_u_multiplier_booth_wallace_9core_u_core_gq_u_wallace_tree_u_adder_signed_18b adder_signed_18b_52625               46    100.890     0.000      100.890 <none> (D)  
  u_tap_3x3_4lane_u_tap_8_u_multiplier_booth_wallace_9core_u_core_gs_u_wallace_tree_u_adder_signed_18b adder_signed_18b_52624               46    100.890     0.000      100.890 <none> (D)  
  u_tap_3x3_4lane_u_tap_8_u_multiplier_booth_wallace_9core_u_core_rp_u_wallace_tree_u_adder_signed_18b adder_signed_18b_52629               46    100.890     0.000      100.890 <none> (D)  
  u_tap_3x3_4lane_u_tap_8_u_multiplier_booth_wallace_9core_u_core_rq_u_wallace_tree_u_adder_signed_18b adder_signed_18b_52628               46    100.890     0.000      100.890 <none> (D)  
  u_tap_3x3_4lane_u_tap_8_u_multiplier_booth_wallace_9core_u_core_rs_u_wallace_tree_u_adder_signed_18b adder_signed_18b_52627               46    100.890     0.000      100.890 <none> (D)  
  u_tap_3x3_4lane_u_tap_8_u_sub_y1                                                                     subtractor_signed_18b_20823          86    159.372     0.000      159.372 <none> (D)  
  u_tap_3x3_4lane_u_tap_8_u_sub_y2                                                                     subtractor_signed_18b_20822          86    159.372     0.000      159.372 <none> (D)  
  u_tap_3x3_4lane_u_tap_8_u_sub_y3                                                                     subtractor_signed_18b_20821          86    159.372     0.000      159.372 <none> (D)  
  (D) = wireload is default in technology library
