============================================================
  Generated by:           Genus(TM) Synthesis Solution 21.19-s055_1
  Generated on:           Apr 03 2026  02:13:16 am
  Module:                 pure_quat_conv2d_3x3_core
  Technology libraries:   fast_vdd1v0 1.0
                          fast_vdd1v2 1.0
                          slow_vdd1v0 1.0
                          slow_vdd1v2 1.0
  Operating conditions:   PVT_1P1V_0C (balanced_tree)
  Wireload mode:          enclosed
  Area mode:              timing library
============================================================

                                    
    Gate      Instances     Area        Library    
---------------------------------------------------
ADDHX1LVT           129     485.298    fast_vdd1v0 
AND2X1LVT           160     218.880    fast_vdd1v0 
AND2X2LVT             2       3.420    fast_vdd1v0 
AND2XLLVT            64      87.552    fast_vdd1v0 
AO21X1LVT            27      64.638    fast_vdd1v0 
AO21XLLVT             2       4.788    fast_vdd1v0 
AO22XLLVT           604    1652.544    fast_vdd1v0 
AOI21X1LVT           93     159.030    fast_vdd1v0 
AOI21XLLVT          156     266.760    fast_vdd1v0 
AOI221X1LVT          47     112.518    fast_vdd1v0 
AOI222X1LVT          31      95.418    fast_vdd1v0 
AOI22X1LVT         1681    3449.412    fast_vdd1v0 
AOI22XLLVT         1417    2907.684    fast_vdd1v0 
AOI2BB1X1LVT         50     102.600    fast_vdd1v0 
AOI2BB1XLHVT          1       2.052    fast_vdd1v0 
AOI2BB1XLLVT         85     174.420    fast_vdd1v0 
AOI32X1LVT          410     981.540    fast_vdd1v0 
AOI33XLLVT            4       9.576    fast_vdd1v0 
BUFX2LVT              5       8.550    fast_vdd1v0 
CLKAND2X6LVT         12      57.456    fast_vdd1v0 
CLKBUFX2HVT           2       3.420    fast_vdd1v0 
CLKINVX4LVT           4       6.840    fast_vdd1v0 
CLKINVX6LVT           4       9.576    fast_vdd1v0 
CLKINVX8LVT           6      18.468    fast_vdd1v0 
CLKXOR2X1LVT        353     965.808    fast_vdd1v0 
DFFRHQX1LVT         614    3779.784    fast_vdd1v0 
DFFRX1LVT           501    3426.840    fast_vdd1v0 
DFFRX2LVT             1       7.524    fast_vdd1v0 
INVX1LVT            649     443.916    fast_vdd1v0 
INVX2LVT              4       4.104    fast_vdd1v0 
INVX3LVT              1       1.368    fast_vdd1v0 
INVX8LVT              1       3.078    fast_vdd1v0 
INVXLHVT              4       2.736    fast_vdd1v0 
INVXLLVT            972     664.848    fast_vdd1v0 
MX2X1LVT             81     193.914    fast_vdd1v0 
MX2XLLVT              1       2.394    fast_vdd1v0 
MXI2XLLVT           379     907.326    fast_vdd1v0 
NAND2BX1LVT         322     440.496    fast_vdd1v0 
NAND2BX4LVT           1       3.762    fast_vdd1v0 
NAND2BXLHVT           1       1.368    fast_vdd1v0 
NAND2BXLLVT         476     651.168    fast_vdd1v0 
NAND2X1LVT          706     724.356    fast_vdd1v0 
NAND2X2LVT            3       5.130    fast_vdd1v0 
NAND2X8LVT            4      20.999    fast_vdd1v0 
NAND2XLHVT            1       1.026    fast_vdd1v0 
NAND2XLLVT         1199    1230.174    fast_vdd1v0 
NAND3BXLLVT          14      23.940    fast_vdd1v0 
NAND3X1LVT           41      70.110    fast_vdd1v0 
NAND3X2LVT            1       2.736    fast_vdd1v0 
NAND3XLLVT            5       8.550    fast_vdd1v0 
NOR2BX1LVT          543     742.824    fast_vdd1v0 
NOR2BXLLVT            1       1.710    fast_vdd1v0 
NOR2X1LVT           574     588.924    fast_vdd1v0 
NOR2X2LVT             4       6.840    fast_vdd1v0 
NOR2X4LVT             1       3.078    fast_vdd1v0 
NOR2X6LVT             2       8.208    fast_vdd1v0 
NOR2XLLVT            53      54.378    fast_vdd1v0 
NOR3BX1LVT           12      24.624    fast_vdd1v0 
NOR3X1LVT            90     153.900    fast_vdd1v0 
NOR3XLLVT             1       1.710    fast_vdd1v0 
NOR4X1LVT             2       3.420    fast_vdd1v0 
OA21X1LVT           144     295.488    fast_vdd1v0 
OAI211X1LVT           6      10.260    fast_vdd1v0 
OAI21X1LVT          810    1385.100    fast_vdd1v0 
OAI21XLLVT          213     364.230    fast_vdd1v0 
OAI221X1LVT        1489    3564.666    fast_vdd1v0 
OAI222X1LVT         335     916.560    fast_vdd1v0 
OAI222XLLVT         745    2038.320    fast_vdd1v0 
OAI22X1LVT          321     658.692    fast_vdd1v0 
OAI22XLLVT          490    1005.480    fast_vdd1v0 
OAI2BB1X1HVT          1       1.710    fast_vdd1v0 
OAI2BB1X1LVT        415     709.650    fast_vdd1v0 
OAI31X1LVT           18      36.936    fast_vdd1v0 
OAI32X1LVT           84     201.096    fast_vdd1v0 
OR2X4LVT              1       2.736    fast_vdd1v0 
OR2XLLVT             97     132.696    fast_vdd1v0 
OR3X1LVT             27      55.404    fast_vdd1v0 
OR3XLLVT              4       8.208    fast_vdd1v0 
OR4X1LVT              4       8.208    fast_vdd1v0 
SDFFRHQX1LVT       9029   74110.032    fast_vdd1v0 
XNOR2X1LVT         3482    8335.908    fast_vdd1v0 
XOR2XLLVT          4652   12727.872    fast_vdd1v0 
---------------------------------------------------
total             34981  132628.763                


                                           
     Type      Instances    Area    Area % 
-------------------------------------------
sequential         10145  81324.180   61.3 
inverter            1645   1154.934    0.9 
buffer                 7     11.970    0.0 
logic              23184  50137.679   37.8 
physical_cells         0      0.000    0.0 
-------------------------------------------
total              34981 132628.763  100.0 

