============================================================
  Generated by:           Genus(TM) Synthesis Solution 21.19-s055_1
  Generated on:           Apr 03 2026  02:13:09 am
  Module:                 pure_quat_conv2d_3x3_core
  Technology libraries:   fast_vdd1v0 1.0
                          fast_vdd1v2 1.0
                          slow_vdd1v0 1.0
                          slow_vdd1v2 1.0
  Operating conditions:   PVT_1P1V_0C (balanced_tree)
  Wireload mode:          enclosed
  Area mode:              timing library
============================================================

Timing
--------

  Clock  Period 
----------------
core_clk 2000.0 


  Cost     Critical               Violating 
  Group   Path Slack     TNS        Paths   
--------------------------------------------
core_clk      -295.6   -143657.9        570 
default     No paths         0.0            
--------------------------------------------
Total                  -143657.9        570 

Instance Count
--------------
Leaf Instance Count             34981 
Physical Instance count             0 
Sequential Instance Count       10145 
Combinational Instance Count    24836 
Hierarchical Instance Count       194 

Area
----
Cell Area                          132628.763
Physical Cell Area                 0.000
Total Cell Area (Cell+Physical)    132628.763
Net Area                           0.000
Total Area (Cell+Physical+Net)     132628.763

Max Fanout                         10145 (i_clk)
Min Fanout                         0 (u_accumulator_9tap_4lane_ov_s1[0][0])
Average Fanout                     3.0
Terms to net ratio                 4.2653
Terms to instance ratio            4.4142
Runtime                            2517.0 seconds
Elapsed Runtime                    2822 seconds
Genus peak memory usage            2537.40 
Innovus peak memory usage          no_value 
Hostname                           pink
