============================================================
  Generated by:           Genus(TM) Synthesis Solution 21.19-s055_1
  Generated on:           Apr 03 2026  02:13:16 am
  Module:                 pure_quat_conv2d_3x3_core
  Operating conditions:   PVT_1P1V_0C (balanced_tree)
  Wireload mode:          enclosed
  Area mode:              timing library
============================================================


Path 1: VIOLATED (-296 ps) Late External Delay Assertion at pin o_out_latch
          Group: core_clk
     Startpoint: (R) u_controller_state_cur_reg[1]/CK
          Clock: (R) core_clk
       Endpoint: (R) o_out_latch
          Clock: (R) core_clk

                     Capture       Launch     
        Clock Edge:+    2000            0     
       Src Latency:+       0            0     
       Net Latency:+       0 (I)        0 (I) 
           Arrival:=    2000            0     
                                              
      Output Delay:-    2000                  
       Uncertainty:-     200                  
     Required Time:=    -200                  
      Launch Clock:-       0                  
         Data Path:-      96                  
             Slack:=    -296                  

Exceptions/Constraints:
  output_delay             2000            pure_quat_conv2d_3x3_line_17_153_1 

#----------------------------------------------------------------------------------------------------------
#          Timing Point            Flags   Arc   Edge    Cell     Fanout Load Trans Delay Arrival Instance 
#                                                                        (fF)  (ps)  (ps)   (ps)  Location 
#----------------------------------------------------------------------------------------------------------
  u_controller_state_cur_reg[1]/CK -       -     R     (arrival)   10145    -   100     0       0    (-,-) 
  u_controller_state_cur_reg[1]/Q  -       CK->Q R     DFFRX2LVT       3  1.7    10    61      61    (-,-) 
  g247/Y                           -       B->Y  F     NAND2X2LVT      1  1.0    10    10      71    (-,-) 
  g246/Y                           -       A->Y  R     NOR2X2LVT       1  0.5     8    10      82    (-,-) 
  g244/Y                           -       B->Y  F     NOR2X1LVT       2  0.5     9     7      88    (-,-) 
  g242/Y                           -       B->Y  R     NOR2BXLLVT      2  0.0     6     7      96    (-,-) 
  o_out_latch                      -       -     R     (port)          -    -     -     0      96    (-,-) 
#----------------------------------------------------------------------------------------------------------



Path 2: VIOLATED (-296 ps) Late External Delay Assertion at pin o_out_valid
          Group: core_clk
     Startpoint: (R) u_controller_state_cur_reg[1]/CK
          Clock: (R) core_clk
       Endpoint: (R) o_out_valid
          Clock: (R) core_clk

                     Capture       Launch     
        Clock Edge:+    2000            0     
       Src Latency:+       0            0     
       Net Latency:+       0 (I)        0 (I) 
           Arrival:=    2000            0     
                                              
      Output Delay:-    2000                  
       Uncertainty:-     200                  
     Required Time:=    -200                  
      Launch Clock:-       0                  
         Data Path:-      96                  
             Slack:=    -296                  

Exceptions/Constraints:
  output_delay             2000            pure_quat_conv2d_3x3_line_17_152_1 

#----------------------------------------------------------------------------------------------------------
#          Timing Point            Flags   Arc   Edge    Cell     Fanout Load Trans Delay Arrival Instance 
#                                                                        (fF)  (ps)  (ps)   (ps)  Location 
#----------------------------------------------------------------------------------------------------------
  u_controller_state_cur_reg[1]/CK -       -     R     (arrival)   10145    -   100     0       0    (-,-) 
  u_controller_state_cur_reg[1]/Q  -       CK->Q R     DFFRX2LVT       3  1.7    10    61      61    (-,-) 
  g247/Y                           -       B->Y  F     NAND2X2LVT      1  1.0    10    10      71    (-,-) 
  g246/Y                           -       A->Y  R     NOR2X2LVT       1  0.5     8    10      82    (-,-) 
  g244/Y                           -       B->Y  F     NOR2X1LVT       2  0.5     9     7      88    (-,-) 
  g242/Y                           -       B->Y  R     NOR2BXLLVT      2  0.0     6     7      96    (-,-) 
  o_out_valid                      -       -     R     (port)          -    -     -     0      96    (-,-) 
#----------------------------------------------------------------------------------------------------------



Path 3: VIOLATED (-291 ps) Late External Delay Assertion at pin o_ker_done
          Group: core_clk
     Startpoint: (R) u_kernel_kernel_loaded_reg[0]/CK
          Clock: (R) core_clk
       Endpoint: (R) o_ker_done
          Clock: (R) core_clk

                     Capture       Launch     
        Clock Edge:+    2000            0     
       Src Latency:+       0            0     
       Net Latency:+       0 (I)        0 (I) 
           Arrival:=    2000            0     
                                              
      Output Delay:-    2000                  
       Uncertainty:-     200                  
     Required Time:=    -200                  
      Launch Clock:-       0                  
         Data Path:-      91                  
             Slack:=    -291                  

Exceptions/Constraints:
  output_delay             2000            pure_quat_conv2d_3x3_line_17_55_1 

#-----------------------------------------------------------------------------------------------------------
#          Timing Point            Flags   Arc   Edge    Cell      Fanout Load Trans Delay Arrival Instance 
#                                                                         (fF)  (ps)  (ps)   (ps)  Location 
#-----------------------------------------------------------------------------------------------------------
  u_kernel_kernel_loaded_reg[0]/CK -       -     R     (arrival)    10145    -   100     0       0    (-,-) 
  u_kernel_kernel_loaded_reg[0]/Q  -       CK->Q R     DFFRHQX1LVT      2  0.6     6    53      53    (-,-) 
  g90/Y                            -       A->Y  R     AND2XLLVT        1  0.3     5    17      70    (-,-) 
  g88/Y                            -       B->Y  F     NAND2BXLLVT      1  0.3     9     9      79    (-,-) 
  g86/Y                            -       C->Y  R     NOR3XLLVT        2  0.2    17    12      91    (-,-) 
  o_ker_done                       -       -     R     (port)           -    -     -     0      91    (-,-) 
#-----------------------------------------------------------------------------------------------------------



Path 4: VIOLATED (-290 ps) Setup Check with Pin u_kernel_kernel_reg_reg[8][23]/CK->SE
          Group: core_clk
     Startpoint: (R) i_ker_cfg_valid
          Clock: (R) core_clk
       Endpoint: (R) u_kernel_kernel_reg_reg[8][23]/SE
          Clock: (R) core_clk

                     Capture       Launch     
        Clock Edge:+    2000            0     
        Drv Adjust:+       0            0     
       Src Latency:+       0            0     
       Net Latency:+       0 (I)        0 (I) 
           Arrival:=    2000            0     
                                              
             Setup:-      21                  
       Uncertainty:-     200                  
     Required Time:=    1779                  
      Launch Clock:-       0                  
       Input Delay:-    2000                  
         Data Path:-      68                  
             Slack:=    -290                  

Exceptions/Constraints:
  input_delay             2000            pure_quat_conv2d_3x3_line_16_27_1 

#-------------------------------------------------------------------------------------------------------------
#           Timing Point            Flags   Arc   Edge     Cell      Fanout Load Trans Delay Arrival Instance 
#                                                                           (fF)  (ps)  (ps)   (ps)  Location 
#-------------------------------------------------------------------------------------------------------------
  i_ker_cfg_valid                   -       -     R     (arrival)         1  2.1     0     0    2000    (-,-) 
  g190924/Y                         -       B->Y  F     NAND2BX4LVT       3  5.7    20    14    2014    (-,-) 
  g190912/Y                         -       A->Y  R     INVX1LVT          1  1.0    10    11    2025    (-,-) 
  g190142/Y                         -       C->Y  F     NAND3X2LVT        2  2.1    25    18    2043    (-,-) 
  g186852/Y                         -       A->Y  R     CLKINVX4LVT      24 21.6    37    25    2068    (-,-) 
  u_kernel_kernel_reg_reg[8][23]/SE -       -     R     SDFFRHQX1LVT     24    -     -     0    2068    (-,-) 
#-------------------------------------------------------------------------------------------------------------



Path 5: VIOLATED (-290 ps) Setup Check with Pin u_kernel_kernel_reg_reg[8][22]/CK->SE
          Group: core_clk
     Startpoint: (R) i_ker_cfg_valid
          Clock: (R) core_clk
       Endpoint: (R) u_kernel_kernel_reg_reg[8][22]/SE
          Clock: (R) core_clk

                     Capture       Launch     
        Clock Edge:+    2000            0     
        Drv Adjust:+       0            0     
       Src Latency:+       0            0     
       Net Latency:+       0 (I)        0 (I) 
           Arrival:=    2000            0     
                                              
             Setup:-      21                  
       Uncertainty:-     200                  
     Required Time:=    1779                  
      Launch Clock:-       0                  
       Input Delay:-    2000                  
         Data Path:-      68                  
             Slack:=    -290                  

Exceptions/Constraints:
  input_delay             2000            pure_quat_conv2d_3x3_line_16_27_1 

#-------------------------------------------------------------------------------------------------------------
#           Timing Point            Flags   Arc   Edge     Cell      Fanout Load Trans Delay Arrival Instance 
#                                                                           (fF)  (ps)  (ps)   (ps)  Location 
#-------------------------------------------------------------------------------------------------------------
  i_ker_cfg_valid                   -       -     R     (arrival)         1  2.1     0     0    2000    (-,-) 
  g190924/Y                         -       B->Y  F     NAND2BX4LVT       3  5.7    20    14    2014    (-,-) 
  g190912/Y                         -       A->Y  R     INVX1LVT          1  1.0    10    11    2025    (-,-) 
  g190142/Y                         -       C->Y  F     NAND3X2LVT        2  2.1    25    18    2043    (-,-) 
  g186852/Y                         -       A->Y  R     CLKINVX4LVT      24 21.6    37    25    2068    (-,-) 
  u_kernel_kernel_reg_reg[8][22]/SE -       -     R     SDFFRHQX1LVT     24    -     -     0    2068    (-,-) 
#-------------------------------------------------------------------------------------------------------------



Path 6: VIOLATED (-290 ps) Setup Check with Pin u_kernel_kernel_reg_reg[8][21]/CK->SE
          Group: core_clk
     Startpoint: (R) i_ker_cfg_valid
          Clock: (R) core_clk
       Endpoint: (R) u_kernel_kernel_reg_reg[8][21]/SE
          Clock: (R) core_clk

                     Capture       Launch     
        Clock Edge:+    2000            0     
        Drv Adjust:+       0            0     
       Src Latency:+       0            0     
       Net Latency:+       0 (I)        0 (I) 
           Arrival:=    2000            0     
                                              
             Setup:-      21                  
       Uncertainty:-     200                  
     Required Time:=    1779                  
      Launch Clock:-       0                  
       Input Delay:-    2000                  
         Data Path:-      68                  
             Slack:=    -290                  

Exceptions/Constraints:
  input_delay             2000            pure_quat_conv2d_3x3_line_16_27_1 

#-------------------------------------------------------------------------------------------------------------
#           Timing Point            Flags   Arc   Edge     Cell      Fanout Load Trans Delay Arrival Instance 
#                                                                           (fF)  (ps)  (ps)   (ps)  Location 
#-------------------------------------------------------------------------------------------------------------
  i_ker_cfg_valid                   -       -     R     (arrival)         1  2.1     0     0    2000    (-,-) 
  g190924/Y                         -       B->Y  F     NAND2BX4LVT       3  5.7    20    14    2014    (-,-) 
  g190912/Y                         -       A->Y  R     INVX1LVT          1  1.0    10    11    2025    (-,-) 
  g190142/Y                         -       C->Y  F     NAND3X2LVT        2  2.1    25    18    2043    (-,-) 
  g186852/Y                         -       A->Y  R     CLKINVX4LVT      24 21.6    37    25    2068    (-,-) 
  u_kernel_kernel_reg_reg[8][21]/SE -       -     R     SDFFRHQX1LVT     24    -     -     0    2068    (-,-) 
#-------------------------------------------------------------------------------------------------------------



Path 7: VIOLATED (-290 ps) Setup Check with Pin u_kernel_kernel_reg_reg[8][20]/CK->SE
          Group: core_clk
     Startpoint: (R) i_ker_cfg_valid
          Clock: (R) core_clk
       Endpoint: (R) u_kernel_kernel_reg_reg[8][20]/SE
          Clock: (R) core_clk

                     Capture       Launch     
        Clock Edge:+    2000            0     
        Drv Adjust:+       0            0     
       Src Latency:+       0            0     
       Net Latency:+       0 (I)        0 (I) 
           Arrival:=    2000            0     
                                              
             Setup:-      21                  
       Uncertainty:-     200                  
     Required Time:=    1779                  
      Launch Clock:-       0                  
       Input Delay:-    2000                  
         Data Path:-      68                  
             Slack:=    -290                  

Exceptions/Constraints:
  input_delay             2000            pure_quat_conv2d_3x3_line_16_27_1 

#-------------------------------------------------------------------------------------------------------------
#           Timing Point            Flags   Arc   Edge     Cell      Fanout Load Trans Delay Arrival Instance 
#                                                                           (fF)  (ps)  (ps)   (ps)  Location 
#-------------------------------------------------------------------------------------------------------------
  i_ker_cfg_valid                   -       -     R     (arrival)         1  2.1     0     0    2000    (-,-) 
  g190924/Y                         -       B->Y  F     NAND2BX4LVT       3  5.7    20    14    2014    (-,-) 
  g190912/Y                         -       A->Y  R     INVX1LVT          1  1.0    10    11    2025    (-,-) 
  g190142/Y                         -       C->Y  F     NAND3X2LVT        2  2.1    25    18    2043    (-,-) 
  g186852/Y                         -       A->Y  R     CLKINVX4LVT      24 21.6    37    25    2068    (-,-) 
  u_kernel_kernel_reg_reg[8][20]/SE -       -     R     SDFFRHQX1LVT     24    -     -     0    2068    (-,-) 
#-------------------------------------------------------------------------------------------------------------



Path 8: VIOLATED (-290 ps) Setup Check with Pin u_kernel_kernel_reg_reg[8][19]/CK->SE
          Group: core_clk
     Startpoint: (R) i_ker_cfg_valid
          Clock: (R) core_clk
       Endpoint: (R) u_kernel_kernel_reg_reg[8][19]/SE
          Clock: (R) core_clk

                     Capture       Launch     
        Clock Edge:+    2000            0     
        Drv Adjust:+       0            0     
       Src Latency:+       0            0     
       Net Latency:+       0 (I)        0 (I) 
           Arrival:=    2000            0     
                                              
             Setup:-      21                  
       Uncertainty:-     200                  
     Required Time:=    1779                  
      Launch Clock:-       0                  
       Input Delay:-    2000                  
         Data Path:-      68                  
             Slack:=    -290                  

Exceptions/Constraints:
  input_delay             2000            pure_quat_conv2d_3x3_line_16_27_1 

#-------------------------------------------------------------------------------------------------------------
#           Timing Point            Flags   Arc   Edge     Cell      Fanout Load Trans Delay Arrival Instance 
#                                                                           (fF)  (ps)  (ps)   (ps)  Location 
#-------------------------------------------------------------------------------------------------------------
  i_ker_cfg_valid                   -       -     R     (arrival)         1  2.1     0     0    2000    (-,-) 
  g190924/Y                         -       B->Y  F     NAND2BX4LVT       3  5.7    20    14    2014    (-,-) 
  g190912/Y                         -       A->Y  R     INVX1LVT          1  1.0    10    11    2025    (-,-) 
  g190142/Y                         -       C->Y  F     NAND3X2LVT        2  2.1    25    18    2043    (-,-) 
  g186852/Y                         -       A->Y  R     CLKINVX4LVT      24 21.6    37    25    2068    (-,-) 
  u_kernel_kernel_reg_reg[8][19]/SE -       -     R     SDFFRHQX1LVT     24    -     -     0    2068    (-,-) 
#-------------------------------------------------------------------------------------------------------------



Path 9: VIOLATED (-290 ps) Setup Check with Pin u_kernel_kernel_reg_reg[8][18]/CK->SE
          Group: core_clk
     Startpoint: (R) i_ker_cfg_valid
          Clock: (R) core_clk
       Endpoint: (R) u_kernel_kernel_reg_reg[8][18]/SE
          Clock: (R) core_clk

                     Capture       Launch     
        Clock Edge:+    2000            0     
        Drv Adjust:+       0            0     
       Src Latency:+       0            0     
       Net Latency:+       0 (I)        0 (I) 
           Arrival:=    2000            0     
                                              
             Setup:-      21                  
       Uncertainty:-     200                  
     Required Time:=    1779                  
      Launch Clock:-       0                  
       Input Delay:-    2000                  
         Data Path:-      68                  
             Slack:=    -290                  

Exceptions/Constraints:
  input_delay             2000            pure_quat_conv2d_3x3_line_16_27_1 

#-------------------------------------------------------------------------------------------------------------
#           Timing Point            Flags   Arc   Edge     Cell      Fanout Load Trans Delay Arrival Instance 
#                                                                           (fF)  (ps)  (ps)   (ps)  Location 
#-------------------------------------------------------------------------------------------------------------
  i_ker_cfg_valid                   -       -     R     (arrival)         1  2.1     0     0    2000    (-,-) 
  g190924/Y                         -       B->Y  F     NAND2BX4LVT       3  5.7    20    14    2014    (-,-) 
  g190912/Y                         -       A->Y  R     INVX1LVT          1  1.0    10    11    2025    (-,-) 
  g190142/Y                         -       C->Y  F     NAND3X2LVT        2  2.1    25    18    2043    (-,-) 
  g186852/Y                         -       A->Y  R     CLKINVX4LVT      24 21.6    37    25    2068    (-,-) 
  u_kernel_kernel_reg_reg[8][18]/SE -       -     R     SDFFRHQX1LVT     24    -     -     0    2068    (-,-) 
#-------------------------------------------------------------------------------------------------------------



Path 10: VIOLATED (-290 ps) Setup Check with Pin u_kernel_kernel_reg_reg[8][17]/CK->SE
          Group: core_clk
     Startpoint: (R) i_ker_cfg_valid
          Clock: (R) core_clk
       Endpoint: (R) u_kernel_kernel_reg_reg[8][17]/SE
          Clock: (R) core_clk

                     Capture       Launch     
        Clock Edge:+    2000            0     
        Drv Adjust:+       0            0     
       Src Latency:+       0            0     
       Net Latency:+       0 (I)        0 (I) 
           Arrival:=    2000            0     
                                              
             Setup:-      21                  
       Uncertainty:-     200                  
     Required Time:=    1779                  
      Launch Clock:-       0                  
       Input Delay:-    2000                  
         Data Path:-      68                  
             Slack:=    -290                  

Exceptions/Constraints:
  input_delay             2000            pure_quat_conv2d_3x3_line_16_27_1 

#-------------------------------------------------------------------------------------------------------------
#           Timing Point            Flags   Arc   Edge     Cell      Fanout Load Trans Delay Arrival Instance 
#                                                                           (fF)  (ps)  (ps)   (ps)  Location 
#-------------------------------------------------------------------------------------------------------------
  i_ker_cfg_valid                   -       -     R     (arrival)         1  2.1     0     0    2000    (-,-) 
  g190924/Y                         -       B->Y  F     NAND2BX4LVT       3  5.7    20    14    2014    (-,-) 
  g190912/Y                         -       A->Y  R     INVX1LVT          1  1.0    10    11    2025    (-,-) 
  g190142/Y                         -       C->Y  F     NAND3X2LVT        2  2.1    25    18    2043    (-,-) 
  g186852/Y                         -       A->Y  R     CLKINVX4LVT      24 21.6    37    25    2068    (-,-) 
  u_kernel_kernel_reg_reg[8][17]/SE -       -     R     SDFFRHQX1LVT     24    -     -     0    2068    (-,-) 
#-------------------------------------------------------------------------------------------------------------



Path 11: VIOLATED (-290 ps) Setup Check with Pin u_kernel_kernel_reg_reg[8][16]/CK->SE
          Group: core_clk
     Startpoint: (R) i_ker_cfg_valid
          Clock: (R) core_clk
       Endpoint: (R) u_kernel_kernel_reg_reg[8][16]/SE
          Clock: (R) core_clk

                     Capture       Launch     
        Clock Edge:+    2000            0     
        Drv Adjust:+       0            0     
       Src Latency:+       0            0     
       Net Latency:+       0 (I)        0 (I) 
           Arrival:=    2000            0     
                                              
             Setup:-      21                  
       Uncertainty:-     200                  
     Required Time:=    1779                  
      Launch Clock:-       0                  
       Input Delay:-    2000                  
         Data Path:-      68                  
             Slack:=    -290                  

Exceptions/Constraints:
  input_delay             2000            pure_quat_conv2d_3x3_line_16_27_1 

#-------------------------------------------------------------------------------------------------------------
#           Timing Point            Flags   Arc   Edge     Cell      Fanout Load Trans Delay Arrival Instance 
#                                                                           (fF)  (ps)  (ps)   (ps)  Location 
#-------------------------------------------------------------------------------------------------------------
  i_ker_cfg_valid                   -       -     R     (arrival)         1  2.1     0     0    2000    (-,-) 
  g190924/Y                         -       B->Y  F     NAND2BX4LVT       3  5.7    20    14    2014    (-,-) 
  g190912/Y                         -       A->Y  R     INVX1LVT          1  1.0    10    11    2025    (-,-) 
  g190142/Y                         -       C->Y  F     NAND3X2LVT        2  2.1    25    18    2043    (-,-) 
  g186852/Y                         -       A->Y  R     CLKINVX4LVT      24 21.6    37    25    2068    (-,-) 
  u_kernel_kernel_reg_reg[8][16]/SE -       -     R     SDFFRHQX1LVT     24    -     -     0    2068    (-,-) 
#-------------------------------------------------------------------------------------------------------------



Path 12: VIOLATED (-290 ps) Setup Check with Pin u_kernel_kernel_reg_reg[8][15]/CK->SE
          Group: core_clk
     Startpoint: (R) i_ker_cfg_valid
          Clock: (R) core_clk
       Endpoint: (R) u_kernel_kernel_reg_reg[8][15]/SE
          Clock: (R) core_clk

                     Capture       Launch     
        Clock Edge:+    2000            0     
        Drv Adjust:+       0            0     
       Src Latency:+       0            0     
       Net Latency:+       0 (I)        0 (I) 
           Arrival:=    2000            0     
                                              
             Setup:-      21                  
       Uncertainty:-     200                  
     Required Time:=    1779                  
      Launch Clock:-       0                  
       Input Delay:-    2000                  
         Data Path:-      68                  
             Slack:=    -290                  

Exceptions/Constraints:
  input_delay             2000            pure_quat_conv2d_3x3_line_16_27_1 

#-------------------------------------------------------------------------------------------------------------
#           Timing Point            Flags   Arc   Edge     Cell      Fanout Load Trans Delay Arrival Instance 
#                                                                           (fF)  (ps)  (ps)   (ps)  Location 
#-------------------------------------------------------------------------------------------------------------
  i_ker_cfg_valid                   -       -     R     (arrival)         1  2.1     0     0    2000    (-,-) 
  g190924/Y                         -       B->Y  F     NAND2BX4LVT       3  5.7    20    14    2014    (-,-) 
  g190912/Y                         -       A->Y  R     INVX1LVT          1  1.0    10    11    2025    (-,-) 
  g190142/Y                         -       C->Y  F     NAND3X2LVT        2  2.1    25    18    2043    (-,-) 
  g186852/Y                         -       A->Y  R     CLKINVX4LVT      24 21.6    37    25    2068    (-,-) 
  u_kernel_kernel_reg_reg[8][15]/SE -       -     R     SDFFRHQX1LVT     24    -     -     0    2068    (-,-) 
#-------------------------------------------------------------------------------------------------------------



Path 13: VIOLATED (-290 ps) Setup Check with Pin u_kernel_kernel_reg_reg[8][14]/CK->SE
          Group: core_clk
     Startpoint: (R) i_ker_cfg_valid
          Clock: (R) core_clk
       Endpoint: (R) u_kernel_kernel_reg_reg[8][14]/SE
          Clock: (R) core_clk

                     Capture       Launch     
        Clock Edge:+    2000            0     
        Drv Adjust:+       0            0     
       Src Latency:+       0            0     
       Net Latency:+       0 (I)        0 (I) 
           Arrival:=    2000            0     
                                              
             Setup:-      21                  
       Uncertainty:-     200                  
     Required Time:=    1779                  
      Launch Clock:-       0                  
       Input Delay:-    2000                  
         Data Path:-      68                  
             Slack:=    -290                  

Exceptions/Constraints:
  input_delay             2000            pure_quat_conv2d_3x3_line_16_27_1 

#-------------------------------------------------------------------------------------------------------------
#           Timing Point            Flags   Arc   Edge     Cell      Fanout Load Trans Delay Arrival Instance 
#                                                                           (fF)  (ps)  (ps)   (ps)  Location 
#-------------------------------------------------------------------------------------------------------------
  i_ker_cfg_valid                   -       -     R     (arrival)         1  2.1     0     0    2000    (-,-) 
  g190924/Y                         -       B->Y  F     NAND2BX4LVT       3  5.7    20    14    2014    (-,-) 
  g190912/Y                         -       A->Y  R     INVX1LVT          1  1.0    10    11    2025    (-,-) 
  g190142/Y                         -       C->Y  F     NAND3X2LVT        2  2.1    25    18    2043    (-,-) 
  g186852/Y                         -       A->Y  R     CLKINVX4LVT      24 21.6    37    25    2068    (-,-) 
  u_kernel_kernel_reg_reg[8][14]/SE -       -     R     SDFFRHQX1LVT     24    -     -     0    2068    (-,-) 
#-------------------------------------------------------------------------------------------------------------



Path 14: VIOLATED (-290 ps) Setup Check with Pin u_kernel_kernel_reg_reg[8][13]/CK->SE
          Group: core_clk
     Startpoint: (R) i_ker_cfg_valid
          Clock: (R) core_clk
       Endpoint: (R) u_kernel_kernel_reg_reg[8][13]/SE
          Clock: (R) core_clk

                     Capture       Launch     
        Clock Edge:+    2000            0     
        Drv Adjust:+       0            0     
       Src Latency:+       0            0     
       Net Latency:+       0 (I)        0 (I) 
           Arrival:=    2000            0     
                                              
             Setup:-      21                  
       Uncertainty:-     200                  
     Required Time:=    1779                  
      Launch Clock:-       0                  
       Input Delay:-    2000                  
         Data Path:-      68                  
             Slack:=    -290                  

Exceptions/Constraints:
  input_delay             2000            pure_quat_conv2d_3x3_line_16_27_1 

#-------------------------------------------------------------------------------------------------------------
#           Timing Point            Flags   Arc   Edge     Cell      Fanout Load Trans Delay Arrival Instance 
#                                                                           (fF)  (ps)  (ps)   (ps)  Location 
#-------------------------------------------------------------------------------------------------------------
  i_ker_cfg_valid                   -       -     R     (arrival)         1  2.1     0     0    2000    (-,-) 
  g190924/Y                         -       B->Y  F     NAND2BX4LVT       3  5.7    20    14    2014    (-,-) 
  g190912/Y                         -       A->Y  R     INVX1LVT          1  1.0    10    11    2025    (-,-) 
  g190142/Y                         -       C->Y  F     NAND3X2LVT        2  2.1    25    18    2043    (-,-) 
  g186852/Y                         -       A->Y  R     CLKINVX4LVT      24 21.6    37    25    2068    (-,-) 
  u_kernel_kernel_reg_reg[8][13]/SE -       -     R     SDFFRHQX1LVT     24    -     -     0    2068    (-,-) 
#-------------------------------------------------------------------------------------------------------------



Path 15: VIOLATED (-290 ps) Setup Check with Pin u_kernel_kernel_reg_reg[8][12]/CK->SE
          Group: core_clk
     Startpoint: (R) i_ker_cfg_valid
          Clock: (R) core_clk
       Endpoint: (R) u_kernel_kernel_reg_reg[8][12]/SE
          Clock: (R) core_clk

                     Capture       Launch     
        Clock Edge:+    2000            0     
        Drv Adjust:+       0            0     
       Src Latency:+       0            0     
       Net Latency:+       0 (I)        0 (I) 
           Arrival:=    2000            0     
                                              
             Setup:-      21                  
       Uncertainty:-     200                  
     Required Time:=    1779                  
      Launch Clock:-       0                  
       Input Delay:-    2000                  
         Data Path:-      68                  
             Slack:=    -290                  

Exceptions/Constraints:
  input_delay             2000            pure_quat_conv2d_3x3_line_16_27_1 

#-------------------------------------------------------------------------------------------------------------
#           Timing Point            Flags   Arc   Edge     Cell      Fanout Load Trans Delay Arrival Instance 
#                                                                           (fF)  (ps)  (ps)   (ps)  Location 
#-------------------------------------------------------------------------------------------------------------
  i_ker_cfg_valid                   -       -     R     (arrival)         1  2.1     0     0    2000    (-,-) 
  g190924/Y                         -       B->Y  F     NAND2BX4LVT       3  5.7    20    14    2014    (-,-) 
  g190912/Y                         -       A->Y  R     INVX1LVT          1  1.0    10    11    2025    (-,-) 
  g190142/Y                         -       C->Y  F     NAND3X2LVT        2  2.1    25    18    2043    (-,-) 
  g186852/Y                         -       A->Y  R     CLKINVX4LVT      24 21.6    37    25    2068    (-,-) 
  u_kernel_kernel_reg_reg[8][12]/SE -       -     R     SDFFRHQX1LVT     24    -     -     0    2068    (-,-) 
#-------------------------------------------------------------------------------------------------------------



Path 16: VIOLATED (-290 ps) Setup Check with Pin u_kernel_kernel_reg_reg[8][11]/CK->SE
          Group: core_clk
     Startpoint: (R) i_ker_cfg_valid
          Clock: (R) core_clk
       Endpoint: (R) u_kernel_kernel_reg_reg[8][11]/SE
          Clock: (R) core_clk

                     Capture       Launch     
        Clock Edge:+    2000            0     
        Drv Adjust:+       0            0     
       Src Latency:+       0            0     
       Net Latency:+       0 (I)        0 (I) 
           Arrival:=    2000            0     
                                              
             Setup:-      21                  
       Uncertainty:-     200                  
     Required Time:=    1779                  
      Launch Clock:-       0                  
       Input Delay:-    2000                  
         Data Path:-      68                  
             Slack:=    -290                  

Exceptions/Constraints:
  input_delay             2000            pure_quat_conv2d_3x3_line_16_27_1 

#-------------------------------------------------------------------------------------------------------------
#           Timing Point            Flags   Arc   Edge     Cell      Fanout Load Trans Delay Arrival Instance 
#                                                                           (fF)  (ps)  (ps)   (ps)  Location 
#-------------------------------------------------------------------------------------------------------------
  i_ker_cfg_valid                   -       -     R     (arrival)         1  2.1     0     0    2000    (-,-) 
  g190924/Y                         -       B->Y  F     NAND2BX4LVT       3  5.7    20    14    2014    (-,-) 
  g190912/Y                         -       A->Y  R     INVX1LVT          1  1.0    10    11    2025    (-,-) 
  g190142/Y                         -       C->Y  F     NAND3X2LVT        2  2.1    25    18    2043    (-,-) 
  g186852/Y                         -       A->Y  R     CLKINVX4LVT      24 21.6    37    25    2068    (-,-) 
  u_kernel_kernel_reg_reg[8][11]/SE -       -     R     SDFFRHQX1LVT     24    -     -     0    2068    (-,-) 
#-------------------------------------------------------------------------------------------------------------



Path 17: VIOLATED (-290 ps) Setup Check with Pin u_kernel_kernel_reg_reg[8][10]/CK->SE
          Group: core_clk
     Startpoint: (R) i_ker_cfg_valid
          Clock: (R) core_clk
       Endpoint: (R) u_kernel_kernel_reg_reg[8][10]/SE
          Clock: (R) core_clk

                     Capture       Launch     
        Clock Edge:+    2000            0     
        Drv Adjust:+       0            0     
       Src Latency:+       0            0     
       Net Latency:+       0 (I)        0 (I) 
           Arrival:=    2000            0     
                                              
             Setup:-      21                  
       Uncertainty:-     200                  
     Required Time:=    1779                  
      Launch Clock:-       0                  
       Input Delay:-    2000                  
         Data Path:-      68                  
             Slack:=    -290                  

Exceptions/Constraints:
  input_delay             2000            pure_quat_conv2d_3x3_line_16_27_1 

#-------------------------------------------------------------------------------------------------------------
#           Timing Point            Flags   Arc   Edge     Cell      Fanout Load Trans Delay Arrival Instance 
#                                                                           (fF)  (ps)  (ps)   (ps)  Location 
#-------------------------------------------------------------------------------------------------------------
  i_ker_cfg_valid                   -       -     R     (arrival)         1  2.1     0     0    2000    (-,-) 
  g190924/Y                         -       B->Y  F     NAND2BX4LVT       3  5.7    20    14    2014    (-,-) 
  g190912/Y                         -       A->Y  R     INVX1LVT          1  1.0    10    11    2025    (-,-) 
  g190142/Y                         -       C->Y  F     NAND3X2LVT        2  2.1    25    18    2043    (-,-) 
  g186852/Y                         -       A->Y  R     CLKINVX4LVT      24 21.6    37    25    2068    (-,-) 
  u_kernel_kernel_reg_reg[8][10]/SE -       -     R     SDFFRHQX1LVT     24    -     -     0    2068    (-,-) 
#-------------------------------------------------------------------------------------------------------------



Path 18: VIOLATED (-290 ps) Setup Check with Pin u_kernel_kernel_reg_reg[8][9]/CK->SE
          Group: core_clk
     Startpoint: (R) i_ker_cfg_valid
          Clock: (R) core_clk
       Endpoint: (R) u_kernel_kernel_reg_reg[8][9]/SE
          Clock: (R) core_clk

                     Capture       Launch     
        Clock Edge:+    2000            0     
        Drv Adjust:+       0            0     
       Src Latency:+       0            0     
       Net Latency:+       0 (I)        0 (I) 
           Arrival:=    2000            0     
                                              
             Setup:-      21                  
       Uncertainty:-     200                  
     Required Time:=    1779                  
      Launch Clock:-       0                  
       Input Delay:-    2000                  
         Data Path:-      68                  
             Slack:=    -290                  

Exceptions/Constraints:
  input_delay             2000            pure_quat_conv2d_3x3_line_16_27_1 

#------------------------------------------------------------------------------------------------------------
#          Timing Point            Flags   Arc   Edge     Cell      Fanout Load Trans Delay Arrival Instance 
#                                                                          (fF)  (ps)  (ps)   (ps)  Location 
#------------------------------------------------------------------------------------------------------------
  i_ker_cfg_valid                  -       -     R     (arrival)         1  2.1     0     0    2000    (-,-) 
  g190924/Y                        -       B->Y  F     NAND2BX4LVT       3  5.7    20    14    2014    (-,-) 
  g190912/Y                        -       A->Y  R     INVX1LVT          1  1.0    10    11    2025    (-,-) 
  g190142/Y                        -       C->Y  F     NAND3X2LVT        2  2.1    25    18    2043    (-,-) 
  g186852/Y                        -       A->Y  R     CLKINVX4LVT      24 21.6    37    25    2068    (-,-) 
  u_kernel_kernel_reg_reg[8][9]/SE -       -     R     SDFFRHQX1LVT     24    -     -     0    2068    (-,-) 
#------------------------------------------------------------------------------------------------------------



Path 19: VIOLATED (-290 ps) Setup Check with Pin u_kernel_kernel_reg_reg[8][8]/CK->SE
          Group: core_clk
     Startpoint: (R) i_ker_cfg_valid
          Clock: (R) core_clk
       Endpoint: (R) u_kernel_kernel_reg_reg[8][8]/SE
          Clock: (R) core_clk

                     Capture       Launch     
        Clock Edge:+    2000            0     
        Drv Adjust:+       0            0     
       Src Latency:+       0            0     
       Net Latency:+       0 (I)        0 (I) 
           Arrival:=    2000            0     
                                              
             Setup:-      21                  
       Uncertainty:-     200                  
     Required Time:=    1779                  
      Launch Clock:-       0                  
       Input Delay:-    2000                  
         Data Path:-      68                  
             Slack:=    -290                  

Exceptions/Constraints:
  input_delay             2000            pure_quat_conv2d_3x3_line_16_27_1 

#------------------------------------------------------------------------------------------------------------
#          Timing Point            Flags   Arc   Edge     Cell      Fanout Load Trans Delay Arrival Instance 
#                                                                          (fF)  (ps)  (ps)   (ps)  Location 
#------------------------------------------------------------------------------------------------------------
  i_ker_cfg_valid                  -       -     R     (arrival)         1  2.1     0     0    2000    (-,-) 
  g190924/Y                        -       B->Y  F     NAND2BX4LVT       3  5.7    20    14    2014    (-,-) 
  g190912/Y                        -       A->Y  R     INVX1LVT          1  1.0    10    11    2025    (-,-) 
  g190142/Y                        -       C->Y  F     NAND3X2LVT        2  2.1    25    18    2043    (-,-) 
  g186852/Y                        -       A->Y  R     CLKINVX4LVT      24 21.6    37    25    2068    (-,-) 
  u_kernel_kernel_reg_reg[8][8]/SE -       -     R     SDFFRHQX1LVT     24    -     -     0    2068    (-,-) 
#------------------------------------------------------------------------------------------------------------



Path 20: VIOLATED (-290 ps) Setup Check with Pin u_kernel_kernel_reg_reg[8][7]/CK->SE
          Group: core_clk
     Startpoint: (R) i_ker_cfg_valid
          Clock: (R) core_clk
       Endpoint: (R) u_kernel_kernel_reg_reg[8][7]/SE
          Clock: (R) core_clk

                     Capture       Launch     
        Clock Edge:+    2000            0     
        Drv Adjust:+       0            0     
       Src Latency:+       0            0     
       Net Latency:+       0 (I)        0 (I) 
           Arrival:=    2000            0     
                                              
             Setup:-      21                  
       Uncertainty:-     200                  
     Required Time:=    1779                  
      Launch Clock:-       0                  
       Input Delay:-    2000                  
         Data Path:-      68                  
             Slack:=    -290                  

Exceptions/Constraints:
  input_delay             2000            pure_quat_conv2d_3x3_line_16_27_1 

#------------------------------------------------------------------------------------------------------------
#          Timing Point            Flags   Arc   Edge     Cell      Fanout Load Trans Delay Arrival Instance 
#                                                                          (fF)  (ps)  (ps)   (ps)  Location 
#------------------------------------------------------------------------------------------------------------
  i_ker_cfg_valid                  -       -     R     (arrival)         1  2.1     0     0    2000    (-,-) 
  g190924/Y                        -       B->Y  F     NAND2BX4LVT       3  5.7    20    14    2014    (-,-) 
  g190912/Y                        -       A->Y  R     INVX1LVT          1  1.0    10    11    2025    (-,-) 
  g190142/Y                        -       C->Y  F     NAND3X2LVT        2  2.1    25    18    2043    (-,-) 
  g186852/Y                        -       A->Y  R     CLKINVX4LVT      24 21.6    37    25    2068    (-,-) 
  u_kernel_kernel_reg_reg[8][7]/SE -       -     R     SDFFRHQX1LVT     24    -     -     0    2068    (-,-) 
#------------------------------------------------------------------------------------------------------------

