xrun(64): 24.09-s005: (c) Copyright 1995-2025 Cadence Design Systems, Inc.
TOOL:	xrun(64)	24.09-s005: Started on Apr 21, 2026 at 22:50:23 +07
xrun
	-f filelist_pure_quat_conv2d_3x3_core_full.f
		../../00_src/half_adder_1b.sv
		../../00_src/full_adder_1b.sv
		../../00_src/cla_3b.sv
		../../00_src/cla_4b.sv
		../../00_src/adder_unsigned_6b.sv
		../../00_src/adder_signed_24b.sv
		../../00_src/adder_signed_18b.sv
		../../00_src/booth_shifted_product.sv
		../../00_src/wallace_tree.sv
		../../00_src/multiplier_booth_wallace_9core.sv
		../../00_src/tap_3x3_4lane.sv
		../../00_src/accumulator_9tap_4lane.sv
		../../00_src/two_line_buffer.sv
		../../00_src/window_generator_3x3.sv
		../../00_src/rgb_stream_in.sv
		../../00_src/kernel.sv
		../../00_src/pure_quat_conv2d_3x3_controller.sv
		../../00_src/pure_quat_conv2d_3x3_core.sv
		../../01_tb/tb_pure_quat_conv2d_3x3_core_full.sv
	+access+rw
	-sv
Recompiling... reason: file '/home/yellow/ee3165_23/test2/02_sim/xcelium.d/01_tb/tb_pure_quat_conv2d_3x3_core_full.sv' is newer than expected.
	expected: Tue Apr 21 22:48:21 2026
	actual:   Tue Apr 21 22:50:16 2026
file: ../../01_tb/tb_pure_quat_conv2d_3x3_core_full.sv
	module worklib.tb_pure_quat_conv2d_3x3_core_full:sv
		errors: 0, warnings: 0
		Caching library 'worklib' ....... Done
	Elaborating the design hierarchy:
	Top level design units:
		half_adder_1b
		tb_pure_quat_conv2d_3x3_core_full
	Building instance overlay tables: .................... Done
	Generating native compiled code:
		worklib.tb_pure_quat_conv2d_3x3_core_full:sv <0x6de51d0b>
			streams:  30, words: 53397
	Building instance specific data structures.
	Loading native compiled code:     .................... Done
	Design hierarchy summary:
		                     Instances  Unique
		Modules:                15,535      36
		Registers:              89,143     473
		Scalar wires:          137,769       -
		Expanded wires:         10,362     533
		Vectored wires:         48,218       -
		Always blocks:           4,076      21
		Initial blocks:              3       3
		Cont. assignments:      43,681     161
		Pseudo assignments:     49,125       -
		Process Clocks:          3,262       1
		Simulation timescale:      1ps
	Writing initial simulation snapshot: worklib.half_adder_1b:sv
Loading snapshot worklib.half_adder_1b:sv .................... Done
xcelium> source /home/yellow/ee3165_23/tools/eda/cadence/XCELIUM2409/tools/xcelium/files/xmsimrc
xcelium> run
--------------------------------------------------
[CASE] CHECK_KERNEL_BANK | t=110000
  ker_done=1
  k00=000000 k01=000000 k02=000000
  k10=000000 k11=010000 k12=000000
  k20=000000 k21=000000 k22=000000
[PASS] CHECK_KERNEL_BANK
--------------------------------------------------
[CASE] FIRST_TAP_REQ | t=2746000
  req_accepted=132
  req_x=3 req_y=2
  ctrl_win_valid=1 ctrl_tap_load_valid=1
[PASS] FIRST_TAP_REQ
--------------------------------------------------
[CASE] FIRST_OUTPUT | t=2896000
  out_accepted=139
  exp_s=-65 exp_i=0 exp_j=65 exp_k=-65
  obs_s=-65 obs_i=0 obs_j=65 obs_k=-65
  out_valid=1 out_latch=1 out_empty=0
[PASS] FIRST_OUTPUT
========================================
tb_pure_quat_conv2d_3x3_core_full DONE
PASS = 3
FAIL = 0
========================================
TEST PASSED
Simulation complete via $finish(1) at time 2896 NS + 0
/home/yellow/ee3165_23/test2/02_sim/xcelium.d/01_tb/tb_pure_quat_conv2d_3x3_core_full.sv:359             $finish;
xcelium> exit
TOOL:	xrun(64)	24.09-s005: Exiting on Apr 21, 2026 at 22:50:29 +07  (total: 00:00:06)
